2021-02-26 01:56:43,294 ----------------------------------------------------------------------------------------------------
2021-02-26 01:56:43,294 Model: "FlairTokenizer(
  (character_embeddings): Embedding(6568, 256)
  (embeddings): Embedding(6568, 256)
  (lstm): LSTM(256, 256, bidirectional=True)
  (hidden2tag): Linear(in_features=512, out_features=5, bias=True)
  (loss_function): NLLLoss()
)"
2021-02-26 01:56:43,294 ----------------------------------------------------------------------------------------------------
2021-02-26 01:56:43,294 Corpus: "Corpus: 184223 train + 20009 dev + 18201 test sentences"
2021-02-26 01:56:43,294 ----------------------------------------------------------------------------------------------------
2021-02-26 01:56:43,294 Parameters:
2021-02-26 01:56:43,294  - learning_rate: "0.1"
2021-02-26 01:56:43,294  - mini_batch_size: "32"
2021-02-26 01:56:43,294  - patience: "3"
2021-02-26 01:56:43,294  - anneal_factor: "0.5"
2021-02-26 01:56:43,294  - max_epochs: "10"
2021-02-26 01:56:43,294  - shuffle: "True"
2021-02-26 01:56:43,295  - train_with_dev: "False"
2021-02-26 01:56:43,295  - batch_growth_annealing: "False"
2021-02-26 01:56:43,295 ----------------------------------------------------------------------------------------------------
2021-02-26 01:56:43,295 Model training base path: "resources/taggers/bilstm256"
2021-02-26 01:56:43,295 ----------------------------------------------------------------------------------------------------
2021-02-26 01:56:43,295 Device: cuda:0
2021-02-26 01:56:43,295 ----------------------------------------------------------------------------------------------------
2021-02-26 01:56:43,295 Embeddings storage mode: cpu
2021-02-26 01:56:43,302 ----------------------------------------------------------------------------------------------------
2021-02-26 01:57:39,319 epoch 1 - iter 575/5757 - loss 0.33315176 - samples/sec: 328.69 - lr: 0.100000
2021-02-26 01:58:35,338 epoch 1 - iter 1150/5757 - loss 0.21984809 - samples/sec: 328.61 - lr: 0.100000
2021-02-26 01:59:31,136 epoch 1 - iter 1725/5757 - loss 0.17311131 - samples/sec: 329.91 - lr: 0.100000
2021-02-26 02:00:26,737 epoch 1 - iter 2300/5757 - loss 0.14712114 - samples/sec: 331.06 - lr: 0.100000
2021-02-26 02:01:29,218 epoch 1 - iter 2875/5757 - loss 0.13046146 - samples/sec: 294.59 - lr: 0.100000
2021-02-26 02:02:33,053 epoch 1 - iter 3450/5757 - loss 0.11807022 - samples/sec: 288.35 - lr: 0.100000
2021-02-26 02:03:28,660 epoch 1 - iter 4025/5757 - loss 0.10890633 - samples/sec: 331.03 - lr: 0.100000
2021-02-26 02:04:25,076 epoch 1 - iter 4600/5757 - loss 0.10140703 - samples/sec: 326.28 - lr: 0.100000
2021-02-26 02:05:20,442 epoch 1 - iter 5175/5757 - loss 0.09515247 - samples/sec: 332.47 - lr: 0.100000
2021-02-26 02:06:16,535 epoch 1 - iter 5750/5757 - loss 0.09002812 - samples/sec: 328.16 - lr: 0.100000
2021-02-26 02:06:17,202 ----------------------------------------------------------------------------------------------------
2021-02-26 02:06:17,202 EPOCH 1 done: loss 0.0900 - lr 0.1000000
2021-02-26 02:07:08,477 DEV : loss 58.98794937133789 - score 0.1037
2021-02-26 02:07:08,493 BAD EPOCHS (no improvement): 0
2021-02-26 02:07:08,664 ----------------------------------------------------------------------------------------------------
2021-02-26 02:08:03,934 epoch 2 - iter 575/5757 - loss 0.04190136 - samples/sec: 333.12 - lr: 0.100000
2021-02-26 02:08:59,755 epoch 2 - iter 1150/5757 - loss 0.04152881 - samples/sec: 329.77 - lr: 0.100000
2021-02-26 02:09:55,769 epoch 2 - iter 1725/5757 - loss 0.04091500 - samples/sec: 328.62 - lr: 0.100000
2021-02-26 02:10:52,431 epoch 2 - iter 2300/5757 - loss 0.04012386 - samples/sec: 324.86 - lr: 0.100000
2021-02-26 02:11:48,335 epoch 2 - iter 2875/5757 - loss 0.03950471 - samples/sec: 329.28 - lr: 0.100000
2021-02-26 02:12:44,572 epoch 2 - iter 3450/5757 - loss 0.03904575 - samples/sec: 327.32 - lr: 0.100000
2021-02-26 02:13:39,478 epoch 2 - iter 4025/5757 - loss 0.03871873 - samples/sec: 335.25 - lr: 0.100000
2021-02-26 02:14:35,858 epoch 2 - iter 4600/5757 - loss 0.03823437 - samples/sec: 326.50 - lr: 0.100000
2021-02-26 02:15:31,810 epoch 2 - iter 5175/5757 - loss 0.03760902 - samples/sec: 328.98 - lr: 0.100000
2021-02-26 02:16:42,333 epoch 2 - iter 5750/5757 - loss 0.03708527 - samples/sec: 261.00 - lr: 0.100000
2021-02-26 02:16:43,178 ----------------------------------------------------------------------------------------------------
2021-02-26 02:16:43,178 EPOCH 2 done: loss 0.0371 - lr 0.1000000
2021-02-26 02:17:53,456 DEV : loss 46.56855392456055 - score 0.1043
2021-02-26 02:17:53,471 BAD EPOCHS (no improvement): 0
2021-02-26 02:17:53,662 ----------------------------------------------------------------------------------------------------
2021-02-26 02:18:55,217 epoch 3 - iter 575/5757 - loss 0.03206285 - samples/sec: 299.09 - lr: 0.100000
2021-02-26 02:19:50,201 epoch 3 - iter 1150/5757 - loss 0.03180986 - samples/sec: 334.79 - lr: 0.100000
2021-02-26 02:20:49,038 epoch 3 - iter 1725/5757 - loss 0.03144677 - samples/sec: 312.85 - lr: 0.100000
2021-02-26 02:21:58,768 epoch 3 - iter 2300/5757 - loss 0.03102088 - samples/sec: 263.96 - lr: 0.100000
2021-02-26 02:22:54,667 epoch 3 - iter 2875/5757 - loss 0.03093816 - samples/sec: 329.30 - lr: 0.100000
2021-02-26 02:23:50,329 epoch 3 - iter 3450/5757 - loss 0.03058858 - samples/sec: 330.71 - lr: 0.100000
2021-02-26 02:25:02,115 epoch 3 - iter 4025/5757 - loss 0.03042420 - samples/sec: 256.40 - lr: 0.100000
2021-02-26 02:26:02,800 epoch 3 - iter 4600/5757 - loss 0.03025202 - samples/sec: 303.33 - lr: 0.100000
2021-02-26 02:26:59,654 epoch 3 - iter 5175/5757 - loss 0.03004311 - samples/sec: 323.77 - lr: 0.100000
2021-02-26 02:28:10,227 epoch 3 - iter 5750/5757 - loss 0.02987042 - samples/sec: 260.81 - lr: 0.100000
2021-02-26 02:28:11,019 ----------------------------------------------------------------------------------------------------
2021-02-26 02:28:11,019 EPOCH 3 done: loss 0.0299 - lr 0.1000000
2021-02-26 02:29:21,096 DEV : loss 40.115013122558594 - score 0.1042
2021-02-26 02:29:21,110 BAD EPOCHS (no improvement): 1
2021-02-26 02:29:21,115 ----------------------------------------------------------------------------------------------------
2021-02-26 02:30:35,492 epoch 4 - iter 575/5757 - loss 0.02813638 - samples/sec: 247.51 - lr: 0.100000
2021-02-26 02:31:50,413 epoch 4 - iter 1150/5757 - loss 0.02763582 - samples/sec: 245.67 - lr: 0.100000
2021-02-26 02:32:55,202 epoch 4 - iter 1725/5757 - loss 0.02746648 - samples/sec: 284.10 - lr: 0.100000
2021-02-26 02:34:01,061 epoch 4 - iter 2300/5757 - loss 0.02710778 - samples/sec: 279.49 - lr: 0.100000
2021-02-26 02:35:15,384 epoch 4 - iter 2875/5757 - loss 0.02657754 - samples/sec: 247.65 - lr: 0.100000
2021-02-26 02:36:20,857 epoch 4 - iter 3450/5757 - loss 0.02636114 - samples/sec: 281.13 - lr: 0.100000
2021-02-26 02:37:33,518 epoch 4 - iter 4025/5757 - loss 0.02619834 - samples/sec: 253.31 - lr: 0.100000
2021-02-26 02:38:47,425 epoch 4 - iter 4600/5757 - loss 0.02608802 - samples/sec: 249.05 - lr: 0.100000
2021-02-26 02:39:51,451 epoch 4 - iter 5175/5757 - loss 0.02591582 - samples/sec: 287.49 - lr: 0.100000
2021-02-26 02:40:46,588 epoch 4 - iter 5750/5757 - loss 0.02576523 - samples/sec: 333.85 - lr: 0.100000
2021-02-26 02:40:47,229 ----------------------------------------------------------------------------------------------------
2021-02-26 02:40:47,229 EPOCH 4 done: loss 0.0258 - lr 0.1000000
2021-02-26 02:41:38,566 DEV : loss 35.915348052978516 - score 0.1043
2021-02-26 02:41:38,581 BAD EPOCHS (no improvement): 2
2021-02-26 02:41:38,587 ----------------------------------------------------------------------------------------------------
2021-02-26 02:42:34,744 epoch 5 - iter 575/5757 - loss 0.02425600 - samples/sec: 327.86 - lr: 0.100000
2021-02-26 02:43:31,133 epoch 5 - iter 1150/5757 - loss 0.02401766 - samples/sec: 326.44 - lr: 0.100000
2021-02-26 02:44:26,756 epoch 5 - iter 1725/5757 - loss 0.02372083 - samples/sec: 330.93 - lr: 0.100000
2021-02-26 02:45:21,944 epoch 5 - iter 2300/5757 - loss 0.02355212 - samples/sec: 333.55 - lr: 0.100000
2021-02-26 02:46:20,732 epoch 5 - iter 2875/5757 - loss 0.02328721 - samples/sec: 313.11 - lr: 0.100000
2021-02-26 02:47:16,574 epoch 5 - iter 3450/5757 - loss 0.02333663 - samples/sec: 329.64 - lr: 0.100000
2021-02-26 02:48:28,338 epoch 5 - iter 4025/5757 - loss 0.02329945 - samples/sec: 256.48 - lr: 0.100000
2021-02-26 02:49:43,292 epoch 5 - iter 4600/5757 - loss 0.02320951 - samples/sec: 245.56 - lr: 0.100000
2021-02-26 02:50:57,541 epoch 5 - iter 5175/5757 - loss 0.02305310 - samples/sec: 247.90 - lr: 0.100000
2021-02-26 02:52:12,226 epoch 5 - iter 5750/5757 - loss 0.02287313 - samples/sec: 246.45 - lr: 0.100000
2021-02-26 02:52:13,017 ----------------------------------------------------------------------------------------------------
2021-02-26 02:52:13,017 EPOCH 5 done: loss 0.0229 - lr 0.1000000
2021-02-26 02:53:22,996 DEV : loss 32.8282356262207 - score 0.1041
2021-02-26 02:53:23,011 BAD EPOCHS (no improvement): 3
2021-02-26 02:53:23,016 ----------------------------------------------------------------------------------------------------
2021-02-26 02:54:38,213 epoch 6 - iter 575/5757 - loss 0.02144421 - samples/sec: 244.81 - lr: 0.100000
2021-02-26 02:55:52,969 epoch 6 - iter 1150/5757 - loss 0.02110117 - samples/sec: 246.21 - lr: 0.100000
2021-02-26 02:57:07,803 epoch 6 - iter 1725/5757 - loss 0.02058669 - samples/sec: 245.96 - lr: 0.100000
2021-02-26 02:58:19,033 epoch 6 - iter 2300/5757 - loss 0.02074800 - samples/sec: 258.40 - lr: 0.100000
2021-02-26 02:59:15,388 epoch 6 - iter 2875/5757 - loss 0.02074794 - samples/sec: 326.64 - lr: 0.100000
2021-02-26 03:00:10,932 epoch 6 - iter 3450/5757 - loss 0.02075114 - samples/sec: 331.40 - lr: 0.100000
2021-02-26 03:01:06,859 epoch 6 - iter 4025/5757 - loss 0.02077552 - samples/sec: 329.13 - lr: 0.100000
2021-02-26 03:02:03,299 epoch 6 - iter 4600/5757 - loss 0.02088547 - samples/sec: 326.14 - lr: 0.100000
2021-02-26 03:03:18,333 epoch 6 - iter 5175/5757 - loss 0.02075696 - samples/sec: 245.31 - lr: 0.100000
2021-02-26 03:04:24,578 epoch 6 - iter 5750/5757 - loss 0.02072633 - samples/sec: 277.86 - lr: 0.100000
2021-02-26 03:04:25,285 ----------------------------------------------------------------------------------------------------
2021-02-26 03:04:25,285 EPOCH 6 done: loss 0.0207 - lr 0.1000000
2021-02-26 03:05:16,652 DEV : loss 30.722742080688477 - score 0.1043
2021-02-26 03:05:16,666 BAD EPOCHS (no improvement): 4
2021-02-26 03:05:16,694 ----------------------------------------------------------------------------------------------------
2021-02-26 03:06:12,570 epoch 7 - iter 575/5757 - loss 0.02024099 - samples/sec: 329.50 - lr: 0.050000
2021-02-26 03:07:08,704 epoch 7 - iter 1150/5757 - loss 0.02012867 - samples/sec: 327.92 - lr: 0.050000
2021-02-26 03:08:16,327 epoch 7 - iter 1725/5757 - loss 0.01981333 - samples/sec: 272.19 - lr: 0.050000
2021-02-26 03:09:11,403 epoch 7 - iter 2300/5757 - loss 0.01980967 - samples/sec: 334.23 - lr: 0.050000
2021-02-26 03:10:07,753 epoch 7 - iter 2875/5757 - loss 0.01972689 - samples/sec: 326.65 - lr: 0.050000
2021-02-26 03:11:03,803 epoch 7 - iter 3450/5757 - loss 0.01957844 - samples/sec: 328.41 - lr: 0.050000
2021-02-26 03:11:59,642 epoch 7 - iter 4025/5757 - loss 0.01957524 - samples/sec: 329.65 - lr: 0.050000
2021-02-26 03:13:01,673 epoch 7 - iter 4600/5757 - loss 0.01961361 - samples/sec: 296.74 - lr: 0.050000
2021-02-26 03:13:57,359 epoch 7 - iter 5175/5757 - loss 0.01946588 - samples/sec: 330.56 - lr: 0.050000
2021-02-26 03:14:53,537 epoch 7 - iter 5750/5757 - loss 0.01940811 - samples/sec: 327.68 - lr: 0.050000
2021-02-26 03:14:54,229 ----------------------------------------------------------------------------------------------------
2021-02-26 03:14:54,229 EPOCH 7 done: loss 0.0194 - lr 0.0500000
2021-02-26 03:15:45,355 DEV : loss 29.511234283447266 - score 0.1045
2021-02-26 03:15:45,370 BAD EPOCHS (no improvement): 0
2021-02-26 03:15:45,512 ----------------------------------------------------------------------------------------------------
2021-02-26 03:16:41,957 epoch 8 - iter 575/5757 - loss 0.01903016 - samples/sec: 326.18 - lr: 0.050000
2021-02-26 03:17:52,581 epoch 8 - iter 1150/5757 - loss 0.01874217 - samples/sec: 260.62 - lr: 0.050000
2021-02-26 03:19:07,209 epoch 8 - iter 1725/5757 - loss 0.01888984 - samples/sec: 246.63 - lr: 0.050000
2021-02-26 03:20:09,366 epoch 8 - iter 2300/5757 - loss 0.01895033 - samples/sec: 296.14 - lr: 0.050000
2021-02-26 03:21:16,029 epoch 8 - iter 2875/5757 - loss 0.01894064 - samples/sec: 276.12 - lr: 0.050000
2021-02-26 03:22:11,603 epoch 8 - iter 3450/5757 - loss 0.01892197 - samples/sec: 331.23 - lr: 0.050000
2021-02-26 03:23:07,400 epoch 8 - iter 4025/5757 - loss 0.01884391 - samples/sec: 329.90 - lr: 0.050000
2021-02-26 03:24:03,115 epoch 8 - iter 4600/5757 - loss 0.01881817 - samples/sec: 330.38 - lr: 0.050000
2021-02-26 03:24:59,446 epoch 8 - iter 5175/5757 - loss 0.01871700 - samples/sec: 326.77 - lr: 0.050000
2021-02-26 03:25:55,719 epoch 8 - iter 5750/5757 - loss 0.01864665 - samples/sec: 327.11 - lr: 0.050000
2021-02-26 03:25:56,416 ----------------------------------------------------------------------------------------------------
2021-02-26 03:25:56,416 EPOCH 8 done: loss 0.0186 - lr 0.0500000
2021-02-26 03:26:47,771 DEV : loss 28.476566314697266 - score 0.1046
2021-02-26 03:26:47,785 BAD EPOCHS (no improvement): 0
2021-02-26 03:26:47,981 ----------------------------------------------------------------------------------------------------
2021-02-26 03:27:44,378 epoch 9 - iter 575/5757 - loss 0.01822654 - samples/sec: 326.45 - lr: 0.050000
2021-02-26 03:28:46,711 epoch 9 - iter 1150/5757 - loss 0.01813529 - samples/sec: 295.30 - lr: 0.050000
2021-02-26 03:29:59,993 epoch 9 - iter 1725/5757 - loss 0.01809042 - samples/sec: 251.17 - lr: 0.050000
2021-02-26 03:31:15,211 epoch 9 - iter 2300/5757 - loss 0.01828620 - samples/sec: 244.70 - lr: 0.050000
2021-02-26 03:32:21,993 epoch 9 - iter 2875/5757 - loss 0.01819443 - samples/sec: 275.62 - lr: 0.050000
2021-02-26 03:33:29,719 epoch 9 - iter 3450/5757 - loss 0.01825210 - samples/sec: 271.77 - lr: 0.050000
2021-02-26 03:34:29,086 epoch 9 - iter 4025/5757 - loss 0.01816556 - samples/sec: 310.06 - lr: 0.050000
2021-02-26 03:35:24,711 epoch 9 - iter 4600/5757 - loss 0.01810195 - samples/sec: 330.93 - lr: 0.050000
2021-02-26 03:36:20,945 epoch 9 - iter 5175/5757 - loss 0.01802682 - samples/sec: 327.34 - lr: 0.050000
2021-02-26 03:37:26,807 epoch 9 - iter 5750/5757 - loss 0.01793669 - samples/sec: 279.47 - lr: 0.050000
2021-02-26 03:37:27,694 ----------------------------------------------------------------------------------------------------
2021-02-26 03:37:27,694 EPOCH 9 done: loss 0.0179 - lr 0.0500000
2021-02-26 03:38:37,897 DEV : loss 27.747291564941406 - score 0.1046
2021-02-26 03:38:37,911 BAD EPOCHS (no improvement): 1
2021-02-26 03:38:37,918 ----------------------------------------------------------------------------------------------------
2021-02-26 03:39:39,759 epoch 10 - iter 575/5757 - loss 0.01729468 - samples/sec: 297.70 - lr: 0.050000
2021-02-26 03:40:36,419 epoch 10 - iter 1150/5757 - loss 0.01745667 - samples/sec: 324.88 - lr: 0.050000
2021-02-26 03:41:34,253 epoch 10 - iter 1725/5757 - loss 0.01725706 - samples/sec: 318.28 - lr: 0.050000
2021-02-26 03:42:30,051 epoch 10 - iter 2300/5757 - loss 0.01735423 - samples/sec: 329.90 - lr: 0.050000
2021-02-26 03:43:26,506 epoch 10 - iter 2875/5757 - loss 0.01733189 - samples/sec: 326.05 - lr: 0.050000
2021-02-26 03:44:22,028 epoch 10 - iter 3450/5757 - loss 0.01730156 - samples/sec: 331.54 - lr: 0.050000
2021-02-26 03:45:17,664 epoch 10 - iter 4025/5757 - loss 0.01744251 - samples/sec: 330.86 - lr: 0.050000
2021-02-26 03:46:13,825 epoch 10 - iter 4600/5757 - loss 0.01745111 - samples/sec: 327.76 - lr: 0.050000
2021-02-26 03:47:09,924 epoch 10 - iter 5175/5757 - loss 0.01741113 - samples/sec: 328.13 - lr: 0.050000
2021-02-26 03:48:06,479 epoch 10 - iter 5750/5757 - loss 0.01730723 - samples/sec: 325.48 - lr: 0.050000
2021-02-26 03:48:07,193 ----------------------------------------------------------------------------------------------------
2021-02-26 03:48:07,194 EPOCH 10 done: loss 0.0173 - lr 0.0500000
2021-02-26 03:48:58,219 DEV : loss 26.903268814086914 - score 0.1046
2021-02-26 03:48:58,233 BAD EPOCHS (no improvement): 0
2021-02-26 03:48:58,475 ----------------------------------------------------------------------------------------------------
2021-02-26 03:48:58,475 Testing using best model ...
2021-02-26 03:48:58,476 loading file resources/taggers/bilstm256/best-model.pt
2021-02-26 03:49:44,314 	0.10461247746213499
2021-02-26 03:49:44,314 
Results:
- F1-score : 0.10468025056698678
- Precision-score : 0.10476531000663647
- Recall-score : 0.10461247746213499
2021-02-26 03:49:44,314 ----------------------------------------------------------------------------------------------------
