2021-03-08 20:16:47,067 ----------------------------------------------------------------------------------------------------
2021-03-08 20:16:47,068 Model: "FlairTokenizer(
  (character_embeddings): Embedding(6568, 256)
  (embeddings): Embedding(6568, 256)
  (lstm): LSTM(256, 128, bidirectional=True)
  (hidden2tag): Linear(in_features=256, out_features=5, bias=True)
  (loss_function): NLLLoss()
)"
2021-03-08 20:16:47,068 ----------------------------------------------------------------------------------------------------
2021-03-08 20:16:47,068 Corpus: "Corpus: 184223 train + 20009 dev + 18201 test sentences"
2021-03-08 20:16:47,068 ----------------------------------------------------------------------------------------------------
2021-03-08 20:16:47,068 Parameters:
2021-03-08 20:16:47,068  - learning_rate: "0.1"
2021-03-08 20:16:47,068  - mini_batch_size: "32"
2021-03-08 20:16:47,068  - patience: "3"
2021-03-08 20:16:47,068  - anneal_factor: "0.5"
2021-03-08 20:16:47,068  - max_epochs: "30"
2021-03-08 20:16:47,068  - shuffle: "True"
2021-03-08 20:16:47,068  - train_with_dev: "False"
2021-03-08 20:16:47,068  - batch_growth_annealing: "False"
2021-03-08 20:16:47,068 ----------------------------------------------------------------------------------------------------
2021-03-08 20:16:47,068 Model training base path: "resources/taggers/1_h128"
2021-03-08 20:16:47,068 ----------------------------------------------------------------------------------------------------
2021-03-08 20:16:47,068 Device: cuda:0
2021-03-08 20:16:47,068 ----------------------------------------------------------------------------------------------------
2021-03-08 20:16:47,068 Embeddings storage mode: cpu
2021-03-08 20:16:47,100 ----------------------------------------------------------------------------------------------------
2021-03-08 20:17:37,740 epoch 1 - iter 575/5757 - loss 0.37838311 - samples/sec: 363.55 - lr: 0.100000
2021-03-08 20:18:28,371 epoch 1 - iter 1150/5757 - loss 0.24987082 - samples/sec: 363.54 - lr: 0.100000
2021-03-08 20:19:18,812 epoch 1 - iter 1725/5757 - loss 0.19465206 - samples/sec: 364.91 - lr: 0.100000
2021-03-08 20:20:09,113 epoch 1 - iter 2300/5757 - loss 0.16397152 - samples/sec: 365.93 - lr: 0.100000
2021-03-08 20:20:59,251 epoch 1 - iter 2875/5757 - loss 0.14431160 - samples/sec: 367.12 - lr: 0.100000
2021-03-08 20:21:49,570 epoch 1 - iter 3450/5757 - loss 0.12991566 - samples/sec: 365.80 - lr: 0.100000
2021-03-08 20:22:39,921 epoch 1 - iter 4025/5757 - loss 0.11923985 - samples/sec: 365.56 - lr: 0.100000
2021-03-08 20:23:30,707 epoch 1 - iter 4600/5757 - loss 0.11033846 - samples/sec: 362.43 - lr: 0.100000
2021-03-08 20:24:21,408 epoch 1 - iter 5175/5757 - loss 0.10339601 - samples/sec: 363.04 - lr: 0.100000
2021-03-08 20:25:11,656 epoch 1 - iter 5750/5757 - loss 0.09776942 - samples/sec: 366.32 - lr: 0.100000
2021-03-08 20:25:12,442 ----------------------------------------------------------------------------------------------------
2021-03-08 20:25:12,442 EPOCH 1 done: loss 0.0977 - lr 0.1000000
2021-03-08 20:26:00,799 DEV : loss 63.396236419677734 - score 0.1033
2021-03-08 20:26:00,813 BAD EPOCHS (no improvement): 0
2021-03-08 20:26:01,066 ----------------------------------------------------------------------------------------------------
2021-03-08 20:26:51,775 epoch 2 - iter 575/5757 - loss 0.04467357 - samples/sec: 363.06 - lr: 0.100000
2021-03-08 20:27:41,618 epoch 2 - iter 1150/5757 - loss 0.04268365 - samples/sec: 369.29 - lr: 0.100000
2021-03-08 20:28:32,297 epoch 2 - iter 1725/5757 - loss 0.04169497 - samples/sec: 363.20 - lr: 0.100000
2021-03-08 20:29:22,891 epoch 2 - iter 2300/5757 - loss 0.04068074 - samples/sec: 363.81 - lr: 0.100000
2021-03-08 20:30:12,922 epoch 2 - iter 2875/5757 - loss 0.03987937 - samples/sec: 367.90 - lr: 0.100000
2021-03-08 20:31:03,444 epoch 2 - iter 3450/5757 - loss 0.03937046 - samples/sec: 364.33 - lr: 0.100000
2021-03-08 20:31:53,843 epoch 2 - iter 4025/5757 - loss 0.03878302 - samples/sec: 365.22 - lr: 0.100000
2021-03-08 20:32:44,025 epoch 2 - iter 4600/5757 - loss 0.03812162 - samples/sec: 366.80 - lr: 0.100000
2021-03-08 20:33:34,574 epoch 2 - iter 5175/5757 - loss 0.03753343 - samples/sec: 364.13 - lr: 0.100000
2021-03-08 20:34:25,311 epoch 2 - iter 5750/5757 - loss 0.03708466 - samples/sec: 362.78 - lr: 0.100000
2021-03-08 20:34:25,937 ----------------------------------------------------------------------------------------------------
2021-03-08 20:34:25,937 EPOCH 2 done: loss 0.0371 - lr 0.1000000
2021-03-08 20:35:14,374 DEV : loss 45.85300827026367 - score 0.1039
2021-03-08 20:35:14,387 BAD EPOCHS (no improvement): 0
2021-03-08 20:35:14,552 ----------------------------------------------------------------------------------------------------
2021-03-08 20:36:05,073 epoch 3 - iter 575/5757 - loss 0.03218894 - samples/sec: 364.41 - lr: 0.100000
2021-03-08 20:36:56,002 epoch 3 - iter 1150/5757 - loss 0.03225920 - samples/sec: 361.42 - lr: 0.100000
2021-03-08 20:37:46,222 epoch 3 - iter 1725/5757 - loss 0.03158303 - samples/sec: 366.52 - lr: 0.100000
2021-03-08 20:38:37,074 epoch 3 - iter 2300/5757 - loss 0.03132234 - samples/sec: 361.96 - lr: 0.100000
2021-03-08 20:39:27,651 epoch 3 - iter 2875/5757 - loss 0.03099148 - samples/sec: 363.93 - lr: 0.100000
2021-03-08 20:40:18,596 epoch 3 - iter 3450/5757 - loss 0.03047732 - samples/sec: 361.30 - lr: 0.100000
2021-03-08 20:41:08,856 epoch 3 - iter 4025/5757 - loss 0.03015834 - samples/sec: 366.23 - lr: 0.100000
2021-03-08 20:41:58,534 epoch 3 - iter 4600/5757 - loss 0.02996509 - samples/sec: 370.52 - lr: 0.100000
2021-03-08 20:42:48,791 epoch 3 - iter 5175/5757 - loss 0.02965371 - samples/sec: 366.25 - lr: 0.100000
2021-03-08 20:43:39,339 epoch 3 - iter 5750/5757 - loss 0.02953852 - samples/sec: 364.14 - lr: 0.100000
2021-03-08 20:43:39,892 ----------------------------------------------------------------------------------------------------
2021-03-08 20:43:39,892 EPOCH 3 done: loss 0.0295 - lr 0.1000000
2021-03-08 20:44:28,213 DEV : loss 39.72528076171875 - score 0.1037
2021-03-08 20:44:28,226 BAD EPOCHS (no improvement): 1
2021-03-08 20:44:28,232 ----------------------------------------------------------------------------------------------------
2021-03-08 20:45:18,388 epoch 4 - iter 575/5757 - loss 0.02735498 - samples/sec: 367.06 - lr: 0.100000
2021-03-08 20:46:08,896 epoch 4 - iter 1150/5757 - loss 0.02774109 - samples/sec: 364.43 - lr: 0.100000
2021-03-08 20:46:59,268 epoch 4 - iter 1725/5757 - loss 0.02705643 - samples/sec: 365.41 - lr: 0.100000
2021-03-08 20:47:49,178 epoch 4 - iter 2300/5757 - loss 0.02676468 - samples/sec: 368.79 - lr: 0.100000
2021-03-08 20:48:40,044 epoch 4 - iter 2875/5757 - loss 0.02645518 - samples/sec: 361.86 - lr: 0.100000
2021-03-08 20:49:30,697 epoch 4 - iter 3450/5757 - loss 0.02637026 - samples/sec: 363.38 - lr: 0.100000
2021-03-08 20:50:21,743 epoch 4 - iter 4025/5757 - loss 0.02617889 - samples/sec: 360.59 - lr: 0.100000
2021-03-08 20:51:12,375 epoch 4 - iter 4600/5757 - loss 0.02600169 - samples/sec: 363.54 - lr: 0.100000
2021-03-08 20:52:02,475 epoch 4 - iter 5175/5757 - loss 0.02584505 - samples/sec: 367.39 - lr: 0.100000
2021-03-08 20:52:53,099 epoch 4 - iter 5750/5757 - loss 0.02556569 - samples/sec: 363.59 - lr: 0.100000
2021-03-08 20:52:53,706 ----------------------------------------------------------------------------------------------------
2021-03-08 20:52:53,706 EPOCH 4 done: loss 0.0256 - lr 0.1000000
2021-03-08 20:53:41,794 DEV : loss 36.080360412597656 - score 0.1044
2021-03-08 20:53:41,807 BAD EPOCHS (no improvement): 0
2021-03-08 20:53:41,979 ----------------------------------------------------------------------------------------------------
2021-03-08 20:54:32,663 epoch 5 - iter 575/5757 - loss 0.02461022 - samples/sec: 363.24 - lr: 0.100000
2021-03-08 20:55:22,579 epoch 5 - iter 1150/5757 - loss 0.02391840 - samples/sec: 368.75 - lr: 0.100000
2021-03-08 20:56:12,928 epoch 5 - iter 1725/5757 - loss 0.02383703 - samples/sec: 365.58 - lr: 0.100000
2021-03-08 20:57:03,420 epoch 5 - iter 2300/5757 - loss 0.02357383 - samples/sec: 364.55 - lr: 0.100000
2021-03-08 20:57:53,739 epoch 5 - iter 2875/5757 - loss 0.02334072 - samples/sec: 365.79 - lr: 0.100000
2021-03-08 20:58:44,212 epoch 5 - iter 3450/5757 - loss 0.02323847 - samples/sec: 364.68 - lr: 0.100000
2021-03-08 20:59:34,662 epoch 5 - iter 4025/5757 - loss 0.02317968 - samples/sec: 364.84 - lr: 0.100000
2021-03-08 21:00:25,188 epoch 5 - iter 4600/5757 - loss 0.02301513 - samples/sec: 364.30 - lr: 0.100000
2021-03-08 21:01:16,069 epoch 5 - iter 5175/5757 - loss 0.02297549 - samples/sec: 361.76 - lr: 0.100000
2021-03-08 21:02:06,644 epoch 5 - iter 5750/5757 - loss 0.02286872 - samples/sec: 363.94 - lr: 0.100000
2021-03-08 21:02:07,257 ----------------------------------------------------------------------------------------------------
2021-03-08 21:02:07,257 EPOCH 5 done: loss 0.0229 - lr 0.1000000
2021-03-08 21:02:55,510 DEV : loss 33.03520965576172 - score 0.1044
2021-03-08 21:02:55,524 BAD EPOCHS (no improvement): 1
2021-03-08 21:02:55,543 ----------------------------------------------------------------------------------------------------
2021-03-08 21:03:46,064 epoch 6 - iter 575/5757 - loss 0.02260353 - samples/sec: 364.41 - lr: 0.100000
2021-03-08 21:04:36,769 epoch 6 - iter 1150/5757 - loss 0.02208735 - samples/sec: 363.01 - lr: 0.100000
2021-03-08 21:05:27,530 epoch 6 - iter 1725/5757 - loss 0.02177286 - samples/sec: 362.61 - lr: 0.100000
2021-03-08 21:06:18,126 epoch 6 - iter 2300/5757 - loss 0.02139659 - samples/sec: 363.80 - lr: 0.100000
2021-03-08 21:07:08,958 epoch 6 - iter 2875/5757 - loss 0.02122390 - samples/sec: 362.11 - lr: 0.100000
2021-03-08 21:07:59,048 epoch 6 - iter 3450/5757 - loss 0.02124116 - samples/sec: 367.47 - lr: 0.100000
2021-03-08 21:08:49,330 epoch 6 - iter 4025/5757 - loss 0.02111722 - samples/sec: 366.06 - lr: 0.100000
2021-03-08 21:09:39,615 epoch 6 - iter 4600/5757 - loss 0.02104784 - samples/sec: 366.05 - lr: 0.100000
2021-03-08 21:10:29,973 epoch 6 - iter 5175/5757 - loss 0.02098043 - samples/sec: 365.51 - lr: 0.100000
2021-03-08 21:11:20,322 epoch 6 - iter 5750/5757 - loss 0.02091060 - samples/sec: 365.58 - lr: 0.100000
2021-03-08 21:11:20,937 ----------------------------------------------------------------------------------------------------
2021-03-08 21:11:20,937 EPOCH 6 done: loss 0.0209 - lr 0.1000000
2021-03-08 21:12:09,215 DEV : loss 30.831279754638672 - score 0.1043
2021-03-08 21:12:09,229 BAD EPOCHS (no improvement): 2
2021-03-08 21:12:09,294 ----------------------------------------------------------------------------------------------------
2021-03-08 21:13:00,208 epoch 7 - iter 575/5757 - loss 0.01951242 - samples/sec: 361.60 - lr: 0.100000
2021-03-08 21:13:50,214 epoch 7 - iter 1150/5757 - loss 0.01971671 - samples/sec: 368.09 - lr: 0.100000
2021-03-08 21:14:40,927 epoch 7 - iter 1725/5757 - loss 0.01971055 - samples/sec: 362.95 - lr: 0.100000
2021-03-08 21:15:31,677 epoch 7 - iter 2300/5757 - loss 0.01950169 - samples/sec: 362.69 - lr: 0.100000
2021-03-08 21:16:22,409 epoch 7 - iter 2875/5757 - loss 0.01959751 - samples/sec: 362.82 - lr: 0.100000
2021-03-08 21:17:12,478 epoch 7 - iter 3450/5757 - loss 0.01952576 - samples/sec: 367.63 - lr: 0.100000
2021-03-08 21:18:03,141 epoch 7 - iter 4025/5757 - loss 0.01948697 - samples/sec: 363.32 - lr: 0.100000
2021-03-08 21:18:53,515 epoch 7 - iter 4600/5757 - loss 0.01941828 - samples/sec: 365.39 - lr: 0.100000
2021-03-08 21:19:43,745 epoch 7 - iter 5175/5757 - loss 0.01933005 - samples/sec: 366.45 - lr: 0.100000
2021-03-08 21:20:34,329 epoch 7 - iter 5750/5757 - loss 0.01929234 - samples/sec: 363.88 - lr: 0.100000
2021-03-08 21:20:34,905 ----------------------------------------------------------------------------------------------------
2021-03-08 21:20:34,905 EPOCH 7 done: loss 0.0193 - lr 0.1000000
2021-03-08 21:21:23,350 DEV : loss 29.19478988647461 - score 0.1043
2021-03-08 21:21:23,364 BAD EPOCHS (no improvement): 3
2021-03-08 21:21:23,374 ----------------------------------------------------------------------------------------------------
2021-03-08 21:22:14,058 epoch 8 - iter 575/5757 - loss 0.01885617 - samples/sec: 363.24 - lr: 0.100000
2021-03-08 21:23:04,478 epoch 8 - iter 1150/5757 - loss 0.01847932 - samples/sec: 365.07 - lr: 0.100000
2021-03-08 21:23:55,085 epoch 8 - iter 1725/5757 - loss 0.01828197 - samples/sec: 363.71 - lr: 0.100000
2021-03-08 21:24:45,563 epoch 8 - iter 2300/5757 - loss 0.01840679 - samples/sec: 364.64 - lr: 0.100000
2021-03-08 21:25:36,064 epoch 8 - iter 2875/5757 - loss 0.01825493 - samples/sec: 364.48 - lr: 0.100000
2021-03-08 21:26:26,231 epoch 8 - iter 3450/5757 - loss 0.01812918 - samples/sec: 366.90 - lr: 0.100000
2021-03-08 21:27:16,594 epoch 8 - iter 4025/5757 - loss 0.01811684 - samples/sec: 365.48 - lr: 0.100000
2021-03-08 21:28:07,034 epoch 8 - iter 4600/5757 - loss 0.01802936 - samples/sec: 364.92 - lr: 0.100000
2021-03-08 21:28:57,231 epoch 8 - iter 5175/5757 - loss 0.01808437 - samples/sec: 366.69 - lr: 0.100000
2021-03-08 21:29:47,395 epoch 8 - iter 5750/5757 - loss 0.01800210 - samples/sec: 366.93 - lr: 0.100000
2021-03-08 21:29:47,966 ----------------------------------------------------------------------------------------------------
2021-03-08 21:29:47,966 EPOCH 8 done: loss 0.0180 - lr 0.1000000
2021-03-08 21:30:36,389 DEV : loss 27.535045623779297 - score 0.1043
2021-03-08 21:30:36,402 BAD EPOCHS (no improvement): 4
2021-03-08 21:30:36,410 ----------------------------------------------------------------------------------------------------
2021-03-08 21:31:27,583 epoch 9 - iter 575/5757 - loss 0.01716193 - samples/sec: 359.77 - lr: 0.050000
2021-03-08 21:32:17,755 epoch 9 - iter 1150/5757 - loss 0.01730126 - samples/sec: 366.87 - lr: 0.050000
2021-03-08 21:33:07,860 epoch 9 - iter 1725/5757 - loss 0.01721622 - samples/sec: 367.36 - lr: 0.050000
2021-03-08 21:33:58,213 epoch 9 - iter 2300/5757 - loss 0.01708438 - samples/sec: 365.55 - lr: 0.050000
2021-03-08 21:34:48,985 epoch 9 - iter 2875/5757 - loss 0.01701744 - samples/sec: 362.53 - lr: 0.050000
2021-03-08 21:35:39,531 epoch 9 - iter 3450/5757 - loss 0.01713725 - samples/sec: 364.16 - lr: 0.050000
2021-03-08 21:36:29,659 epoch 9 - iter 4025/5757 - loss 0.01707475 - samples/sec: 367.19 - lr: 0.050000
2021-03-08 21:37:20,231 epoch 9 - iter 4600/5757 - loss 0.01707967 - samples/sec: 363.97 - lr: 0.050000
2021-03-08 21:38:10,762 epoch 9 - iter 5175/5757 - loss 0.01700506 - samples/sec: 364.27 - lr: 0.050000
2021-03-08 21:39:00,829 epoch 9 - iter 5750/5757 - loss 0.01700829 - samples/sec: 367.64 - lr: 0.050000
2021-03-08 21:39:01,650 ----------------------------------------------------------------------------------------------------
2021-03-08 21:39:01,650 EPOCH 9 done: loss 0.0170 - lr 0.0500000
2021-03-08 21:39:50,094 DEV : loss 26.763277053833008 - score 0.1044
2021-03-08 21:39:50,108 BAD EPOCHS (no improvement): 0
2021-03-08 21:39:50,305 ----------------------------------------------------------------------------------------------------
2021-03-08 21:40:40,687 epoch 10 - iter 575/5757 - loss 0.01593994 - samples/sec: 365.43 - lr: 0.050000
2021-03-08 21:41:31,679 epoch 10 - iter 1150/5757 - loss 0.01629624 - samples/sec: 360.97 - lr: 0.050000
2021-03-08 21:42:21,655 epoch 10 - iter 1725/5757 - loss 0.01638608 - samples/sec: 368.31 - lr: 0.050000
2021-03-08 21:43:12,301 epoch 10 - iter 2300/5757 - loss 0.01643320 - samples/sec: 363.44 - lr: 0.050000
2021-03-08 21:44:02,874 epoch 10 - iter 2875/5757 - loss 0.01638148 - samples/sec: 363.96 - lr: 0.050000
2021-03-08 21:44:53,257 epoch 10 - iter 3450/5757 - loss 0.01648341 - samples/sec: 365.33 - lr: 0.050000
2021-03-08 21:45:43,893 epoch 10 - iter 4025/5757 - loss 0.01652645 - samples/sec: 363.50 - lr: 0.050000
2021-03-08 21:46:34,031 epoch 10 - iter 4600/5757 - loss 0.01655553 - samples/sec: 367.12 - lr: 0.050000
2021-03-08 21:47:24,473 epoch 10 - iter 5175/5757 - loss 0.01653176 - samples/sec: 364.91 - lr: 0.050000
2021-03-08 21:48:14,430 epoch 10 - iter 5750/5757 - loss 0.01648978 - samples/sec: 368.45 - lr: 0.050000
2021-03-08 21:48:15,018 ----------------------------------------------------------------------------------------------------
2021-03-08 21:48:15,018 EPOCH 10 done: loss 0.0165 - lr 0.0500000
2021-03-08 21:49:03,293 DEV : loss 26.124387741088867 - score 0.1045
2021-03-08 21:49:03,306 BAD EPOCHS (no improvement): 0
2021-03-08 21:49:03,563 ----------------------------------------------------------------------------------------------------
2021-03-08 21:49:54,136 epoch 11 - iter 575/5757 - loss 0.01612769 - samples/sec: 364.03 - lr: 0.050000
2021-03-08 21:50:44,701 epoch 11 - iter 1150/5757 - loss 0.01609627 - samples/sec: 364.02 - lr: 0.050000
2021-03-08 21:51:35,215 epoch 11 - iter 1725/5757 - loss 0.01608056 - samples/sec: 364.39 - lr: 0.050000
2021-03-08 21:52:25,403 epoch 11 - iter 2300/5757 - loss 0.01607567 - samples/sec: 366.75 - lr: 0.050000
2021-03-08 21:53:15,771 epoch 11 - iter 2875/5757 - loss 0.01618406 - samples/sec: 365.44 - lr: 0.050000
2021-03-08 21:54:06,125 epoch 11 - iter 3450/5757 - loss 0.01609685 - samples/sec: 365.55 - lr: 0.050000
2021-03-08 21:54:56,419 epoch 11 - iter 4025/5757 - loss 0.01605956 - samples/sec: 365.98 - lr: 0.050000
2021-03-08 21:55:47,074 epoch 11 - iter 4600/5757 - loss 0.01603533 - samples/sec: 363.37 - lr: 0.050000
2021-03-08 21:56:37,380 epoch 11 - iter 5175/5757 - loss 0.01599413 - samples/sec: 365.90 - lr: 0.050000
2021-03-08 21:57:27,899 epoch 11 - iter 5750/5757 - loss 0.01598129 - samples/sec: 364.35 - lr: 0.050000
2021-03-08 21:57:28,472 ----------------------------------------------------------------------------------------------------
2021-03-08 21:57:28,473 EPOCH 11 done: loss 0.0160 - lr 0.0500000
2021-03-08 21:58:16,727 DEV : loss 25.561424255371094 - score 0.1046
2021-03-08 21:58:16,740 BAD EPOCHS (no improvement): 0
2021-03-08 21:58:16,940 ----------------------------------------------------------------------------------------------------
2021-03-08 21:59:07,232 epoch 12 - iter 575/5757 - loss 0.01573266 - samples/sec: 366.07 - lr: 0.050000
2021-03-08 21:59:57,934 epoch 12 - iter 1150/5757 - loss 0.01535405 - samples/sec: 363.03 - lr: 0.050000
2021-03-08 22:00:47,877 epoch 12 - iter 1725/5757 - loss 0.01543348 - samples/sec: 368.55 - lr: 0.050000
2021-03-08 22:01:38,160 epoch 12 - iter 2300/5757 - loss 0.01554817 - samples/sec: 366.06 - lr: 0.050000
2021-03-08 22:02:28,765 epoch 12 - iter 2875/5757 - loss 0.01547541 - samples/sec: 363.73 - lr: 0.050000
2021-03-08 22:03:19,793 epoch 12 - iter 3450/5757 - loss 0.01537012 - samples/sec: 360.72 - lr: 0.050000
2021-03-08 22:04:10,228 epoch 12 - iter 4025/5757 - loss 0.01549948 - samples/sec: 364.95 - lr: 0.050000
2021-03-08 22:05:00,629 epoch 12 - iter 4600/5757 - loss 0.01549181 - samples/sec: 365.20 - lr: 0.050000
2021-03-08 22:05:51,173 epoch 12 - iter 5175/5757 - loss 0.01555959 - samples/sec: 364.16 - lr: 0.050000
2021-03-08 22:06:41,484 epoch 12 - iter 5750/5757 - loss 0.01554835 - samples/sec: 365.85 - lr: 0.050000
2021-03-08 22:06:42,101 ----------------------------------------------------------------------------------------------------
2021-03-08 22:06:42,101 EPOCH 12 done: loss 0.0155 - lr 0.0500000
2021-03-08 22:07:30,297 DEV : loss 25.00874137878418 - score 0.1046
2021-03-08 22:07:30,311 BAD EPOCHS (no improvement): 1
2021-03-08 22:07:30,321 ----------------------------------------------------------------------------------------------------
2021-03-08 22:08:21,300 epoch 13 - iter 575/5757 - loss 0.01531235 - samples/sec: 361.13 - lr: 0.050000
2021-03-08 22:09:11,624 epoch 13 - iter 1150/5757 - loss 0.01520723 - samples/sec: 365.76 - lr: 0.050000
2021-03-08 22:10:02,031 epoch 13 - iter 1725/5757 - loss 0.01530247 - samples/sec: 365.16 - lr: 0.050000
2021-03-08 22:10:52,342 epoch 13 - iter 2300/5757 - loss 0.01546277 - samples/sec: 365.85 - lr: 0.050000
2021-03-08 22:11:42,809 epoch 13 - iter 2875/5757 - loss 0.01542326 - samples/sec: 364.73 - lr: 0.050000
2021-03-08 22:12:32,688 epoch 13 - iter 3450/5757 - loss 0.01536747 - samples/sec: 369.02 - lr: 0.050000
2021-03-08 22:13:22,727 epoch 13 - iter 4025/5757 - loss 0.01534899 - samples/sec: 367.85 - lr: 0.050000
2021-03-08 22:14:12,855 epoch 13 - iter 4600/5757 - loss 0.01526076 - samples/sec: 367.19 - lr: 0.050000
2021-03-08 22:15:03,396 epoch 13 - iter 5175/5757 - loss 0.01518969 - samples/sec: 364.19 - lr: 0.050000
2021-03-08 22:15:54,197 epoch 13 - iter 5750/5757 - loss 0.01513458 - samples/sec: 362.32 - lr: 0.050000
2021-03-08 22:15:54,782 ----------------------------------------------------------------------------------------------------
2021-03-08 22:15:54,782 EPOCH 13 done: loss 0.0151 - lr 0.0500000
2021-03-08 22:16:43,024 DEV : loss 24.5183048248291 - score 0.1047
2021-03-08 22:16:43,037 BAD EPOCHS (no improvement): 0
2021-03-08 22:16:43,189 ----------------------------------------------------------------------------------------------------
2021-03-08 22:17:33,510 epoch 14 - iter 575/5757 - loss 0.01436455 - samples/sec: 365.87 - lr: 0.050000
2021-03-08 22:18:23,865 epoch 14 - iter 1150/5757 - loss 0.01490729 - samples/sec: 365.53 - lr: 0.050000
2021-03-08 22:19:14,380 epoch 14 - iter 1725/5757 - loss 0.01497607 - samples/sec: 364.38 - lr: 0.050000
2021-03-08 22:20:04,273 epoch 14 - iter 2300/5757 - loss 0.01494475 - samples/sec: 368.92 - lr: 0.050000
2021-03-08 22:20:54,707 epoch 14 - iter 2875/5757 - loss 0.01486028 - samples/sec: 364.96 - lr: 0.050000
2021-03-08 22:21:45,249 epoch 14 - iter 3450/5757 - loss 0.01480837 - samples/sec: 364.18 - lr: 0.050000
2021-03-08 22:22:36,355 epoch 14 - iter 4025/5757 - loss 0.01475521 - samples/sec: 360.16 - lr: 0.050000
2021-03-08 22:23:26,748 epoch 14 - iter 4600/5757 - loss 0.01478216 - samples/sec: 365.26 - lr: 0.050000
2021-03-08 22:24:17,007 epoch 14 - iter 5175/5757 - loss 0.01470563 - samples/sec: 366.24 - lr: 0.050000
2021-03-08 22:25:07,599 epoch 14 - iter 5750/5757 - loss 0.01472482 - samples/sec: 363.82 - lr: 0.050000
2021-03-08 22:25:08,168 ----------------------------------------------------------------------------------------------------
2021-03-08 22:25:08,168 EPOCH 14 done: loss 0.0147 - lr 0.0500000
2021-03-08 22:25:56,468 DEV : loss 24.09520149230957 - score 0.1048
2021-03-08 22:25:56,481 BAD EPOCHS (no improvement): 0
2021-03-08 22:25:56,622 ----------------------------------------------------------------------------------------------------
2021-03-08 22:26:46,628 epoch 15 - iter 575/5757 - loss 0.01479925 - samples/sec: 368.17 - lr: 0.050000
2021-03-08 22:27:37,228 epoch 15 - iter 1150/5757 - loss 0.01432330 - samples/sec: 363.76 - lr: 0.050000
2021-03-08 22:28:27,871 epoch 15 - iter 1725/5757 - loss 0.01424891 - samples/sec: 363.46 - lr: 0.050000
2021-03-08 22:29:18,359 epoch 15 - iter 2300/5757 - loss 0.01438801 - samples/sec: 364.57 - lr: 0.050000
2021-03-08 22:30:08,164 epoch 15 - iter 2875/5757 - loss 0.01447104 - samples/sec: 369.58 - lr: 0.050000
2021-03-08 22:30:58,400 epoch 15 - iter 3450/5757 - loss 0.01449589 - samples/sec: 366.40 - lr: 0.050000
2021-03-08 22:31:49,293 epoch 15 - iter 4025/5757 - loss 0.01455252 - samples/sec: 361.67 - lr: 0.050000
2021-03-08 22:32:39,836 epoch 15 - iter 4600/5757 - loss 0.01451863 - samples/sec: 364.18 - lr: 0.050000
2021-03-08 22:33:30,190 epoch 15 - iter 5175/5757 - loss 0.01443942 - samples/sec: 365.54 - lr: 0.050000
2021-03-08 22:34:20,528 epoch 15 - iter 5750/5757 - loss 0.01442408 - samples/sec: 365.66 - lr: 0.050000
2021-03-08 22:34:21,173 ----------------------------------------------------------------------------------------------------
2021-03-08 22:34:21,173 EPOCH 15 done: loss 0.0144 - lr 0.0500000
2021-03-08 22:35:09,602 DEV : loss 23.741065979003906 - score 0.1046
2021-03-08 22:35:09,615 BAD EPOCHS (no improvement): 1
2021-03-08 22:35:09,631 ----------------------------------------------------------------------------------------------------
2021-03-08 22:36:00,053 epoch 16 - iter 575/5757 - loss 0.01476339 - samples/sec: 365.13 - lr: 0.050000
2021-03-08 22:36:50,614 epoch 16 - iter 1150/5757 - loss 0.01450054 - samples/sec: 364.05 - lr: 0.050000
2021-03-08 22:37:41,111 epoch 16 - iter 1725/5757 - loss 0.01453294 - samples/sec: 364.50 - lr: 0.050000
2021-03-08 22:38:31,826 epoch 16 - iter 2300/5757 - loss 0.01430459 - samples/sec: 362.94 - lr: 0.050000
2021-03-08 22:39:22,413 epoch 16 - iter 2875/5757 - loss 0.01425215 - samples/sec: 363.86 - lr: 0.050000
2021-03-08 22:40:12,892 epoch 16 - iter 3450/5757 - loss 0.01425513 - samples/sec: 364.64 - lr: 0.050000
2021-03-08 22:41:03,337 epoch 16 - iter 4025/5757 - loss 0.01421509 - samples/sec: 364.88 - lr: 0.050000
2021-03-08 22:41:53,180 epoch 16 - iter 4600/5757 - loss 0.01415990 - samples/sec: 369.29 - lr: 0.050000
2021-03-08 22:42:43,424 epoch 16 - iter 5175/5757 - loss 0.01409495 - samples/sec: 366.34 - lr: 0.050000
2021-03-08 22:43:33,974 epoch 16 - iter 5750/5757 - loss 0.01412105 - samples/sec: 364.12 - lr: 0.050000
2021-03-08 22:43:34,515 ----------------------------------------------------------------------------------------------------
2021-03-08 22:43:34,516 EPOCH 16 done: loss 0.0141 - lr 0.0500000
2021-03-08 22:44:22,694 DEV : loss 23.335874557495117 - score 0.1047
2021-03-08 22:44:22,707 BAD EPOCHS (no improvement): 2
2021-03-08 22:44:22,718 ----------------------------------------------------------------------------------------------------
2021-03-08 22:45:13,031 epoch 17 - iter 575/5757 - loss 0.01408837 - samples/sec: 365.92 - lr: 0.050000
2021-03-08 22:46:03,267 epoch 17 - iter 1150/5757 - loss 0.01388241 - samples/sec: 366.40 - lr: 0.050000
2021-03-08 22:46:53,683 epoch 17 - iter 1725/5757 - loss 0.01402651 - samples/sec: 365.09 - lr: 0.050000
2021-03-08 22:47:44,317 epoch 17 - iter 2300/5757 - loss 0.01399875 - samples/sec: 363.52 - lr: 0.050000
2021-03-08 22:48:34,289 epoch 17 - iter 2875/5757 - loss 0.01400086 - samples/sec: 368.34 - lr: 0.050000
2021-03-08 22:49:24,681 epoch 17 - iter 3450/5757 - loss 0.01389110 - samples/sec: 365.26 - lr: 0.050000
2021-03-08 22:50:15,426 epoch 17 - iter 4025/5757 - loss 0.01394635 - samples/sec: 362.73 - lr: 0.050000
2021-03-08 22:51:05,504 epoch 17 - iter 4600/5757 - loss 0.01394015 - samples/sec: 367.55 - lr: 0.050000
2021-03-08 22:51:56,088 epoch 17 - iter 5175/5757 - loss 0.01387454 - samples/sec: 363.88 - lr: 0.050000
2021-03-08 22:52:46,846 epoch 17 - iter 5750/5757 - loss 0.01378107 - samples/sec: 362.63 - lr: 0.050000
2021-03-08 22:52:47,427 ----------------------------------------------------------------------------------------------------
2021-03-08 22:52:47,427 EPOCH 17 done: loss 0.0138 - lr 0.0500000
2021-03-08 22:53:35,825 DEV : loss 22.953920364379883 - score 0.1046
2021-03-08 22:53:35,839 BAD EPOCHS (no improvement): 3
2021-03-08 22:53:35,852 ----------------------------------------------------------------------------------------------------
2021-03-08 22:54:26,391 epoch 18 - iter 575/5757 - loss 0.01378632 - samples/sec: 364.29 - lr: 0.050000
2021-03-08 22:55:16,454 epoch 18 - iter 1150/5757 - loss 0.01408924 - samples/sec: 367.67 - lr: 0.050000
2021-03-08 22:56:06,938 epoch 18 - iter 1725/5757 - loss 0.01382156 - samples/sec: 364.60 - lr: 0.050000
2021-03-08 22:56:57,321 epoch 18 - iter 2300/5757 - loss 0.01374229 - samples/sec: 365.34 - lr: 0.050000
2021-03-08 22:57:47,899 epoch 18 - iter 2875/5757 - loss 0.01370990 - samples/sec: 363.92 - lr: 0.050000
2021-03-08 22:58:38,128 epoch 18 - iter 3450/5757 - loss 0.01366876 - samples/sec: 366.46 - lr: 0.050000
2021-03-08 22:59:28,515 epoch 18 - iter 4025/5757 - loss 0.01369228 - samples/sec: 365.30 - lr: 0.050000
2021-03-08 23:00:19,282 epoch 18 - iter 4600/5757 - loss 0.01367603 - samples/sec: 362.57 - lr: 0.050000
2021-03-08 23:01:10,357 epoch 18 - iter 5175/5757 - loss 0.01362990 - samples/sec: 360.38 - lr: 0.050000
2021-03-08 23:02:00,675 epoch 18 - iter 5750/5757 - loss 0.01351178 - samples/sec: 365.81 - lr: 0.050000
2021-03-08 23:02:01,250 ----------------------------------------------------------------------------------------------------
2021-03-08 23:02:01,250 EPOCH 18 done: loss 0.0135 - lr 0.0500000
2021-03-08 23:02:49,709 DEV : loss 22.572980880737305 - score 0.1048
2021-03-08 23:02:49,723 BAD EPOCHS (no improvement): 0
2021-03-08 23:02:50,001 ----------------------------------------------------------------------------------------------------
2021-03-08 23:03:40,673 epoch 19 - iter 575/5757 - loss 0.01379187 - samples/sec: 363.33 - lr: 0.050000
2021-03-08 23:04:30,957 epoch 19 - iter 1150/5757 - loss 0.01331860 - samples/sec: 366.05 - lr: 0.050000
2021-03-08 23:05:21,263 epoch 19 - iter 1725/5757 - loss 0.01340272 - samples/sec: 365.89 - lr: 0.050000
2021-03-08 23:06:11,293 epoch 19 - iter 2300/5757 - loss 0.01338417 - samples/sec: 367.91 - lr: 0.050000
2021-03-08 23:07:01,571 epoch 19 - iter 2875/5757 - loss 0.01332673 - samples/sec: 366.10 - lr: 0.050000
2021-03-08 23:07:52,090 epoch 19 - iter 3450/5757 - loss 0.01323740 - samples/sec: 364.35 - lr: 0.050000
2021-03-08 23:08:42,339 epoch 19 - iter 4025/5757 - loss 0.01330441 - samples/sec: 366.31 - lr: 0.050000
2021-03-08 23:09:32,892 epoch 19 - iter 4600/5757 - loss 0.01330795 - samples/sec: 364.10 - lr: 0.050000
2021-03-08 23:10:24,100 epoch 19 - iter 5175/5757 - loss 0.01325037 - samples/sec: 359.45 - lr: 0.050000
2021-03-08 23:11:14,698 epoch 19 - iter 5750/5757 - loss 0.01325956 - samples/sec: 363.78 - lr: 0.050000
2021-03-08 23:11:15,291 ----------------------------------------------------------------------------------------------------
2021-03-08 23:11:15,291 EPOCH 19 done: loss 0.0133 - lr 0.0500000
2021-03-08 23:12:03,883 DEV : loss 22.290283203125 - score 0.1049
2021-03-08 23:12:03,896 BAD EPOCHS (no improvement): 0
2021-03-08 23:12:04,019 ----------------------------------------------------------------------------------------------------
2021-03-08 23:12:54,477 epoch 20 - iter 575/5757 - loss 0.01265627 - samples/sec: 364.88 - lr: 0.050000
2021-03-08 23:13:45,708 epoch 20 - iter 1150/5757 - loss 0.01264708 - samples/sec: 359.28 - lr: 0.050000
2021-03-08 23:14:36,454 epoch 20 - iter 1725/5757 - loss 0.01262302 - samples/sec: 362.72 - lr: 0.050000
2021-03-08 23:15:26,851 epoch 20 - iter 2300/5757 - loss 0.01274445 - samples/sec: 365.23 - lr: 0.050000
2021-03-08 23:16:17,229 epoch 20 - iter 2875/5757 - loss 0.01284017 - samples/sec: 365.37 - lr: 0.050000
2021-03-08 23:17:07,486 epoch 20 - iter 3450/5757 - loss 0.01281666 - samples/sec: 366.25 - lr: 0.050000
2021-03-08 23:17:57,806 epoch 20 - iter 4025/5757 - loss 0.01286624 - samples/sec: 365.79 - lr: 0.050000
2021-03-08 23:18:48,330 epoch 20 - iter 4600/5757 - loss 0.01287445 - samples/sec: 364.31 - lr: 0.050000
2021-03-08 23:19:38,920 epoch 20 - iter 5175/5757 - loss 0.01303556 - samples/sec: 363.84 - lr: 0.050000
2021-03-08 23:20:29,176 epoch 20 - iter 5750/5757 - loss 0.01296989 - samples/sec: 366.25 - lr: 0.050000
2021-03-08 23:20:29,764 ----------------------------------------------------------------------------------------------------
2021-03-08 23:20:29,764 EPOCH 20 done: loss 0.0130 - lr 0.0500000
2021-03-08 23:21:18,125 DEV : loss 22.07673454284668 - score 0.1048
2021-03-08 23:21:18,138 BAD EPOCHS (no improvement): 1
2021-03-08 23:21:18,143 ----------------------------------------------------------------------------------------------------
2021-03-08 23:22:08,819 epoch 21 - iter 575/5757 - loss 0.01249713 - samples/sec: 363.30 - lr: 0.050000
2021-03-08 23:22:59,452 epoch 21 - iter 1150/5757 - loss 0.01275036 - samples/sec: 363.53 - lr: 0.050000
2021-03-08 23:23:49,636 epoch 21 - iter 1725/5757 - loss 0.01286407 - samples/sec: 366.78 - lr: 0.050000
2021-03-08 23:24:39,898 epoch 21 - iter 2300/5757 - loss 0.01290156 - samples/sec: 366.21 - lr: 0.050000
2021-03-08 23:25:30,687 epoch 21 - iter 2875/5757 - loss 0.01278666 - samples/sec: 362.41 - lr: 0.050000
2021-03-08 23:26:21,336 epoch 21 - iter 3450/5757 - loss 0.01286206 - samples/sec: 363.42 - lr: 0.050000
2021-03-08 23:27:11,603 epoch 21 - iter 4025/5757 - loss 0.01285919 - samples/sec: 366.18 - lr: 0.050000
2021-03-08 23:28:01,828 epoch 21 - iter 4600/5757 - loss 0.01282776 - samples/sec: 366.48 - lr: 0.050000
2021-03-08 23:28:52,809 epoch 21 - iter 5175/5757 - loss 0.01276817 - samples/sec: 361.05 - lr: 0.050000
2021-03-08 23:29:43,038 epoch 21 - iter 5750/5757 - loss 0.01277344 - samples/sec: 366.45 - lr: 0.050000
2021-03-08 23:29:43,667 ----------------------------------------------------------------------------------------------------
2021-03-08 23:29:43,667 EPOCH 21 done: loss 0.0128 - lr 0.0500000
2021-03-08 23:30:32,064 DEV : loss 21.796016693115234 - score 0.1049
2021-03-08 23:30:32,078 BAD EPOCHS (no improvement): 0
2021-03-08 23:30:32,202 ----------------------------------------------------------------------------------------------------
2021-03-08 23:31:22,745 epoch 22 - iter 575/5757 - loss 0.01237946 - samples/sec: 364.26 - lr: 0.050000
2021-03-08 23:32:13,430 epoch 22 - iter 1150/5757 - loss 0.01265497 - samples/sec: 363.16 - lr: 0.050000
2021-03-08 23:33:03,864 epoch 22 - iter 1725/5757 - loss 0.01259171 - samples/sec: 364.96 - lr: 0.050000
2021-03-08 23:33:54,887 epoch 22 - iter 2300/5757 - loss 0.01246385 - samples/sec: 360.75 - lr: 0.050000
2021-03-08 23:34:45,296 epoch 22 - iter 2875/5757 - loss 0.01252914 - samples/sec: 365.15 - lr: 0.050000
2021-03-08 23:35:35,821 epoch 22 - iter 3450/5757 - loss 0.01257883 - samples/sec: 364.30 - lr: 0.050000
2021-03-08 23:36:26,085 epoch 22 - iter 4025/5757 - loss 0.01258852 - samples/sec: 366.20 - lr: 0.050000
2021-03-08 23:37:16,896 epoch 22 - iter 4600/5757 - loss 0.01255318 - samples/sec: 362.25 - lr: 0.050000
2021-03-08 23:38:07,098 epoch 22 - iter 5175/5757 - loss 0.01257896 - samples/sec: 366.65 - lr: 0.050000
2021-03-08 23:38:57,060 epoch 22 - iter 5750/5757 - loss 0.01255178 - samples/sec: 368.42 - lr: 0.050000
2021-03-08 23:38:57,726 ----------------------------------------------------------------------------------------------------
2021-03-08 23:38:57,726 EPOCH 22 done: loss 0.0126 - lr 0.0500000
2021-03-08 23:39:46,108 DEV : loss 21.59409523010254 - score 0.1047
2021-03-08 23:39:46,121 BAD EPOCHS (no improvement): 1
2021-03-08 23:39:46,142 ----------------------------------------------------------------------------------------------------
2021-03-08 23:40:36,497 epoch 23 - iter 575/5757 - loss 0.01280227 - samples/sec: 365.62 - lr: 0.050000
2021-03-08 23:41:27,118 epoch 23 - iter 1150/5757 - loss 0.01240679 - samples/sec: 363.61 - lr: 0.050000
2021-03-08 23:42:17,727 epoch 23 - iter 1725/5757 - loss 0.01240796 - samples/sec: 363.71 - lr: 0.050000
2021-03-08 23:43:08,532 epoch 23 - iter 2300/5757 - loss 0.01230247 - samples/sec: 362.30 - lr: 0.050000
2021-03-08 23:43:58,912 epoch 23 - iter 2875/5757 - loss 0.01234067 - samples/sec: 365.35 - lr: 0.050000
2021-03-08 23:44:49,249 epoch 23 - iter 3450/5757 - loss 0.01246118 - samples/sec: 365.67 - lr: 0.050000
2021-03-08 23:45:40,153 epoch 23 - iter 4025/5757 - loss 0.01233897 - samples/sec: 361.60 - lr: 0.050000
2021-03-08 23:46:30,463 epoch 23 - iter 4600/5757 - loss 0.01233964 - samples/sec: 365.86 - lr: 0.050000
2021-03-08 23:47:20,764 epoch 23 - iter 5175/5757 - loss 0.01235992 - samples/sec: 365.92 - lr: 0.050000
2021-03-08 23:48:10,993 epoch 23 - iter 5750/5757 - loss 0.01233908 - samples/sec: 366.45 - lr: 0.050000
2021-03-08 23:48:11,531 ----------------------------------------------------------------------------------------------------
2021-03-08 23:48:11,531 EPOCH 23 done: loss 0.0123 - lr 0.0500000
2021-03-08 23:48:59,934 DEV : loss 21.27808380126953 - score 0.1048
2021-03-08 23:48:59,947 BAD EPOCHS (no improvement): 2
2021-03-08 23:48:59,954 ----------------------------------------------------------------------------------------------------
2021-03-08 23:49:50,306 epoch 24 - iter 575/5757 - loss 0.01224603 - samples/sec: 365.64 - lr: 0.050000
2021-03-08 23:50:40,542 epoch 24 - iter 1150/5757 - loss 0.01204183 - samples/sec: 366.40 - lr: 0.050000
2021-03-08 23:51:31,118 epoch 24 - iter 1725/5757 - loss 0.01199936 - samples/sec: 363.94 - lr: 0.050000
2021-03-08 23:52:21,633 epoch 24 - iter 2300/5757 - loss 0.01192113 - samples/sec: 364.38 - lr: 0.050000
2021-03-08 23:53:12,529 epoch 24 - iter 2875/5757 - loss 0.01196573 - samples/sec: 361.65 - lr: 0.050000
2021-03-08 23:54:03,200 epoch 24 - iter 3450/5757 - loss 0.01200400 - samples/sec: 363.26 - lr: 0.050000
2021-03-08 23:54:53,795 epoch 24 - iter 4025/5757 - loss 0.01208189 - samples/sec: 363.80 - lr: 0.050000
2021-03-08 23:55:43,988 epoch 24 - iter 4600/5757 - loss 0.01206519 - samples/sec: 366.72 - lr: 0.050000
2021-03-08 23:56:34,317 epoch 24 - iter 5175/5757 - loss 0.01205351 - samples/sec: 365.72 - lr: 0.050000
2021-03-08 23:57:24,728 epoch 24 - iter 5750/5757 - loss 0.01213834 - samples/sec: 365.14 - lr: 0.050000
2021-03-08 23:57:25,323 ----------------------------------------------------------------------------------------------------
2021-03-08 23:57:25,324 EPOCH 24 done: loss 0.0121 - lr 0.0500000
2021-03-08 23:58:13,630 DEV : loss 21.177011489868164 - score 0.1048
2021-03-08 23:58:13,643 BAD EPOCHS (no improvement): 3
2021-03-08 23:58:13,673 ----------------------------------------------------------------------------------------------------
2021-03-08 23:59:03,686 epoch 25 - iter 575/5757 - loss 0.01204848 - samples/sec: 368.11 - lr: 0.050000
2021-03-08 23:59:53,845 epoch 25 - iter 1150/5757 - loss 0.01191197 - samples/sec: 366.96 - lr: 0.050000
2021-03-09 00:00:44,369 epoch 25 - iter 1725/5757 - loss 0.01185703 - samples/sec: 364.31 - lr: 0.050000
2021-03-09 00:01:34,664 epoch 25 - iter 2300/5757 - loss 0.01200669 - samples/sec: 365.98 - lr: 0.050000
2021-03-09 00:02:25,484 epoch 25 - iter 2875/5757 - loss 0.01198146 - samples/sec: 362.19 - lr: 0.050000
2021-03-09 00:03:16,203 epoch 25 - iter 3450/5757 - loss 0.01194968 - samples/sec: 362.92 - lr: 0.050000
2021-03-09 00:04:06,269 epoch 25 - iter 4025/5757 - loss 0.01197223 - samples/sec: 367.64 - lr: 0.050000
2021-03-09 00:04:56,962 epoch 25 - iter 4600/5757 - loss 0.01203916 - samples/sec: 363.10 - lr: 0.050000
2021-03-09 00:05:47,812 epoch 25 - iter 5175/5757 - loss 0.01196265 - samples/sec: 361.98 - lr: 0.050000
2021-03-09 00:06:38,429 epoch 25 - iter 5750/5757 - loss 0.01194678 - samples/sec: 363.64 - lr: 0.050000
2021-03-09 00:06:39,020 ----------------------------------------------------------------------------------------------------
2021-03-09 00:06:39,020 EPOCH 25 done: loss 0.0120 - lr 0.0500000
2021-03-09 00:07:27,201 DEV : loss 20.883556365966797 - score 0.105
2021-03-09 00:07:27,214 BAD EPOCHS (no improvement): 0
2021-03-09 00:07:27,370 ----------------------------------------------------------------------------------------------------
2021-03-09 00:08:18,031 epoch 26 - iter 575/5757 - loss 0.01177995 - samples/sec: 363.41 - lr: 0.050000
2021-03-09 00:09:08,085 epoch 26 - iter 1150/5757 - loss 0.01176614 - samples/sec: 367.73 - lr: 0.050000
2021-03-09 00:09:58,837 epoch 26 - iter 1725/5757 - loss 0.01181380 - samples/sec: 362.68 - lr: 0.050000
2021-03-09 00:10:49,522 epoch 26 - iter 2300/5757 - loss 0.01187748 - samples/sec: 363.16 - lr: 0.050000
2021-03-09 00:11:40,590 epoch 26 - iter 2875/5757 - loss 0.01178590 - samples/sec: 360.43 - lr: 0.050000
2021-03-09 00:12:30,698 epoch 26 - iter 3450/5757 - loss 0.01177941 - samples/sec: 367.34 - lr: 0.050000
2021-03-09 00:13:20,850 epoch 26 - iter 4025/5757 - loss 0.01175993 - samples/sec: 367.01 - lr: 0.050000
2021-03-09 00:14:10,801 epoch 26 - iter 4600/5757 - loss 0.01175114 - samples/sec: 368.49 - lr: 0.050000
2021-03-09 00:15:01,586 epoch 26 - iter 5175/5757 - loss 0.01175366 - samples/sec: 362.44 - lr: 0.050000
2021-03-09 00:15:51,968 epoch 26 - iter 5750/5757 - loss 0.01174675 - samples/sec: 365.34 - lr: 0.050000
2021-03-09 00:15:52,640 ----------------------------------------------------------------------------------------------------
2021-03-09 00:15:52,640 EPOCH 26 done: loss 0.0117 - lr 0.0500000
2021-03-09 00:16:40,964 DEV : loss 20.672218322753906 - score 0.1049
2021-03-09 00:16:40,977 BAD EPOCHS (no improvement): 1
2021-03-09 00:16:40,982 ----------------------------------------------------------------------------------------------------
2021-03-09 00:17:31,562 epoch 27 - iter 575/5757 - loss 0.01098648 - samples/sec: 364.00 - lr: 0.050000
2021-03-09 00:18:22,832 epoch 27 - iter 1150/5757 - loss 0.01128252 - samples/sec: 359.01 - lr: 0.050000
2021-03-09 00:19:12,809 epoch 27 - iter 1725/5757 - loss 0.01153076 - samples/sec: 368.30 - lr: 0.050000
2021-03-09 00:20:02,816 epoch 27 - iter 2300/5757 - loss 0.01162550 - samples/sec: 368.08 - lr: 0.050000
2021-03-09 00:20:53,176 epoch 27 - iter 2875/5757 - loss 0.01159789 - samples/sec: 365.50 - lr: 0.050000
2021-03-09 00:21:43,662 epoch 27 - iter 3450/5757 - loss 0.01164699 - samples/sec: 364.59 - lr: 0.050000
2021-03-09 00:22:34,409 epoch 27 - iter 4025/5757 - loss 0.01161998 - samples/sec: 362.71 - lr: 0.050000
2021-03-09 00:23:24,638 epoch 27 - iter 4600/5757 - loss 0.01159123 - samples/sec: 366.45 - lr: 0.050000
2021-03-09 00:24:15,189 epoch 27 - iter 5175/5757 - loss 0.01157755 - samples/sec: 364.12 - lr: 0.050000
2021-03-09 00:25:05,828 epoch 27 - iter 5750/5757 - loss 0.01158705 - samples/sec: 363.48 - lr: 0.050000
2021-03-09 00:25:06,450 ----------------------------------------------------------------------------------------------------
2021-03-09 00:25:06,451 EPOCH 27 done: loss 0.0116 - lr 0.0500000
2021-03-09 00:25:54,780 DEV : loss 20.458362579345703 - score 0.105
2021-03-09 00:25:54,793 BAD EPOCHS (no improvement): 0
2021-03-09 00:25:54,973 ----------------------------------------------------------------------------------------------------
2021-03-09 00:26:45,421 epoch 28 - iter 575/5757 - loss 0.01130246 - samples/sec: 364.94 - lr: 0.050000
2021-03-09 00:27:35,923 epoch 28 - iter 1150/5757 - loss 0.01132711 - samples/sec: 364.47 - lr: 0.050000
2021-03-09 00:28:26,431 epoch 28 - iter 1725/5757 - loss 0.01153316 - samples/sec: 364.43 - lr: 0.050000
2021-03-09 00:29:17,054 epoch 28 - iter 2300/5757 - loss 0.01138776 - samples/sec: 363.60 - lr: 0.050000
2021-03-09 00:30:07,797 epoch 28 - iter 2875/5757 - loss 0.01141636 - samples/sec: 362.73 - lr: 0.050000
2021-03-09 00:30:58,187 epoch 28 - iter 3450/5757 - loss 0.01147361 - samples/sec: 365.29 - lr: 0.050000
2021-03-09 00:31:48,600 epoch 28 - iter 4025/5757 - loss 0.01145568 - samples/sec: 365.11 - lr: 0.050000
2021-03-09 00:32:39,002 epoch 28 - iter 4600/5757 - loss 0.01141082 - samples/sec: 365.19 - lr: 0.050000
2021-03-09 00:33:29,391 epoch 28 - iter 5175/5757 - loss 0.01139459 - samples/sec: 365.29 - lr: 0.050000
2021-03-09 00:34:19,641 epoch 28 - iter 5750/5757 - loss 0.01140752 - samples/sec: 366.30 - lr: 0.050000
2021-03-09 00:34:20,207 ----------------------------------------------------------------------------------------------------
2021-03-09 00:34:20,207 EPOCH 28 done: loss 0.0114 - lr 0.0500000
2021-03-09 00:35:08,533 DEV : loss 20.267988204956055 - score 0.1048
2021-03-09 00:35:08,547 BAD EPOCHS (no improvement): 1
2021-03-09 00:35:08,552 ----------------------------------------------------------------------------------------------------
2021-03-09 00:35:58,892 epoch 29 - iter 575/5757 - loss 0.01097017 - samples/sec: 365.73 - lr: 0.050000
2021-03-09 00:36:49,159 epoch 29 - iter 1150/5757 - loss 0.01110273 - samples/sec: 366.17 - lr: 0.050000
2021-03-09 00:37:39,327 epoch 29 - iter 1725/5757 - loss 0.01126572 - samples/sec: 366.89 - lr: 0.050000
2021-03-09 00:38:29,352 epoch 29 - iter 2300/5757 - loss 0.01116724 - samples/sec: 367.95 - lr: 0.050000
2021-03-09 00:39:19,696 epoch 29 - iter 2875/5757 - loss 0.01117300 - samples/sec: 365.62 - lr: 0.050000
2021-03-09 00:40:10,719 epoch 29 - iter 3450/5757 - loss 0.01113340 - samples/sec: 360.74 - lr: 0.050000
2021-03-09 00:41:01,474 epoch 29 - iter 4025/5757 - loss 0.01115825 - samples/sec: 362.66 - lr: 0.050000
2021-03-09 00:41:52,207 epoch 29 - iter 4600/5757 - loss 0.01114170 - samples/sec: 362.81 - lr: 0.050000
2021-03-09 00:42:42,834 epoch 29 - iter 5175/5757 - loss 0.01121342 - samples/sec: 363.56 - lr: 0.050000
2021-03-09 00:43:33,063 epoch 29 - iter 5750/5757 - loss 0.01125156 - samples/sec: 366.46 - lr: 0.050000
2021-03-09 00:43:33,658 ----------------------------------------------------------------------------------------------------
2021-03-09 00:43:33,658 EPOCH 29 done: loss 0.0113 - lr 0.0500000
2021-03-09 00:44:22,048 DEV : loss 20.108427047729492 - score 0.1049
2021-03-09 00:44:22,062 BAD EPOCHS (no improvement): 2
2021-03-09 00:44:22,066 ----------------------------------------------------------------------------------------------------
2021-03-09 00:45:12,699 epoch 30 - iter 575/5757 - loss 0.01129945 - samples/sec: 363.60 - lr: 0.050000
2021-03-09 00:46:03,260 epoch 30 - iter 1150/5757 - loss 0.01095849 - samples/sec: 364.05 - lr: 0.050000
2021-03-09 00:46:53,628 epoch 30 - iter 1725/5757 - loss 0.01113995 - samples/sec: 365.44 - lr: 0.050000
2021-03-09 00:47:44,025 epoch 30 - iter 2300/5757 - loss 0.01102384 - samples/sec: 365.23 - lr: 0.050000
2021-03-09 00:48:34,577 epoch 30 - iter 2875/5757 - loss 0.01101576 - samples/sec: 364.11 - lr: 0.050000
2021-03-09 00:49:24,959 epoch 30 - iter 3450/5757 - loss 0.01110646 - samples/sec: 365.33 - lr: 0.050000
2021-03-09 00:50:15,762 epoch 30 - iter 4025/5757 - loss 0.01109363 - samples/sec: 362.32 - lr: 0.050000
2021-03-09 00:51:05,526 epoch 30 - iter 4600/5757 - loss 0.01108066 - samples/sec: 369.87 - lr: 0.050000
2021-03-09 00:51:55,781 epoch 30 - iter 5175/5757 - loss 0.01108277 - samples/sec: 366.26 - lr: 0.050000
2021-03-09 00:52:46,696 epoch 30 - iter 5750/5757 - loss 0.01107932 - samples/sec: 361.51 - lr: 0.050000
2021-03-09 00:52:47,292 ----------------------------------------------------------------------------------------------------
2021-03-09 00:52:47,292 EPOCH 30 done: loss 0.0111 - lr 0.0500000
2021-03-09 00:53:35,627 DEV : loss 19.868749618530273 - score 0.1049
2021-03-09 00:53:35,640 BAD EPOCHS (no improvement): 3
2021-03-09 00:53:35,775 ----------------------------------------------------------------------------------------------------
2021-03-09 00:53:35,775 Testing using best model ...
2021-03-09 00:53:35,775 loading file resources/taggers/1_h128/best-model.pt
2021-03-09 00:54:18,492 	0.10506753560028438
2021-03-09 00:54:18,492 
Results:
- F1-score : 0.10507223547288168
- Precision-score : 0.10508685294398362
- Recall-score : 0.10506753560028438
2021-03-09 00:54:18,492 ----------------------------------------------------------------------------------------------------
