2021-03-09 00:54:18,561 ----------------------------------------------------------------------------------------------------
2021-03-09 00:54:18,562 Model: "FlairTokenizer(
  (character_embeddings): Embedding(6568, 256)
  (embeddings): Embedding(6568, 256)
  (lstm): LSTM(256, 256, bidirectional=True)
  (hidden2tag): Linear(in_features=512, out_features=5, bias=True)
  (loss_function): NLLLoss()
)"
2021-03-09 00:54:18,562 ----------------------------------------------------------------------------------------------------
2021-03-09 00:54:18,562 Corpus: "Corpus: 184223 train + 20009 dev + 18201 test sentences"
2021-03-09 00:54:18,562 ----------------------------------------------------------------------------------------------------
2021-03-09 00:54:18,562 Parameters:
2021-03-09 00:54:18,562  - learning_rate: "0.1"
2021-03-09 00:54:18,562  - mini_batch_size: "32"
2021-03-09 00:54:18,562  - patience: "3"
2021-03-09 00:54:18,562  - anneal_factor: "0.5"
2021-03-09 00:54:18,562  - max_epochs: "30"
2021-03-09 00:54:18,562  - shuffle: "True"
2021-03-09 00:54:18,562  - train_with_dev: "False"
2021-03-09 00:54:18,562  - batch_growth_annealing: "False"
2021-03-09 00:54:18,562 ----------------------------------------------------------------------------------------------------
2021-03-09 00:54:18,562 Model training base path: "resources/taggers/1_h256"
2021-03-09 00:54:18,562 ----------------------------------------------------------------------------------------------------
2021-03-09 00:54:18,563 Device: cuda:0
2021-03-09 00:54:18,563 ----------------------------------------------------------------------------------------------------
2021-03-09 00:54:18,563 Embeddings storage mode: cpu
2021-03-09 00:54:18,581 ----------------------------------------------------------------------------------------------------
2021-03-09 00:55:13,705 epoch 1 - iter 575/5757 - loss 0.33507003 - samples/sec: 333.96 - lr: 0.100000
2021-03-09 00:56:08,293 epoch 1 - iter 1150/5757 - loss 0.22197366 - samples/sec: 337.18 - lr: 0.100000
2021-03-09 00:57:03,208 epoch 1 - iter 1725/5757 - loss 0.17524827 - samples/sec: 335.18 - lr: 0.100000
2021-03-09 00:57:58,132 epoch 1 - iter 2300/5757 - loss 0.14937747 - samples/sec: 335.12 - lr: 0.100000
2021-03-09 00:58:52,515 epoch 1 - iter 2875/5757 - loss 0.13226712 - samples/sec: 338.45 - lr: 0.100000
2021-03-09 00:59:47,018 epoch 1 - iter 3450/5757 - loss 0.12000272 - samples/sec: 337.70 - lr: 0.100000
2021-03-09 01:00:41,565 epoch 1 - iter 4025/5757 - loss 0.11068909 - samples/sec: 337.44 - lr: 0.100000
2021-03-09 01:01:36,126 epoch 1 - iter 4600/5757 - loss 0.10347450 - samples/sec: 337.35 - lr: 0.100000
2021-03-09 01:02:30,650 epoch 1 - iter 5175/5757 - loss 0.09730935 - samples/sec: 337.58 - lr: 0.100000
2021-03-09 01:03:25,247 epoch 1 - iter 5750/5757 - loss 0.09222070 - samples/sec: 337.13 - lr: 0.100000
2021-03-09 01:03:25,868 ----------------------------------------------------------------------------------------------------
2021-03-09 01:03:25,869 EPOCH 1 done: loss 0.0922 - lr 0.1000000
2021-03-09 01:04:15,195 DEV : loss 60.427330017089844 - score 0.1029
2021-03-09 01:04:15,208 BAD EPOCHS (no improvement): 0
2021-03-09 01:04:15,441 ----------------------------------------------------------------------------------------------------
2021-03-09 01:05:10,702 epoch 2 - iter 575/5757 - loss 0.04348501 - samples/sec: 333.14 - lr: 0.100000
2021-03-09 01:06:04,869 epoch 2 - iter 1150/5757 - loss 0.04290044 - samples/sec: 339.80 - lr: 0.100000
2021-03-09 01:06:58,861 epoch 2 - iter 1725/5757 - loss 0.04184570 - samples/sec: 340.90 - lr: 0.100000
2021-03-09 01:07:52,955 epoch 2 - iter 2300/5757 - loss 0.04119072 - samples/sec: 340.27 - lr: 0.100000
2021-03-09 01:08:47,322 epoch 2 - iter 2875/5757 - loss 0.04037336 - samples/sec: 338.55 - lr: 0.100000
2021-03-09 01:09:42,211 epoch 2 - iter 3450/5757 - loss 0.03993842 - samples/sec: 335.34 - lr: 0.100000
2021-03-09 01:10:36,644 epoch 2 - iter 4025/5757 - loss 0.03926168 - samples/sec: 338.14 - lr: 0.100000
2021-03-09 01:11:30,644 epoch 2 - iter 4600/5757 - loss 0.03862492 - samples/sec: 340.86 - lr: 0.100000
2021-03-09 01:12:25,074 epoch 2 - iter 5175/5757 - loss 0.03820686 - samples/sec: 338.16 - lr: 0.100000
2021-03-09 01:13:19,264 epoch 2 - iter 5750/5757 - loss 0.03783784 - samples/sec: 339.66 - lr: 0.100000
2021-03-09 01:13:19,906 ----------------------------------------------------------------------------------------------------
2021-03-09 01:13:19,906 EPOCH 2 done: loss 0.0378 - lr 0.1000000
2021-03-09 01:14:09,565 DEV : loss 46.605247497558594 - score 0.1036
2021-03-09 01:14:09,578 BAD EPOCHS (no improvement): 0
2021-03-09 01:14:09,728 ----------------------------------------------------------------------------------------------------
2021-03-09 01:15:04,283 epoch 3 - iter 575/5757 - loss 0.03386569 - samples/sec: 337.45 - lr: 0.100000
2021-03-09 01:15:58,609 epoch 3 - iter 1150/5757 - loss 0.03289259 - samples/sec: 338.81 - lr: 0.100000
2021-03-09 01:16:53,549 epoch 3 - iter 1725/5757 - loss 0.03244690 - samples/sec: 335.03 - lr: 0.100000
2021-03-09 01:17:48,121 epoch 3 - iter 2300/5757 - loss 0.03219155 - samples/sec: 337.27 - lr: 0.100000
2021-03-09 01:18:42,790 epoch 3 - iter 2875/5757 - loss 0.03168758 - samples/sec: 336.68 - lr: 0.100000
2021-03-09 01:19:37,790 epoch 3 - iter 3450/5757 - loss 0.03136395 - samples/sec: 334.66 - lr: 0.100000
2021-03-09 01:20:32,398 epoch 3 - iter 4025/5757 - loss 0.03118205 - samples/sec: 337.06 - lr: 0.100000
2021-03-09 01:21:26,965 epoch 3 - iter 4600/5757 - loss 0.03082705 - samples/sec: 337.31 - lr: 0.100000
2021-03-09 01:22:21,431 epoch 3 - iter 5175/5757 - loss 0.03054549 - samples/sec: 337.93 - lr: 0.100000
2021-03-09 01:23:16,013 epoch 3 - iter 5750/5757 - loss 0.03028773 - samples/sec: 337.22 - lr: 0.100000
2021-03-09 01:23:16,731 ----------------------------------------------------------------------------------------------------
2021-03-09 01:23:16,731 EPOCH 3 done: loss 0.0303 - lr 0.1000000
2021-03-09 01:24:06,511 DEV : loss 40.597869873046875 - score 0.1039
2021-03-09 01:24:06,525 BAD EPOCHS (no improvement): 0
2021-03-09 01:24:06,691 ----------------------------------------------------------------------------------------------------
2021-03-09 01:25:00,926 epoch 4 - iter 575/5757 - loss 0.02853224 - samples/sec: 339.45 - lr: 0.100000
2021-03-09 01:25:55,614 epoch 4 - iter 1150/5757 - loss 0.02754529 - samples/sec: 336.57 - lr: 0.100000
2021-03-09 01:26:49,776 epoch 4 - iter 1725/5757 - loss 0.02737894 - samples/sec: 339.84 - lr: 0.100000
2021-03-09 01:27:44,327 epoch 4 - iter 2300/5757 - loss 0.02710663 - samples/sec: 337.41 - lr: 0.100000
2021-03-09 01:28:39,003 epoch 4 - iter 2875/5757 - loss 0.02681924 - samples/sec: 336.63 - lr: 0.100000
2021-03-09 01:29:33,632 epoch 4 - iter 3450/5757 - loss 0.02676459 - samples/sec: 336.93 - lr: 0.100000
2021-03-09 01:30:28,167 epoch 4 - iter 4025/5757 - loss 0.02645603 - samples/sec: 337.51 - lr: 0.100000
2021-03-09 01:31:22,572 epoch 4 - iter 4600/5757 - loss 0.02632723 - samples/sec: 338.32 - lr: 0.100000
2021-03-09 01:32:17,309 epoch 4 - iter 5175/5757 - loss 0.02616677 - samples/sec: 336.26 - lr: 0.100000
2021-03-09 01:33:12,110 epoch 4 - iter 5750/5757 - loss 0.02598638 - samples/sec: 335.87 - lr: 0.100000
2021-03-09 01:33:12,777 ----------------------------------------------------------------------------------------------------
2021-03-09 01:33:12,777 EPOCH 4 done: loss 0.0260 - lr 0.1000000
2021-03-09 01:34:02,390 DEV : loss 36.11667251586914 - score 0.1042
2021-03-09 01:34:02,403 BAD EPOCHS (no improvement): 0
2021-03-09 01:34:02,605 ----------------------------------------------------------------------------------------------------
2021-03-09 01:34:57,698 epoch 5 - iter 575/5757 - loss 0.02360774 - samples/sec: 334.16 - lr: 0.100000
2021-03-09 01:35:52,097 epoch 5 - iter 1150/5757 - loss 0.02336735 - samples/sec: 338.35 - lr: 0.100000
2021-03-09 01:36:46,498 epoch 5 - iter 1725/5757 - loss 0.02364458 - samples/sec: 338.34 - lr: 0.100000
2021-03-09 01:37:40,729 epoch 5 - iter 2300/5757 - loss 0.02363937 - samples/sec: 339.41 - lr: 0.100000
2021-03-09 01:38:35,946 epoch 5 - iter 2875/5757 - loss 0.02348422 - samples/sec: 333.34 - lr: 0.100000
2021-03-09 01:39:30,059 epoch 5 - iter 3450/5757 - loss 0.02326468 - samples/sec: 340.14 - lr: 0.100000
2021-03-09 01:40:24,382 epoch 5 - iter 4025/5757 - loss 0.02344114 - samples/sec: 338.82 - lr: 0.100000
2021-03-09 01:41:18,960 epoch 5 - iter 4600/5757 - loss 0.02338745 - samples/sec: 337.25 - lr: 0.100000
2021-03-09 01:42:13,679 epoch 5 - iter 5175/5757 - loss 0.02317408 - samples/sec: 336.37 - lr: 0.100000
2021-03-09 01:43:08,135 epoch 5 - iter 5750/5757 - loss 0.02306477 - samples/sec: 338.00 - lr: 0.100000
2021-03-09 01:43:08,762 ----------------------------------------------------------------------------------------------------
2021-03-09 01:43:08,762 EPOCH 5 done: loss 0.0231 - lr 0.1000000
2021-03-09 01:43:58,375 DEV : loss 33.23810958862305 - score 0.1041
2021-03-09 01:43:58,388 BAD EPOCHS (no improvement): 1
2021-03-09 01:43:58,394 ----------------------------------------------------------------------------------------------------
2021-03-09 01:44:53,123 epoch 6 - iter 575/5757 - loss 0.02121952 - samples/sec: 336.39 - lr: 0.100000
2021-03-09 01:45:48,148 epoch 6 - iter 1150/5757 - loss 0.02137253 - samples/sec: 334.50 - lr: 0.100000
2021-03-09 01:46:43,026 epoch 6 - iter 1725/5757 - loss 0.02143648 - samples/sec: 335.40 - lr: 0.100000
2021-03-09 01:47:37,170 epoch 6 - iter 2300/5757 - loss 0.02148051 - samples/sec: 339.96 - lr: 0.100000
2021-03-09 01:48:32,463 epoch 6 - iter 2875/5757 - loss 0.02160928 - samples/sec: 332.88 - lr: 0.100000
2021-03-09 01:49:26,841 epoch 6 - iter 3450/5757 - loss 0.02148595 - samples/sec: 338.48 - lr: 0.100000
2021-03-09 01:50:21,785 epoch 6 - iter 4025/5757 - loss 0.02134427 - samples/sec: 334.99 - lr: 0.100000
2021-03-09 01:51:15,793 epoch 6 - iter 4600/5757 - loss 0.02119606 - samples/sec: 340.80 - lr: 0.100000
2021-03-09 01:52:10,686 epoch 6 - iter 5175/5757 - loss 0.02101120 - samples/sec: 335.31 - lr: 0.100000
2021-03-09 01:53:05,776 epoch 6 - iter 5750/5757 - loss 0.02091975 - samples/sec: 334.11 - lr: 0.100000
2021-03-09 01:53:06,409 ----------------------------------------------------------------------------------------------------
2021-03-09 01:53:06,409 EPOCH 6 done: loss 0.0209 - lr 0.1000000
2021-03-09 01:53:55,882 DEV : loss 30.78814125061035 - score 0.1045
2021-03-09 01:53:55,895 BAD EPOCHS (no improvement): 0
2021-03-09 01:53:56,341 ----------------------------------------------------------------------------------------------------
2021-03-09 01:54:50,710 epoch 7 - iter 575/5757 - loss 0.01945615 - samples/sec: 338.61 - lr: 0.100000
2021-03-09 01:55:45,365 epoch 7 - iter 1150/5757 - loss 0.01943290 - samples/sec: 336.77 - lr: 0.100000
2021-03-09 01:56:39,596 epoch 7 - iter 1725/5757 - loss 0.01959844 - samples/sec: 339.40 - lr: 0.100000
2021-03-09 01:57:34,577 epoch 7 - iter 2300/5757 - loss 0.01958292 - samples/sec: 334.77 - lr: 0.100000
2021-03-09 01:58:29,163 epoch 7 - iter 2875/5757 - loss 0.01943764 - samples/sec: 337.19 - lr: 0.100000
2021-03-09 01:59:23,001 epoch 7 - iter 3450/5757 - loss 0.01946547 - samples/sec: 341.88 - lr: 0.100000
2021-03-09 02:00:17,747 epoch 7 - iter 4025/5757 - loss 0.01947635 - samples/sec: 336.21 - lr: 0.100000
2021-03-09 02:01:11,769 epoch 7 - iter 4600/5757 - loss 0.01943905 - samples/sec: 340.72 - lr: 0.100000
2021-03-09 02:02:06,014 epoch 7 - iter 5175/5757 - loss 0.01939503 - samples/sec: 339.32 - lr: 0.100000
2021-03-09 02:03:01,405 epoch 7 - iter 5750/5757 - loss 0.01921814 - samples/sec: 332.29 - lr: 0.100000
2021-03-09 02:03:02,032 ----------------------------------------------------------------------------------------------------
2021-03-09 02:03:02,032 EPOCH 7 done: loss 0.0192 - lr 0.1000000
2021-03-09 02:03:51,750 DEV : loss 28.708410263061523 - score 0.1045
2021-03-09 02:03:51,764 BAD EPOCHS (no improvement): 0
2021-03-09 02:03:52,000 ----------------------------------------------------------------------------------------------------
2021-03-09 02:04:46,801 epoch 8 - iter 575/5757 - loss 0.01749829 - samples/sec: 335.94 - lr: 0.100000
2021-03-09 02:05:40,671 epoch 8 - iter 1150/5757 - loss 0.01772183 - samples/sec: 341.68 - lr: 0.100000
2021-03-09 02:06:34,773 epoch 8 - iter 1725/5757 - loss 0.01769369 - samples/sec: 340.21 - lr: 0.100000
2021-03-09 02:07:29,943 epoch 8 - iter 2300/5757 - loss 0.01788472 - samples/sec: 333.62 - lr: 0.100000
2021-03-09 02:08:24,533 epoch 8 - iter 2875/5757 - loss 0.01798510 - samples/sec: 337.17 - lr: 0.100000
2021-03-09 02:09:18,878 epoch 8 - iter 3450/5757 - loss 0.01797277 - samples/sec: 338.69 - lr: 0.100000
2021-03-09 02:10:13,394 epoch 8 - iter 4025/5757 - loss 0.01792401 - samples/sec: 337.63 - lr: 0.100000
2021-03-09 02:11:07,909 epoch 8 - iter 4600/5757 - loss 0.01789423 - samples/sec: 337.63 - lr: 0.100000
2021-03-09 02:12:01,715 epoch 8 - iter 5175/5757 - loss 0.01786058 - samples/sec: 342.08 - lr: 0.100000
2021-03-09 02:12:55,886 epoch 8 - iter 5750/5757 - loss 0.01788538 - samples/sec: 339.77 - lr: 0.100000
2021-03-09 02:12:56,553 ----------------------------------------------------------------------------------------------------
2021-03-09 02:12:56,553 EPOCH 8 done: loss 0.0179 - lr 0.1000000
2021-03-09 02:13:46,233 DEV : loss 27.137826919555664 - score 0.1044
2021-03-09 02:13:46,246 BAD EPOCHS (no improvement): 1
2021-03-09 02:13:46,252 ----------------------------------------------------------------------------------------------------
2021-03-09 02:14:41,006 epoch 9 - iter 575/5757 - loss 0.01693562 - samples/sec: 336.22 - lr: 0.100000
2021-03-09 02:15:35,633 epoch 9 - iter 1150/5757 - loss 0.01678783 - samples/sec: 336.94 - lr: 0.100000
2021-03-09 02:16:30,393 epoch 9 - iter 1725/5757 - loss 0.01687724 - samples/sec: 336.12 - lr: 0.100000
2021-03-09 02:17:24,683 epoch 9 - iter 2300/5757 - loss 0.01702361 - samples/sec: 339.03 - lr: 0.100000
2021-03-09 02:18:18,797 epoch 9 - iter 2875/5757 - loss 0.01702488 - samples/sec: 340.13 - lr: 0.100000
2021-03-09 02:19:13,097 epoch 9 - iter 3450/5757 - loss 0.01698154 - samples/sec: 338.97 - lr: 0.100000
2021-03-09 02:20:07,547 epoch 9 - iter 4025/5757 - loss 0.01697094 - samples/sec: 338.04 - lr: 0.100000
2021-03-09 02:21:01,859 epoch 9 - iter 4600/5757 - loss 0.01680484 - samples/sec: 338.90 - lr: 0.100000
2021-03-09 02:21:56,828 epoch 9 - iter 5175/5757 - loss 0.01677469 - samples/sec: 334.85 - lr: 0.100000
2021-03-09 02:22:50,859 epoch 9 - iter 5750/5757 - loss 0.01668237 - samples/sec: 340.65 - lr: 0.100000
2021-03-09 02:22:51,478 ----------------------------------------------------------------------------------------------------
2021-03-09 02:22:51,478 EPOCH 9 done: loss 0.0167 - lr 0.1000000
2021-03-09 02:23:41,071 DEV : loss 25.846580505371094 - score 0.1045
2021-03-09 02:23:41,084 BAD EPOCHS (no improvement): 0
2021-03-09 02:23:41,304 ----------------------------------------------------------------------------------------------------
2021-03-09 02:24:35,846 epoch 10 - iter 575/5757 - loss 0.01528864 - samples/sec: 337.53 - lr: 0.100000
2021-03-09 02:25:29,919 epoch 10 - iter 1150/5757 - loss 0.01579405 - samples/sec: 340.39 - lr: 0.100000
2021-03-09 02:26:24,022 epoch 10 - iter 1725/5757 - loss 0.01571486 - samples/sec: 340.21 - lr: 0.100000
2021-03-09 02:27:18,005 epoch 10 - iter 2300/5757 - loss 0.01590677 - samples/sec: 340.96 - lr: 0.100000
2021-03-09 02:28:12,809 epoch 10 - iter 2875/5757 - loss 0.01576322 - samples/sec: 335.86 - lr: 0.100000
2021-03-09 02:29:07,154 epoch 10 - iter 3450/5757 - loss 0.01582260 - samples/sec: 338.69 - lr: 0.100000
2021-03-09 02:30:01,386 epoch 10 - iter 4025/5757 - loss 0.01584092 - samples/sec: 339.40 - lr: 0.100000
2021-03-09 02:30:55,991 epoch 10 - iter 4600/5757 - loss 0.01581871 - samples/sec: 337.08 - lr: 0.100000
2021-03-09 02:31:50,285 epoch 10 - iter 5175/5757 - loss 0.01572474 - samples/sec: 339.00 - lr: 0.100000
2021-03-09 02:32:44,878 epoch 10 - iter 5750/5757 - loss 0.01571524 - samples/sec: 337.15 - lr: 0.100000
2021-03-09 02:32:45,593 ----------------------------------------------------------------------------------------------------
2021-03-09 02:32:45,593 EPOCH 10 done: loss 0.0157 - lr 0.1000000
2021-03-09 02:33:35,100 DEV : loss 24.698240280151367 - score 0.1047
2021-03-09 02:33:35,113 BAD EPOCHS (no improvement): 0
2021-03-09 02:33:35,280 ----------------------------------------------------------------------------------------------------
2021-03-09 02:34:29,771 epoch 11 - iter 575/5757 - loss 0.01556727 - samples/sec: 337.85 - lr: 0.100000
2021-03-09 02:35:24,203 epoch 11 - iter 1150/5757 - loss 0.01563536 - samples/sec: 338.15 - lr: 0.100000
2021-03-09 02:36:18,773 epoch 11 - iter 1725/5757 - loss 0.01522870 - samples/sec: 337.29 - lr: 0.100000
2021-03-09 02:37:13,180 epoch 11 - iter 2300/5757 - loss 0.01499921 - samples/sec: 338.30 - lr: 0.100000
2021-03-09 02:38:08,187 epoch 11 - iter 2875/5757 - loss 0.01491770 - samples/sec: 334.61 - lr: 0.100000
2021-03-09 02:39:02,570 epoch 11 - iter 3450/5757 - loss 0.01492946 - samples/sec: 338.45 - lr: 0.100000
2021-03-09 02:39:56,983 epoch 11 - iter 4025/5757 - loss 0.01486050 - samples/sec: 338.26 - lr: 0.100000
2021-03-09 02:40:50,835 epoch 11 - iter 4600/5757 - loss 0.01486416 - samples/sec: 341.79 - lr: 0.100000
2021-03-09 02:41:45,759 epoch 11 - iter 5175/5757 - loss 0.01483362 - samples/sec: 335.12 - lr: 0.100000
2021-03-09 02:42:40,560 epoch 11 - iter 5750/5757 - loss 0.01486772 - samples/sec: 335.87 - lr: 0.100000
2021-03-09 02:42:41,224 ----------------------------------------------------------------------------------------------------
2021-03-09 02:42:41,225 EPOCH 11 done: loss 0.0149 - lr 0.1000000
2021-03-09 02:43:30,997 DEV : loss 23.723495483398438 - score 0.1047
2021-03-09 02:43:31,010 BAD EPOCHS (no improvement): 1
2021-03-09 02:43:31,016 ----------------------------------------------------------------------------------------------------
2021-03-09 02:44:25,305 epoch 12 - iter 575/5757 - loss 0.01424119 - samples/sec: 339.11 - lr: 0.100000
2021-03-09 02:45:19,730 epoch 12 - iter 1150/5757 - loss 0.01409201 - samples/sec: 338.19 - lr: 0.100000
2021-03-09 02:46:13,651 epoch 12 - iter 1725/5757 - loss 0.01427602 - samples/sec: 341.36 - lr: 0.100000
2021-03-09 02:47:07,829 epoch 12 - iter 2300/5757 - loss 0.01422993 - samples/sec: 339.73 - lr: 0.100000
2021-03-09 02:48:02,947 epoch 12 - iter 2875/5757 - loss 0.01424628 - samples/sec: 333.94 - lr: 0.100000
2021-03-09 02:48:56,972 epoch 12 - iter 3450/5757 - loss 0.01418162 - samples/sec: 340.70 - lr: 0.100000
2021-03-09 02:49:50,719 epoch 12 - iter 4025/5757 - loss 0.01414436 - samples/sec: 342.46 - lr: 0.100000
2021-03-09 02:50:45,022 epoch 12 - iter 4600/5757 - loss 0.01418071 - samples/sec: 338.95 - lr: 0.100000
2021-03-09 02:51:40,422 epoch 12 - iter 5175/5757 - loss 0.01416590 - samples/sec: 332.24 - lr: 0.100000
2021-03-09 02:52:34,665 epoch 12 - iter 5750/5757 - loss 0.01411696 - samples/sec: 339.33 - lr: 0.100000
2021-03-09 02:52:35,289 ----------------------------------------------------------------------------------------------------
2021-03-09 02:52:35,289 EPOCH 12 done: loss 0.0141 - lr 0.1000000
2021-03-09 02:53:25,012 DEV : loss 22.88027000427246 - score 0.1046
2021-03-09 02:53:25,026 BAD EPOCHS (no improvement): 2
2021-03-09 02:53:25,030 ----------------------------------------------------------------------------------------------------
2021-03-09 02:54:19,339 epoch 13 - iter 575/5757 - loss 0.01389688 - samples/sec: 338.98 - lr: 0.100000
2021-03-09 02:55:13,942 epoch 13 - iter 1150/5757 - loss 0.01374143 - samples/sec: 337.09 - lr: 0.100000
2021-03-09 02:56:07,508 epoch 13 - iter 1725/5757 - loss 0.01350319 - samples/sec: 343.61 - lr: 0.100000
2021-03-09 02:57:01,764 epoch 13 - iter 2300/5757 - loss 0.01361048 - samples/sec: 339.25 - lr: 0.100000
2021-03-09 02:57:56,375 epoch 13 - iter 2875/5757 - loss 0.01357001 - samples/sec: 337.04 - lr: 0.100000
2021-03-09 02:58:50,889 epoch 13 - iter 3450/5757 - loss 0.01366907 - samples/sec: 337.64 - lr: 0.100000
2021-03-09 02:59:45,454 epoch 13 - iter 4025/5757 - loss 0.01360104 - samples/sec: 337.33 - lr: 0.100000
2021-03-09 03:00:40,322 epoch 13 - iter 4600/5757 - loss 0.01349809 - samples/sec: 335.46 - lr: 0.100000
2021-03-09 03:01:34,854 epoch 13 - iter 5175/5757 - loss 0.01348628 - samples/sec: 337.53 - lr: 0.100000
2021-03-09 03:02:29,649 epoch 13 - iter 5750/5757 - loss 0.01346295 - samples/sec: 335.90 - lr: 0.100000
2021-03-09 03:02:30,324 ----------------------------------------------------------------------------------------------------
2021-03-09 03:02:30,324 EPOCH 13 done: loss 0.0135 - lr 0.1000000
2021-03-09 03:03:20,023 DEV : loss 22.243732452392578 - score 0.1046
2021-03-09 03:03:20,036 BAD EPOCHS (no improvement): 3
2021-03-09 03:03:20,040 ----------------------------------------------------------------------------------------------------
2021-03-09 03:04:14,277 epoch 14 - iter 575/5757 - loss 0.01276389 - samples/sec: 339.43 - lr: 0.100000
2021-03-09 03:05:08,684 epoch 14 - iter 1150/5757 - loss 0.01332466 - samples/sec: 338.31 - lr: 0.100000
2021-03-09 03:06:02,900 epoch 14 - iter 1725/5757 - loss 0.01317765 - samples/sec: 339.49 - lr: 0.100000
2021-03-09 03:06:56,995 epoch 14 - iter 2300/5757 - loss 0.01314790 - samples/sec: 340.26 - lr: 0.100000
2021-03-09 03:07:52,083 epoch 14 - iter 2875/5757 - loss 0.01308740 - samples/sec: 334.12 - lr: 0.100000
2021-03-09 03:08:46,252 epoch 14 - iter 3450/5757 - loss 0.01302503 - samples/sec: 339.79 - lr: 0.100000
2021-03-09 03:09:40,864 epoch 14 - iter 4025/5757 - loss 0.01298386 - samples/sec: 337.04 - lr: 0.100000
2021-03-09 03:10:35,482 epoch 14 - iter 4600/5757 - loss 0.01297089 - samples/sec: 337.00 - lr: 0.100000
2021-03-09 03:11:29,653 epoch 14 - iter 5175/5757 - loss 0.01296523 - samples/sec: 339.78 - lr: 0.100000
2021-03-09 03:12:24,565 epoch 14 - iter 5750/5757 - loss 0.01293422 - samples/sec: 335.19 - lr: 0.100000
2021-03-09 03:12:25,175 ----------------------------------------------------------------------------------------------------
2021-03-09 03:12:25,175 EPOCH 14 done: loss 0.0129 - lr 0.1000000
2021-03-09 03:13:15,091 DEV : loss 21.6727294921875 - score 0.1043
2021-03-09 03:13:15,104 BAD EPOCHS (no improvement): 4
2021-03-09 03:13:15,110 ----------------------------------------------------------------------------------------------------
2021-03-09 03:14:09,380 epoch 15 - iter 575/5757 - loss 0.01241248 - samples/sec: 339.22 - lr: 0.050000
2021-03-09 03:15:03,457 epoch 15 - iter 1150/5757 - loss 0.01218881 - samples/sec: 340.37 - lr: 0.050000
2021-03-09 03:15:58,206 epoch 15 - iter 1725/5757 - loss 0.01228622 - samples/sec: 336.19 - lr: 0.050000
2021-03-09 03:16:52,311 epoch 15 - iter 2300/5757 - loss 0.01246869 - samples/sec: 340.19 - lr: 0.050000
2021-03-09 03:17:46,944 epoch 15 - iter 2875/5757 - loss 0.01244636 - samples/sec: 336.90 - lr: 0.050000
2021-03-09 03:18:41,975 epoch 15 - iter 3450/5757 - loss 0.01248691 - samples/sec: 334.47 - lr: 0.050000
2021-03-09 03:19:36,376 epoch 15 - iter 4025/5757 - loss 0.01248447 - samples/sec: 338.34 - lr: 0.050000
2021-03-09 03:20:31,411 epoch 15 - iter 4600/5757 - loss 0.01243032 - samples/sec: 334.45 - lr: 0.050000
2021-03-09 03:21:26,489 epoch 15 - iter 5175/5757 - loss 0.01240903 - samples/sec: 334.18 - lr: 0.050000
2021-03-09 03:22:20,815 epoch 15 - iter 5750/5757 - loss 0.01243752 - samples/sec: 338.81 - lr: 0.050000
2021-03-09 03:22:21,469 ----------------------------------------------------------------------------------------------------
2021-03-09 03:22:21,469 EPOCH 15 done: loss 0.0124 - lr 0.0500000
2021-03-09 03:23:11,127 DEV : loss 21.125608444213867 - score 0.1048
2021-03-09 03:23:11,141 BAD EPOCHS (no improvement): 0
2021-03-09 03:23:11,294 ----------------------------------------------------------------------------------------------------
2021-03-09 03:24:06,473 epoch 16 - iter 575/5757 - loss 0.01231755 - samples/sec: 333.64 - lr: 0.050000
2021-03-09 03:25:00,861 epoch 16 - iter 1150/5757 - loss 0.01255698 - samples/sec: 338.42 - lr: 0.050000
2021-03-09 03:25:54,763 epoch 16 - iter 1725/5757 - loss 0.01257057 - samples/sec: 341.48 - lr: 0.050000
2021-03-09 03:26:49,406 epoch 16 - iter 2300/5757 - loss 0.01252732 - samples/sec: 336.84 - lr: 0.050000
2021-03-09 03:27:43,223 epoch 16 - iter 2875/5757 - loss 0.01238257 - samples/sec: 342.01 - lr: 0.050000
2021-03-09 03:28:37,226 epoch 16 - iter 3450/5757 - loss 0.01239761 - samples/sec: 340.83 - lr: 0.050000
2021-03-09 03:29:31,696 epoch 16 - iter 4025/5757 - loss 0.01233607 - samples/sec: 337.91 - lr: 0.050000
2021-03-09 03:30:26,571 epoch 16 - iter 4600/5757 - loss 0.01219730 - samples/sec: 335.42 - lr: 0.050000
2021-03-09 03:31:21,495 epoch 16 - iter 5175/5757 - loss 0.01214527 - samples/sec: 335.12 - lr: 0.050000
2021-03-09 03:32:15,416 epoch 16 - iter 5750/5757 - loss 0.01216960 - samples/sec: 341.36 - lr: 0.050000
2021-03-09 03:32:16,069 ----------------------------------------------------------------------------------------------------
2021-03-09 03:32:16,069 EPOCH 16 done: loss 0.0122 - lr 0.0500000
2021-03-09 03:33:05,624 DEV : loss 20.958797454833984 - score 0.1048
2021-03-09 03:33:05,637 BAD EPOCHS (no improvement): 0
2021-03-09 03:33:05,826 ----------------------------------------------------------------------------------------------------
2021-03-09 03:34:00,406 epoch 17 - iter 575/5757 - loss 0.01248395 - samples/sec: 337.30 - lr: 0.050000
2021-03-09 03:34:53,981 epoch 17 - iter 1150/5757 - loss 0.01222739 - samples/sec: 343.55 - lr: 0.050000
2021-03-09 03:35:49,004 epoch 17 - iter 1725/5757 - loss 0.01202899 - samples/sec: 334.52 - lr: 0.050000
2021-03-09 03:36:42,607 epoch 17 - iter 2300/5757 - loss 0.01199256 - samples/sec: 343.38 - lr: 0.050000
2021-03-09 03:37:37,121 epoch 17 - iter 2875/5757 - loss 0.01196746 - samples/sec: 337.64 - lr: 0.050000
2021-03-09 03:38:31,106 epoch 17 - iter 3450/5757 - loss 0.01194283 - samples/sec: 340.95 - lr: 0.050000
2021-03-09 03:39:25,684 epoch 17 - iter 4025/5757 - loss 0.01194687 - samples/sec: 337.24 - lr: 0.050000
2021-03-09 03:40:20,305 epoch 17 - iter 4600/5757 - loss 0.01201289 - samples/sec: 336.97 - lr: 0.050000
2021-03-09 03:41:14,984 epoch 17 - iter 5175/5757 - loss 0.01194058 - samples/sec: 336.62 - lr: 0.050000
2021-03-09 03:42:09,474 epoch 17 - iter 5750/5757 - loss 0.01196800 - samples/sec: 337.78 - lr: 0.050000
2021-03-09 03:42:10,119 ----------------------------------------------------------------------------------------------------
2021-03-09 03:42:10,119 EPOCH 17 done: loss 0.0120 - lr 0.0500000
2021-03-09 03:42:59,686 DEV : loss 20.811756134033203 - score 0.1047
2021-03-09 03:42:59,699 BAD EPOCHS (no improvement): 1
2021-03-09 03:42:59,712 ----------------------------------------------------------------------------------------------------
2021-03-09 03:43:54,232 epoch 18 - iter 575/5757 - loss 0.01210386 - samples/sec: 337.66 - lr: 0.050000
2021-03-09 03:44:48,013 epoch 18 - iter 1150/5757 - loss 0.01187931 - samples/sec: 342.24 - lr: 0.050000
2021-03-09 03:45:42,324 epoch 18 - iter 1725/5757 - loss 0.01189369 - samples/sec: 338.90 - lr: 0.050000
2021-03-09 03:46:36,675 epoch 18 - iter 2300/5757 - loss 0.01183197 - samples/sec: 338.66 - lr: 0.050000
2021-03-09 03:47:30,960 epoch 18 - iter 2875/5757 - loss 0.01170706 - samples/sec: 339.06 - lr: 0.050000
2021-03-09 03:48:25,096 epoch 18 - iter 3450/5757 - loss 0.01171365 - samples/sec: 340.00 - lr: 0.050000
2021-03-09 03:49:19,898 epoch 18 - iter 4025/5757 - loss 0.01165325 - samples/sec: 335.87 - lr: 0.050000
2021-03-09 03:50:14,097 epoch 18 - iter 4600/5757 - loss 0.01171005 - samples/sec: 339.60 - lr: 0.050000
2021-03-09 03:51:08,776 epoch 18 - iter 5175/5757 - loss 0.01171780 - samples/sec: 336.62 - lr: 0.050000
2021-03-09 03:52:03,376 epoch 18 - iter 5750/5757 - loss 0.01174613 - samples/sec: 337.10 - lr: 0.050000
2021-03-09 03:52:04,032 ----------------------------------------------------------------------------------------------------
2021-03-09 03:52:04,032 EPOCH 18 done: loss 0.0117 - lr 0.0500000
2021-03-09 03:52:53,466 DEV : loss 20.543190002441406 - score 0.1046
2021-03-09 03:52:53,480 BAD EPOCHS (no improvement): 2
2021-03-09 03:52:53,511 ----------------------------------------------------------------------------------------------------
2021-03-09 03:53:48,420 epoch 19 - iter 575/5757 - loss 0.01164531 - samples/sec: 335.26 - lr: 0.050000
2021-03-09 03:54:42,153 epoch 19 - iter 1150/5757 - loss 0.01182901 - samples/sec: 342.55 - lr: 0.050000
2021-03-09 03:55:36,311 epoch 19 - iter 1725/5757 - loss 0.01176045 - samples/sec: 339.86 - lr: 0.050000
2021-03-09 03:56:31,216 epoch 19 - iter 2300/5757 - loss 0.01183196 - samples/sec: 335.24 - lr: 0.050000
2021-03-09 03:57:26,158 epoch 19 - iter 2875/5757 - loss 0.01163203 - samples/sec: 335.01 - lr: 0.050000
2021-03-09 03:58:20,899 epoch 19 - iter 3450/5757 - loss 0.01167201 - samples/sec: 336.24 - lr: 0.050000
2021-03-09 03:59:15,277 epoch 19 - iter 4025/5757 - loss 0.01159329 - samples/sec: 338.48 - lr: 0.050000
2021-03-09 04:00:09,678 epoch 19 - iter 4600/5757 - loss 0.01155860 - samples/sec: 338.34 - lr: 0.050000
2021-03-09 04:01:04,247 epoch 19 - iter 5175/5757 - loss 0.01157361 - samples/sec: 337.30 - lr: 0.050000
2021-03-09 04:01:58,127 epoch 19 - iter 5750/5757 - loss 0.01152437 - samples/sec: 341.61 - lr: 0.050000
2021-03-09 04:01:58,795 ----------------------------------------------------------------------------------------------------
2021-03-09 04:01:58,795 EPOCH 19 done: loss 0.0115 - lr 0.0500000
2021-03-09 04:02:48,422 DEV : loss 20.086103439331055 - score 0.1048
2021-03-09 04:02:48,435 BAD EPOCHS (no improvement): 3
2021-03-09 04:02:48,448 ----------------------------------------------------------------------------------------------------
2021-03-09 04:03:42,985 epoch 20 - iter 575/5757 - loss 0.01151482 - samples/sec: 337.56 - lr: 0.050000
2021-03-09 04:04:37,270 epoch 20 - iter 1150/5757 - loss 0.01136964 - samples/sec: 339.06 - lr: 0.050000
2021-03-09 04:05:31,687 epoch 20 - iter 1725/5757 - loss 0.01139249 - samples/sec: 338.24 - lr: 0.050000
2021-03-09 04:06:25,992 epoch 20 - iter 2300/5757 - loss 0.01148802 - samples/sec: 338.94 - lr: 0.050000
2021-03-09 04:07:20,516 epoch 20 - iter 2875/5757 - loss 0.01141477 - samples/sec: 337.58 - lr: 0.050000
2021-03-09 04:08:15,008 epoch 20 - iter 3450/5757 - loss 0.01136395 - samples/sec: 337.78 - lr: 0.050000
2021-03-09 04:09:09,216 epoch 20 - iter 4025/5757 - loss 0.01136427 - samples/sec: 339.54 - lr: 0.050000
2021-03-09 04:10:03,677 epoch 20 - iter 4600/5757 - loss 0.01132868 - samples/sec: 337.97 - lr: 0.050000
2021-03-09 04:10:58,310 epoch 20 - iter 5175/5757 - loss 0.01133206 - samples/sec: 336.91 - lr: 0.050000
2021-03-09 04:11:52,378 epoch 20 - iter 5750/5757 - loss 0.01130945 - samples/sec: 340.43 - lr: 0.050000
2021-03-09 04:11:53,007 ----------------------------------------------------------------------------------------------------
2021-03-09 04:11:53,007 EPOCH 20 done: loss 0.0113 - lr 0.0500000
2021-03-09 04:12:42,946 DEV : loss 19.8855037689209 - score 0.1049
2021-03-09 04:12:42,959 BAD EPOCHS (no improvement): 0
2021-03-09 04:12:43,208 ----------------------------------------------------------------------------------------------------
2021-03-09 04:13:38,194 epoch 21 - iter 575/5757 - loss 0.01076970 - samples/sec: 334.81 - lr: 0.050000
2021-03-09 04:14:32,094 epoch 21 - iter 1150/5757 - loss 0.01101290 - samples/sec: 341.49 - lr: 0.050000
2021-03-09 04:15:26,577 epoch 21 - iter 1725/5757 - loss 0.01106172 - samples/sec: 337.84 - lr: 0.050000
2021-03-09 04:16:22,165 epoch 21 - iter 2300/5757 - loss 0.01105508 - samples/sec: 331.11 - lr: 0.050000
2021-03-09 04:17:15,894 epoch 21 - iter 2875/5757 - loss 0.01108693 - samples/sec: 342.58 - lr: 0.050000
2021-03-09 04:18:10,491 epoch 21 - iter 3450/5757 - loss 0.01109376 - samples/sec: 337.13 - lr: 0.050000
2021-03-09 04:19:04,793 epoch 21 - iter 4025/5757 - loss 0.01113455 - samples/sec: 338.96 - lr: 0.050000
2021-03-09 04:19:58,857 epoch 21 - iter 4600/5757 - loss 0.01111985 - samples/sec: 340.45 - lr: 0.050000
2021-03-09 04:20:53,636 epoch 21 - iter 5175/5757 - loss 0.01106141 - samples/sec: 336.00 - lr: 0.050000
2021-03-09 04:21:48,509 epoch 21 - iter 5750/5757 - loss 0.01110512 - samples/sec: 335.43 - lr: 0.050000
2021-03-09 04:21:49,200 ----------------------------------------------------------------------------------------------------
2021-03-09 04:21:49,201 EPOCH 21 done: loss 0.0111 - lr 0.0500000
2021-03-09 04:22:38,880 DEV : loss 19.7006778717041 - score 0.1049
2021-03-09 04:22:38,894 BAD EPOCHS (no improvement): 1
2021-03-09 04:22:38,899 ----------------------------------------------------------------------------------------------------
2021-03-09 04:23:34,313 epoch 22 - iter 575/5757 - loss 0.01103215 - samples/sec: 332.22 - lr: 0.050000
2021-03-09 04:24:28,767 epoch 22 - iter 1150/5757 - loss 0.01113634 - samples/sec: 338.01 - lr: 0.050000
2021-03-09 04:25:23,156 epoch 22 - iter 1725/5757 - loss 0.01094712 - samples/sec: 338.42 - lr: 0.050000
2021-03-09 04:26:18,089 epoch 22 - iter 2300/5757 - loss 0.01098017 - samples/sec: 335.06 - lr: 0.050000
2021-03-09 04:27:12,679 epoch 22 - iter 2875/5757 - loss 0.01110861 - samples/sec: 337.17 - lr: 0.050000
2021-03-09 04:28:07,491 epoch 22 - iter 3450/5757 - loss 0.01106763 - samples/sec: 335.80 - lr: 0.050000
2021-03-09 04:29:02,549 epoch 22 - iter 4025/5757 - loss 0.01097520 - samples/sec: 334.31 - lr: 0.050000
2021-03-09 04:29:56,960 epoch 22 - iter 4600/5757 - loss 0.01096141 - samples/sec: 338.28 - lr: 0.050000
2021-03-09 04:30:51,403 epoch 22 - iter 5175/5757 - loss 0.01095553 - samples/sec: 338.08 - lr: 0.050000
2021-03-09 04:31:46,363 epoch 22 - iter 5750/5757 - loss 0.01090221 - samples/sec: 334.89 - lr: 0.050000
2021-03-09 04:31:46,987 ----------------------------------------------------------------------------------------------------
2021-03-09 04:31:46,987 EPOCH 22 done: loss 0.0109 - lr 0.0500000
2021-03-09 04:32:36,274 DEV : loss 19.7249755859375 - score 0.1048
2021-03-09 04:32:36,287 BAD EPOCHS (no improvement): 2
2021-03-09 04:32:36,296 ----------------------------------------------------------------------------------------------------
2021-03-09 04:33:30,776 epoch 23 - iter 575/5757 - loss 0.01097370 - samples/sec: 337.92 - lr: 0.050000
2021-03-09 04:34:24,767 epoch 23 - iter 1150/5757 - loss 0.01095063 - samples/sec: 340.91 - lr: 0.050000
2021-03-09 04:35:19,965 epoch 23 - iter 1725/5757 - loss 0.01084820 - samples/sec: 333.45 - lr: 0.050000
2021-03-09 04:36:14,852 epoch 23 - iter 2300/5757 - loss 0.01086949 - samples/sec: 335.34 - lr: 0.050000
2021-03-09 04:37:09,244 epoch 23 - iter 2875/5757 - loss 0.01080718 - samples/sec: 338.40 - lr: 0.050000
2021-03-09 04:38:04,365 epoch 23 - iter 3450/5757 - loss 0.01074885 - samples/sec: 333.92 - lr: 0.050000
2021-03-09 04:38:58,771 epoch 23 - iter 4025/5757 - loss 0.01070250 - samples/sec: 338.31 - lr: 0.050000
2021-03-09 04:39:52,915 epoch 23 - iter 4600/5757 - loss 0.01072034 - samples/sec: 339.94 - lr: 0.050000
2021-03-09 04:40:48,060 epoch 23 - iter 5175/5757 - loss 0.01075800 - samples/sec: 333.77 - lr: 0.050000
2021-03-09 04:41:41,929 epoch 23 - iter 5750/5757 - loss 0.01076092 - samples/sec: 341.68 - lr: 0.050000
2021-03-09 04:41:42,585 ----------------------------------------------------------------------------------------------------
2021-03-09 04:41:42,585 EPOCH 23 done: loss 0.0108 - lr 0.0500000
2021-03-09 04:42:32,145 DEV : loss 19.366174697875977 - score 0.1049
2021-03-09 04:42:32,158 BAD EPOCHS (no improvement): 0
2021-03-09 04:42:32,336 ----------------------------------------------------------------------------------------------------
2021-03-09 04:43:27,143 epoch 24 - iter 575/5757 - loss 0.01052712 - samples/sec: 335.91 - lr: 0.050000
2021-03-09 04:44:21,754 epoch 24 - iter 1150/5757 - loss 0.01045964 - samples/sec: 337.04 - lr: 0.050000
2021-03-09 04:45:16,636 epoch 24 - iter 1725/5757 - loss 0.01046105 - samples/sec: 335.38 - lr: 0.050000
2021-03-09 04:46:12,206 epoch 24 - iter 2300/5757 - loss 0.01053313 - samples/sec: 331.23 - lr: 0.050000
2021-03-09 04:47:06,698 epoch 24 - iter 2875/5757 - loss 0.01057677 - samples/sec: 337.78 - lr: 0.050000
2021-03-09 04:48:01,630 epoch 24 - iter 3450/5757 - loss 0.01051138 - samples/sec: 335.08 - lr: 0.050000
2021-03-09 04:48:55,834 epoch 24 - iter 4025/5757 - loss 0.01052015 - samples/sec: 339.57 - lr: 0.050000
2021-03-09 04:49:50,292 epoch 24 - iter 4600/5757 - loss 0.01046831 - samples/sec: 337.99 - lr: 0.050000
2021-03-09 04:50:44,689 epoch 24 - iter 5175/5757 - loss 0.01052307 - samples/sec: 338.37 - lr: 0.050000
2021-03-09 04:51:39,556 epoch 24 - iter 5750/5757 - loss 0.01055026 - samples/sec: 335.46 - lr: 0.050000
2021-03-09 04:51:40,208 ----------------------------------------------------------------------------------------------------
2021-03-09 04:51:40,208 EPOCH 24 done: loss 0.0106 - lr 0.0500000
2021-03-09 04:52:29,910 DEV : loss 19.10625648498535 - score 0.1048
2021-03-09 04:52:29,923 BAD EPOCHS (no improvement): 1
2021-03-09 04:52:32,475 ----------------------------------------------------------------------------------------------------
2021-03-09 04:53:26,577 epoch 25 - iter 575/5757 - loss 0.01046861 - samples/sec: 340.28 - lr: 0.050000
2021-03-09 04:54:20,894 epoch 25 - iter 1150/5757 - loss 0.01025770 - samples/sec: 338.87 - lr: 0.050000
2021-03-09 04:55:14,741 epoch 25 - iter 1725/5757 - loss 0.01042573 - samples/sec: 341.82 - lr: 0.050000
2021-03-09 04:56:09,599 epoch 25 - iter 2300/5757 - loss 0.01034305 - samples/sec: 335.52 - lr: 0.050000
2021-03-09 04:57:04,184 epoch 25 - iter 2875/5757 - loss 0.01040810 - samples/sec: 337.20 - lr: 0.050000
2021-03-09 04:57:59,009 epoch 25 - iter 3450/5757 - loss 0.01045487 - samples/sec: 335.72 - lr: 0.050000
2021-03-09 04:58:53,544 epoch 25 - iter 4025/5757 - loss 0.01046910 - samples/sec: 337.52 - lr: 0.050000
2021-03-09 04:59:47,714 epoch 25 - iter 4600/5757 - loss 0.01046160 - samples/sec: 339.78 - lr: 0.050000
2021-03-09 05:00:42,261 epoch 25 - iter 5175/5757 - loss 0.01053039 - samples/sec: 337.43 - lr: 0.050000
2021-03-09 05:01:36,231 epoch 25 - iter 5750/5757 - loss 0.01050671 - samples/sec: 341.05 - lr: 0.050000
2021-03-09 05:01:36,927 ----------------------------------------------------------------------------------------------------
2021-03-09 05:01:36,927 EPOCH 25 done: loss 0.0105 - lr 0.0500000
2021-03-09 05:02:26,525 DEV : loss 19.1605281829834 - score 0.1046
2021-03-09 05:02:26,540 BAD EPOCHS (no improvement): 2
2021-03-09 05:02:26,590 ----------------------------------------------------------------------------------------------------
2021-03-09 05:03:21,824 epoch 26 - iter 575/5757 - loss 0.01042107 - samples/sec: 333.31 - lr: 0.050000
2021-03-09 05:04:16,139 epoch 26 - iter 1150/5757 - loss 0.01040678 - samples/sec: 338.87 - lr: 0.050000
2021-03-09 05:05:10,832 epoch 26 - iter 1725/5757 - loss 0.01035524 - samples/sec: 336.53 - lr: 0.050000
2021-03-09 05:06:05,207 epoch 26 - iter 2300/5757 - loss 0.01029299 - samples/sec: 338.50 - lr: 0.050000
2021-03-09 05:07:00,093 epoch 26 - iter 2875/5757 - loss 0.01028943 - samples/sec: 335.35 - lr: 0.050000
2021-03-09 05:07:54,672 epoch 26 - iter 3450/5757 - loss 0.01031839 - samples/sec: 337.24 - lr: 0.050000
2021-03-09 05:08:49,222 epoch 26 - iter 4025/5757 - loss 0.01037147 - samples/sec: 337.42 - lr: 0.050000
2021-03-09 05:09:43,760 epoch 26 - iter 4600/5757 - loss 0.01038204 - samples/sec: 337.49 - lr: 0.050000
2021-03-09 05:10:38,708 epoch 26 - iter 5175/5757 - loss 0.01034792 - samples/sec: 334.98 - lr: 0.050000
2021-03-09 05:11:33,988 epoch 26 - iter 5750/5757 - loss 0.01034002 - samples/sec: 332.96 - lr: 0.050000
2021-03-09 05:11:34,701 ----------------------------------------------------------------------------------------------------
2021-03-09 05:11:34,701 EPOCH 26 done: loss 0.0103 - lr 0.0500000
2021-03-09 05:12:24,471 DEV : loss 18.913766860961914 - score 0.1048
2021-03-09 05:12:24,484 BAD EPOCHS (no improvement): 3
2021-03-09 05:12:24,490 ----------------------------------------------------------------------------------------------------
2021-03-09 05:13:18,733 epoch 27 - iter 575/5757 - loss 0.01022276 - samples/sec: 339.40 - lr: 0.050000
2021-03-09 05:14:13,345 epoch 27 - iter 1150/5757 - loss 0.01004385 - samples/sec: 337.03 - lr: 0.050000
2021-03-09 05:15:08,297 epoch 27 - iter 1725/5757 - loss 0.01004441 - samples/sec: 334.95 - lr: 0.050000
2021-03-09 05:16:02,468 epoch 27 - iter 2300/5757 - loss 0.01018903 - samples/sec: 339.78 - lr: 0.050000
2021-03-09 05:16:57,455 epoch 27 - iter 2875/5757 - loss 0.01024837 - samples/sec: 334.74 - lr: 0.050000
2021-03-09 05:17:51,727 epoch 27 - iter 3450/5757 - loss 0.01027304 - samples/sec: 339.15 - lr: 0.050000
2021-03-09 05:18:46,810 epoch 27 - iter 4025/5757 - loss 0.01023988 - samples/sec: 334.15 - lr: 0.050000
2021-03-09 05:19:41,399 epoch 27 - iter 4600/5757 - loss 0.01018487 - samples/sec: 337.17 - lr: 0.050000
2021-03-09 05:20:36,027 epoch 27 - iter 5175/5757 - loss 0.01017614 - samples/sec: 336.94 - lr: 0.050000
2021-03-09 05:21:30,623 epoch 27 - iter 5750/5757 - loss 0.01015531 - samples/sec: 337.13 - lr: 0.050000
2021-03-09 05:21:31,260 ----------------------------------------------------------------------------------------------------
2021-03-09 05:21:31,260 EPOCH 27 done: loss 0.0102 - lr 0.0500000
2021-03-09 05:22:20,658 DEV : loss 18.74031639099121 - score 0.1047
2021-03-09 05:22:20,672 BAD EPOCHS (no improvement): 4
2021-03-09 05:22:20,677 ----------------------------------------------------------------------------------------------------
2021-03-09 05:23:14,978 epoch 28 - iter 575/5757 - loss 0.00977459 - samples/sec: 339.03 - lr: 0.025000
2021-03-09 05:24:09,840 epoch 28 - iter 1150/5757 - loss 0.01002706 - samples/sec: 335.50 - lr: 0.025000
2021-03-09 05:25:04,575 epoch 28 - iter 1725/5757 - loss 0.01018431 - samples/sec: 336.28 - lr: 0.025000
2021-03-09 05:25:58,896 epoch 28 - iter 2300/5757 - loss 0.01017368 - samples/sec: 338.83 - lr: 0.025000
2021-03-09 05:26:54,263 epoch 28 - iter 2875/5757 - loss 0.01010807 - samples/sec: 332.44 - lr: 0.025000
2021-03-09 05:27:48,580 epoch 28 - iter 3450/5757 - loss 0.01009264 - samples/sec: 338.86 - lr: 0.025000
2021-03-09 05:28:42,912 epoch 28 - iter 4025/5757 - loss 0.01004968 - samples/sec: 338.77 - lr: 0.025000
2021-03-09 05:29:38,039 epoch 28 - iter 4600/5757 - loss 0.00999257 - samples/sec: 333.88 - lr: 0.025000
2021-03-09 05:30:32,496 epoch 28 - iter 5175/5757 - loss 0.00995511 - samples/sec: 337.99 - lr: 0.025000
2021-03-09 05:31:27,558 epoch 28 - iter 5750/5757 - loss 0.00995678 - samples/sec: 334.27 - lr: 0.025000
2021-03-09 05:31:28,194 ----------------------------------------------------------------------------------------------------
2021-03-09 05:31:28,194 EPOCH 28 done: loss 0.0100 - lr 0.0250000
2021-03-09 05:32:17,669 DEV : loss 18.565750122070312 - score 0.1049
2021-03-09 05:32:17,682 BAD EPOCHS (no improvement): 1
2021-03-09 05:32:17,687 ----------------------------------------------------------------------------------------------------
2021-03-09 05:33:12,489 epoch 29 - iter 575/5757 - loss 0.00977046 - samples/sec: 335.94 - lr: 0.025000
2021-03-09 05:34:06,465 epoch 29 - iter 1150/5757 - loss 0.00988996 - samples/sec: 341.00 - lr: 0.025000
2021-03-09 05:35:01,310 epoch 29 - iter 1725/5757 - loss 0.00992456 - samples/sec: 335.60 - lr: 0.025000
2021-03-09 05:35:55,714 epoch 29 - iter 2300/5757 - loss 0.00999156 - samples/sec: 338.32 - lr: 0.025000
2021-03-09 05:36:49,911 epoch 29 - iter 2875/5757 - loss 0.00983405 - samples/sec: 339.62 - lr: 0.025000
2021-03-09 05:37:44,282 epoch 29 - iter 3450/5757 - loss 0.00978672 - samples/sec: 338.53 - lr: 0.025000
2021-03-09 05:38:38,490 epoch 29 - iter 4025/5757 - loss 0.00979736 - samples/sec: 339.54 - lr: 0.025000
2021-03-09 05:39:32,992 epoch 29 - iter 4600/5757 - loss 0.00986830 - samples/sec: 337.71 - lr: 0.025000
2021-03-09 05:40:27,188 epoch 29 - iter 5175/5757 - loss 0.00988365 - samples/sec: 339.62 - lr: 0.025000
2021-03-09 05:41:21,751 epoch 29 - iter 5750/5757 - loss 0.00987915 - samples/sec: 337.33 - lr: 0.025000
2021-03-09 05:41:22,355 ----------------------------------------------------------------------------------------------------
2021-03-09 05:41:22,355 EPOCH 29 done: loss 0.0099 - lr 0.0250000
2021-03-09 05:42:12,169 DEV : loss 18.48651123046875 - score 0.1048
2021-03-09 05:42:12,183 BAD EPOCHS (no improvement): 2
2021-03-09 05:42:12,215 ----------------------------------------------------------------------------------------------------
2021-03-09 05:43:06,751 epoch 30 - iter 575/5757 - loss 0.00973729 - samples/sec: 337.57 - lr: 0.025000
2021-03-09 05:44:02,240 epoch 30 - iter 1150/5757 - loss 0.00970416 - samples/sec: 331.71 - lr: 0.025000
2021-03-09 05:44:57,669 epoch 30 - iter 1725/5757 - loss 0.00985921 - samples/sec: 332.06 - lr: 0.025000
2021-03-09 05:45:52,519 epoch 30 - iter 2300/5757 - loss 0.00978876 - samples/sec: 335.57 - lr: 0.025000
2021-03-09 05:46:46,828 epoch 30 - iter 2875/5757 - loss 0.00989446 - samples/sec: 338.91 - lr: 0.025000
2021-03-09 05:47:41,332 epoch 30 - iter 3450/5757 - loss 0.00990933 - samples/sec: 337.70 - lr: 0.025000
2021-03-09 05:48:36,076 epoch 30 - iter 4025/5757 - loss 0.00988648 - samples/sec: 336.22 - lr: 0.025000
2021-03-09 05:49:31,475 epoch 30 - iter 4600/5757 - loss 0.00983674 - samples/sec: 332.24 - lr: 0.025000
2021-03-09 05:50:25,211 epoch 30 - iter 5175/5757 - loss 0.00982172 - samples/sec: 342.52 - lr: 0.025000
2021-03-09 05:51:19,590 epoch 30 - iter 5750/5757 - loss 0.00979652 - samples/sec: 338.48 - lr: 0.025000
2021-03-09 05:51:20,260 ----------------------------------------------------------------------------------------------------
2021-03-09 05:51:20,260 EPOCH 30 done: loss 0.0098 - lr 0.0250000
2021-03-09 05:52:09,826 DEV : loss 18.395612716674805 - score 0.1049
2021-03-09 05:52:09,839 BAD EPOCHS (no improvement): 3
2021-03-09 05:52:09,978 ----------------------------------------------------------------------------------------------------
2021-03-09 05:52:09,978 Testing using best model ...
2021-03-09 05:52:09,978 loading file resources/taggers/1_h256/best-model.pt
2021-03-09 05:52:54,130 	0.1052493587209285
2021-03-09 05:52:54,130 
Results:
- F1-score : 0.10520851747459775
- Precision-score : 0.1051735232725747
- Recall-score : 0.1052493587209285
2021-03-09 05:52:54,130 ----------------------------------------------------------------------------------------------------
