2021-03-09 05:52:54,203 ----------------------------------------------------------------------------------------------------
2021-03-09 05:52:54,203 Model: "FlairTokenizer(
  (character_embeddings): Embedding(6568, 256)
  (embeddings): Embedding(6568, 256)
  (lstm): LSTM(256, 512, bidirectional=True)
  (hidden2tag): Linear(in_features=1024, out_features=5, bias=True)
  (loss_function): NLLLoss()
)"
2021-03-09 05:52:54,203 ----------------------------------------------------------------------------------------------------
2021-03-09 05:52:54,204 Corpus: "Corpus: 184223 train + 20009 dev + 18201 test sentences"
2021-03-09 05:52:54,204 ----------------------------------------------------------------------------------------------------
2021-03-09 05:52:54,204 Parameters:
2021-03-09 05:52:54,204  - learning_rate: "0.1"
2021-03-09 05:52:54,204  - mini_batch_size: "32"
2021-03-09 05:52:54,204  - patience: "3"
2021-03-09 05:52:54,204  - anneal_factor: "0.5"
2021-03-09 05:52:54,204  - max_epochs: "30"
2021-03-09 05:52:54,204  - shuffle: "True"
2021-03-09 05:52:54,204  - train_with_dev: "False"
2021-03-09 05:52:54,204  - batch_growth_annealing: "False"
2021-03-09 05:52:54,204 ----------------------------------------------------------------------------------------------------
2021-03-09 05:52:54,204 Model training base path: "resources/taggers/1_h512"
2021-03-09 05:52:54,204 ----------------------------------------------------------------------------------------------------
2021-03-09 05:52:54,204 Device: cuda:0
2021-03-09 05:52:54,204 ----------------------------------------------------------------------------------------------------
2021-03-09 05:52:54,204 Embeddings storage mode: cpu
2021-03-09 05:52:54,238 ----------------------------------------------------------------------------------------------------
2021-03-09 05:54:08,975 epoch 1 - iter 575/5757 - loss 0.31508513 - samples/sec: 246.29 - lr: 0.100000
2021-03-09 05:55:23,830 epoch 1 - iter 1150/5757 - loss 0.21244926 - samples/sec: 245.87 - lr: 0.100000
2021-03-09 05:56:37,826 epoch 1 - iter 1725/5757 - loss 0.17015008 - samples/sec: 248.72 - lr: 0.100000
2021-03-09 05:57:53,112 epoch 1 - iter 2300/5757 - loss 0.14643031 - samples/sec: 244.46 - lr: 0.100000
2021-03-09 05:59:07,895 epoch 1 - iter 2875/5757 - loss 0.13057436 - samples/sec: 246.10 - lr: 0.100000
2021-03-09 06:00:21,877 epoch 1 - iter 3450/5757 - loss 0.11945534 - samples/sec: 248.77 - lr: 0.100000
2021-03-09 06:01:38,379 epoch 1 - iter 4025/5757 - loss 0.11060988 - samples/sec: 240.58 - lr: 0.100000
2021-03-09 06:02:55,196 epoch 1 - iter 4600/5757 - loss 0.10338719 - samples/sec: 239.59 - lr: 0.100000
2021-03-09 06:04:11,487 epoch 1 - iter 5175/5757 - loss 0.09753164 - samples/sec: 241.24 - lr: 0.100000
2021-03-09 06:05:26,344 epoch 1 - iter 5750/5757 - loss 0.09258700 - samples/sec: 245.87 - lr: 0.100000
2021-03-09 06:05:27,420 ----------------------------------------------------------------------------------------------------
2021-03-09 06:05:27,420 EPOCH 1 done: loss 0.0925 - lr 0.1000000
2021-03-09 06:06:20,010 DEV : loss 64.46894073486328 - score 0.1039
2021-03-09 06:06:20,023 BAD EPOCHS (no improvement): 0
2021-03-09 06:06:20,241 ----------------------------------------------------------------------------------------------------
2021-03-09 06:07:36,914 epoch 2 - iter 575/5757 - loss 0.04526053 - samples/sec: 240.07 - lr: 0.100000
2021-03-09 06:08:53,173 epoch 2 - iter 1150/5757 - loss 0.04432997 - samples/sec: 241.34 - lr: 0.100000
2021-03-09 06:10:07,785 epoch 2 - iter 1725/5757 - loss 0.04393469 - samples/sec: 246.67 - lr: 0.100000
2021-03-09 06:11:22,726 epoch 2 - iter 2300/5757 - loss 0.04316086 - samples/sec: 245.59 - lr: 0.100000
2021-03-09 06:12:38,769 epoch 2 - iter 2875/5757 - loss 0.04258343 - samples/sec: 242.03 - lr: 0.100000
2021-03-09 06:13:54,631 epoch 2 - iter 3450/5757 - loss 0.04230528 - samples/sec: 242.60 - lr: 0.100000
2021-03-09 06:15:09,044 epoch 2 - iter 4025/5757 - loss 0.04164957 - samples/sec: 247.33 - lr: 0.100000
2021-03-09 06:16:24,005 epoch 2 - iter 4600/5757 - loss 0.04097204 - samples/sec: 245.52 - lr: 0.100000
2021-03-09 06:17:39,135 epoch 2 - iter 5175/5757 - loss 0.04049196 - samples/sec: 244.97 - lr: 0.100000
2021-03-09 06:18:53,921 epoch 2 - iter 5750/5757 - loss 0.03989581 - samples/sec: 246.10 - lr: 0.100000
2021-03-09 06:18:54,800 ----------------------------------------------------------------------------------------------------
2021-03-09 06:18:54,801 EPOCH 2 done: loss 0.0399 - lr 0.1000000
2021-03-09 06:19:47,051 DEV : loss 48.690486907958984 - score 0.1038
2021-03-09 06:19:47,064 BAD EPOCHS (no improvement): 1
2021-03-09 06:19:47,072 ----------------------------------------------------------------------------------------------------
2021-03-09 06:21:01,866 epoch 3 - iter 575/5757 - loss 0.03388456 - samples/sec: 246.11 - lr: 0.100000
2021-03-09 06:22:16,709 epoch 3 - iter 1150/5757 - loss 0.03330658 - samples/sec: 245.91 - lr: 0.100000
2021-03-09 06:23:32,586 epoch 3 - iter 1725/5757 - loss 0.03313355 - samples/sec: 242.56 - lr: 0.100000
2021-03-09 06:24:47,142 epoch 3 - iter 2300/5757 - loss 0.03327604 - samples/sec: 246.85 - lr: 0.100000
2021-03-09 06:26:01,528 epoch 3 - iter 2875/5757 - loss 0.03281255 - samples/sec: 247.42 - lr: 0.100000
2021-03-09 06:27:17,737 epoch 3 - iter 3450/5757 - loss 0.03259921 - samples/sec: 241.50 - lr: 0.100000
2021-03-09 06:28:32,894 epoch 3 - iter 4025/5757 - loss 0.03227299 - samples/sec: 244.88 - lr: 0.100000
2021-03-09 06:29:48,963 epoch 3 - iter 4600/5757 - loss 0.03189040 - samples/sec: 241.95 - lr: 0.100000
2021-03-09 06:31:03,752 epoch 3 - iter 5175/5757 - loss 0.03158002 - samples/sec: 246.08 - lr: 0.100000
2021-03-09 06:32:19,154 epoch 3 - iter 5750/5757 - loss 0.03137420 - samples/sec: 244.09 - lr: 0.100000
2021-03-09 06:32:20,032 ----------------------------------------------------------------------------------------------------
2021-03-09 06:32:20,032 EPOCH 3 done: loss 0.0314 - lr 0.1000000
2021-03-09 06:33:12,699 DEV : loss 41.1823844909668 - score 0.1044
2021-03-09 06:33:12,713 BAD EPOCHS (no improvement): 0
2021-03-09 06:33:13,030 ----------------------------------------------------------------------------------------------------
2021-03-09 06:34:28,086 epoch 4 - iter 575/5757 - loss 0.02940094 - samples/sec: 245.24 - lr: 0.100000
2021-03-09 06:35:42,395 epoch 4 - iter 1150/5757 - loss 0.02885203 - samples/sec: 247.68 - lr: 0.100000
2021-03-09 06:36:57,367 epoch 4 - iter 1725/5757 - loss 0.02888177 - samples/sec: 245.48 - lr: 0.100000
2021-03-09 06:38:13,105 epoch 4 - iter 2300/5757 - loss 0.02814388 - samples/sec: 243.00 - lr: 0.100000
2021-03-09 06:39:27,188 epoch 4 - iter 2875/5757 - loss 0.02778463 - samples/sec: 248.43 - lr: 0.100000
2021-03-09 06:40:42,322 epoch 4 - iter 3450/5757 - loss 0.02750798 - samples/sec: 244.96 - lr: 0.100000
2021-03-09 06:41:57,760 epoch 4 - iter 4025/5757 - loss 0.02737334 - samples/sec: 243.96 - lr: 0.100000
2021-03-09 06:43:13,010 epoch 4 - iter 4600/5757 - loss 0.02706708 - samples/sec: 244.58 - lr: 0.100000
2021-03-09 06:44:28,230 epoch 4 - iter 5175/5757 - loss 0.02683802 - samples/sec: 244.67 - lr: 0.100000
2021-03-09 06:45:44,854 epoch 4 - iter 5750/5757 - loss 0.02660608 - samples/sec: 240.19 - lr: 0.100000
2021-03-09 06:45:45,780 ----------------------------------------------------------------------------------------------------
2021-03-09 06:45:45,780 EPOCH 4 done: loss 0.0266 - lr 0.1000000
2021-03-09 06:46:38,546 DEV : loss 37.07311248779297 - score 0.1041
2021-03-09 06:46:38,559 BAD EPOCHS (no improvement): 1
2021-03-09 06:46:38,570 ----------------------------------------------------------------------------------------------------
2021-03-09 06:47:52,971 epoch 5 - iter 575/5757 - loss 0.02541063 - samples/sec: 247.41 - lr: 0.100000
2021-03-09 06:49:07,564 epoch 5 - iter 1150/5757 - loss 0.02484020 - samples/sec: 246.73 - lr: 0.100000
2021-03-09 06:50:21,999 epoch 5 - iter 1725/5757 - loss 0.02464276 - samples/sec: 247.26 - lr: 0.100000
2021-03-09 06:51:36,885 epoch 5 - iter 2300/5757 - loss 0.02454344 - samples/sec: 245.77 - lr: 0.100000
2021-03-09 06:52:52,466 epoch 5 - iter 2875/5757 - loss 0.02444374 - samples/sec: 243.51 - lr: 0.100000
2021-03-09 06:54:07,395 epoch 5 - iter 3450/5757 - loss 0.02415749 - samples/sec: 245.63 - lr: 0.100000
2021-03-09 06:55:22,797 epoch 5 - iter 4025/5757 - loss 0.02407619 - samples/sec: 244.08 - lr: 0.100000
2021-03-09 06:56:38,903 epoch 5 - iter 4600/5757 - loss 0.02383940 - samples/sec: 241.83 - lr: 0.100000
2021-03-09 06:57:55,823 epoch 5 - iter 5175/5757 - loss 0.02362024 - samples/sec: 239.27 - lr: 0.100000
2021-03-09 06:59:11,777 epoch 5 - iter 5750/5757 - loss 0.02354427 - samples/sec: 242.31 - lr: 0.100000
2021-03-09 06:59:12,652 ----------------------------------------------------------------------------------------------------
2021-03-09 06:59:12,652 EPOCH 5 done: loss 0.0235 - lr 0.1000000
2021-03-09 07:00:05,196 DEV : loss 33.533180236816406 - score 0.1043
2021-03-09 07:00:05,210 BAD EPOCHS (no improvement): 2
2021-03-09 07:00:05,218 ----------------------------------------------------------------------------------------------------
2021-03-09 07:01:19,855 epoch 6 - iter 575/5757 - loss 0.02195552 - samples/sec: 246.62 - lr: 0.100000
2021-03-09 07:02:35,210 epoch 6 - iter 1150/5757 - loss 0.02215822 - samples/sec: 244.24 - lr: 0.100000
2021-03-09 07:03:49,849 epoch 6 - iter 1725/5757 - loss 0.02204618 - samples/sec: 246.58 - lr: 0.100000
2021-03-09 07:05:05,407 epoch 6 - iter 2300/5757 - loss 0.02188976 - samples/sec: 243.58 - lr: 0.100000
2021-03-09 07:06:21,241 epoch 6 - iter 2875/5757 - loss 0.02183043 - samples/sec: 242.70 - lr: 0.100000
2021-03-09 07:07:38,475 epoch 6 - iter 3450/5757 - loss 0.02163364 - samples/sec: 238.30 - lr: 0.100000
2021-03-09 07:08:54,149 epoch 6 - iter 4025/5757 - loss 0.02155513 - samples/sec: 243.21 - lr: 0.100000
2021-03-09 07:10:10,800 epoch 6 - iter 4600/5757 - loss 0.02140808 - samples/sec: 240.10 - lr: 0.100000
2021-03-09 07:11:25,706 epoch 6 - iter 5175/5757 - loss 0.02135089 - samples/sec: 245.70 - lr: 0.100000
2021-03-09 07:12:40,408 epoch 6 - iter 5750/5757 - loss 0.02129651 - samples/sec: 246.37 - lr: 0.100000
2021-03-09 07:12:41,220 ----------------------------------------------------------------------------------------------------
2021-03-09 07:12:41,221 EPOCH 6 done: loss 0.0213 - lr 0.1000000
2021-03-09 07:13:33,494 DEV : loss 31.457170486450195 - score 0.1041
2021-03-09 07:13:33,508 BAD EPOCHS (no improvement): 3
2021-03-09 07:13:33,514 ----------------------------------------------------------------------------------------------------
2021-03-09 07:14:48,813 epoch 7 - iter 575/5757 - loss 0.02025331 - samples/sec: 244.45 - lr: 0.100000
2021-03-09 07:16:03,516 epoch 7 - iter 1150/5757 - loss 0.02017431 - samples/sec: 246.37 - lr: 0.100000
2021-03-09 07:17:18,644 epoch 7 - iter 1725/5757 - loss 0.01991814 - samples/sec: 244.98 - lr: 0.100000
2021-03-09 07:18:33,939 epoch 7 - iter 2300/5757 - loss 0.02009230 - samples/sec: 244.43 - lr: 0.100000
2021-03-09 07:19:48,584 epoch 7 - iter 2875/5757 - loss 0.02012174 - samples/sec: 246.56 - lr: 0.100000
2021-03-09 07:21:04,102 epoch 7 - iter 3450/5757 - loss 0.01993954 - samples/sec: 243.71 - lr: 0.100000
2021-03-09 07:22:19,910 epoch 7 - iter 4025/5757 - loss 0.01981054 - samples/sec: 242.78 - lr: 0.100000
2021-03-09 07:23:34,959 epoch 7 - iter 4600/5757 - loss 0.01974893 - samples/sec: 245.23 - lr: 0.100000
2021-03-09 07:24:49,465 epoch 7 - iter 5175/5757 - loss 0.01975137 - samples/sec: 247.02 - lr: 0.100000
2021-03-09 07:26:06,649 epoch 7 - iter 5750/5757 - loss 0.01957558 - samples/sec: 238.45 - lr: 0.100000
2021-03-09 07:26:07,636 ----------------------------------------------------------------------------------------------------
2021-03-09 07:26:07,636 EPOCH 7 done: loss 0.0196 - lr 0.1000000
2021-03-09 07:27:00,080 DEV : loss 29.045291900634766 - score 0.1046
2021-03-09 07:27:00,094 BAD EPOCHS (no improvement): 0
2021-03-09 07:27:00,521 ----------------------------------------------------------------------------------------------------
2021-03-09 07:28:14,668 epoch 8 - iter 575/5757 - loss 0.01774580 - samples/sec: 248.26 - lr: 0.100000
2021-03-09 07:29:29,714 epoch 8 - iter 1150/5757 - loss 0.01838448 - samples/sec: 245.24 - lr: 0.100000
2021-03-09 07:30:45,709 epoch 8 - iter 1725/5757 - loss 0.01843829 - samples/sec: 242.18 - lr: 0.100000
2021-03-09 07:32:01,965 epoch 8 - iter 2300/5757 - loss 0.01842870 - samples/sec: 241.35 - lr: 0.100000
2021-03-09 07:33:16,414 epoch 8 - iter 2875/5757 - loss 0.01829425 - samples/sec: 247.21 - lr: 0.100000
2021-03-09 07:34:32,799 epoch 8 - iter 3450/5757 - loss 0.01815793 - samples/sec: 240.94 - lr: 0.100000
2021-03-09 07:35:47,343 epoch 8 - iter 4025/5757 - loss 0.01824812 - samples/sec: 246.89 - lr: 0.100000
2021-03-09 07:37:01,875 epoch 8 - iter 4600/5757 - loss 0.01817141 - samples/sec: 246.93 - lr: 0.100000
2021-03-09 07:38:16,837 epoch 8 - iter 5175/5757 - loss 0.01806168 - samples/sec: 245.52 - lr: 0.100000
2021-03-09 07:39:32,138 epoch 8 - iter 5750/5757 - loss 0.01815992 - samples/sec: 244.41 - lr: 0.100000
2021-03-09 07:39:33,116 ----------------------------------------------------------------------------------------------------
2021-03-09 07:39:33,116 EPOCH 8 done: loss 0.0182 - lr 0.1000000
2021-03-09 07:40:25,765 DEV : loss 27.391340255737305 - score 0.1045
2021-03-09 07:40:25,779 BAD EPOCHS (no improvement): 1
2021-03-09 07:40:25,783 ----------------------------------------------------------------------------------------------------
2021-03-09 07:41:41,899 epoch 9 - iter 575/5757 - loss 0.01682167 - samples/sec: 241.83 - lr: 0.100000
2021-03-09 07:42:56,811 epoch 9 - iter 1150/5757 - loss 0.01707458 - samples/sec: 245.68 - lr: 0.100000
2021-03-09 07:44:13,188 epoch 9 - iter 1725/5757 - loss 0.01707076 - samples/sec: 240.97 - lr: 0.100000
2021-03-09 07:45:28,235 epoch 9 - iter 2300/5757 - loss 0.01690596 - samples/sec: 245.24 - lr: 0.100000
2021-03-09 07:46:42,143 epoch 9 - iter 2875/5757 - loss 0.01694528 - samples/sec: 249.02 - lr: 0.100000
2021-03-09 07:47:58,138 epoch 9 - iter 3450/5757 - loss 0.01696362 - samples/sec: 242.18 - lr: 0.100000
2021-03-09 07:49:13,895 epoch 9 - iter 4025/5757 - loss 0.01701413 - samples/sec: 242.94 - lr: 0.100000
2021-03-09 07:50:29,780 epoch 9 - iter 4600/5757 - loss 0.01702181 - samples/sec: 242.53 - lr: 0.100000
2021-03-09 07:51:44,812 epoch 9 - iter 5175/5757 - loss 0.01693852 - samples/sec: 245.29 - lr: 0.100000
2021-03-09 07:53:00,466 epoch 9 - iter 5750/5757 - loss 0.01696566 - samples/sec: 243.27 - lr: 0.100000
2021-03-09 07:53:01,451 ----------------------------------------------------------------------------------------------------
2021-03-09 07:53:01,451 EPOCH 9 done: loss 0.0170 - lr 0.1000000
2021-03-09 07:53:53,990 DEV : loss 26.379276275634766 - score 0.1041
2021-03-09 07:53:54,003 BAD EPOCHS (no improvement): 2
2021-03-09 07:53:54,009 ----------------------------------------------------------------------------------------------------
2021-03-09 07:55:08,981 epoch 10 - iter 575/5757 - loss 0.01611671 - samples/sec: 245.52 - lr: 0.100000
2021-03-09 07:56:24,335 epoch 10 - iter 1150/5757 - loss 0.01652938 - samples/sec: 244.24 - lr: 0.100000
2021-03-09 07:57:41,601 epoch 10 - iter 1725/5757 - loss 0.01630277 - samples/sec: 238.20 - lr: 0.100000
2021-03-09 07:58:55,849 epoch 10 - iter 2300/5757 - loss 0.01628286 - samples/sec: 247.88 - lr: 0.100000
2021-03-09 08:00:11,358 epoch 10 - iter 2875/5757 - loss 0.01618517 - samples/sec: 243.74 - lr: 0.100000
2021-03-09 08:01:26,128 epoch 10 - iter 3450/5757 - loss 0.01615916 - samples/sec: 246.15 - lr: 0.100000
2021-03-09 08:02:41,086 epoch 10 - iter 4025/5757 - loss 0.01612779 - samples/sec: 245.53 - lr: 0.100000
2021-03-09 08:03:56,968 epoch 10 - iter 4600/5757 - loss 0.01608793 - samples/sec: 242.54 - lr: 0.100000
2021-03-09 08:05:12,803 epoch 10 - iter 5175/5757 - loss 0.01608151 - samples/sec: 242.69 - lr: 0.100000
2021-03-09 08:06:27,493 epoch 10 - iter 5750/5757 - loss 0.01595413 - samples/sec: 246.41 - lr: 0.100000
2021-03-09 08:06:28,532 ----------------------------------------------------------------------------------------------------
2021-03-09 08:06:28,532 EPOCH 10 done: loss 0.0160 - lr 0.1000000
2021-03-09 08:07:20,993 DEV : loss 24.935609817504883 - score 0.1048
2021-03-09 08:07:21,006 BAD EPOCHS (no improvement): 0
2021-03-09 08:07:21,449 ----------------------------------------------------------------------------------------------------
2021-03-09 08:08:36,072 epoch 11 - iter 575/5757 - loss 0.01560180 - samples/sec: 246.67 - lr: 0.100000
2021-03-09 08:09:51,768 epoch 11 - iter 1150/5757 - loss 0.01567949 - samples/sec: 243.14 - lr: 0.100000
2021-03-09 08:11:06,545 epoch 11 - iter 1725/5757 - loss 0.01559526 - samples/sec: 246.13 - lr: 0.100000
2021-03-09 08:12:22,456 epoch 11 - iter 2300/5757 - loss 0.01549387 - samples/sec: 242.45 - lr: 0.100000
2021-03-09 08:13:38,215 epoch 11 - iter 2875/5757 - loss 0.01548186 - samples/sec: 242.93 - lr: 0.100000
2021-03-09 08:14:54,089 epoch 11 - iter 3450/5757 - loss 0.01527711 - samples/sec: 242.57 - lr: 0.100000
2021-03-09 08:16:08,782 epoch 11 - iter 4025/5757 - loss 0.01527852 - samples/sec: 246.40 - lr: 0.100000
2021-03-09 08:17:24,616 epoch 11 - iter 4600/5757 - loss 0.01517962 - samples/sec: 242.69 - lr: 0.100000
2021-03-09 08:18:39,087 epoch 11 - iter 5175/5757 - loss 0.01510760 - samples/sec: 247.13 - lr: 0.100000
2021-03-09 08:19:55,388 epoch 11 - iter 5750/5757 - loss 0.01510322 - samples/sec: 241.21 - lr: 0.100000
2021-03-09 08:19:56,272 ----------------------------------------------------------------------------------------------------
2021-03-09 08:19:56,272 EPOCH 11 done: loss 0.0151 - lr 0.1000000
2021-03-09 08:20:48,559 DEV : loss 24.007278442382812 - score 0.1044
2021-03-09 08:20:48,573 BAD EPOCHS (no improvement): 1
2021-03-09 08:20:48,576 ----------------------------------------------------------------------------------------------------
2021-03-09 08:22:02,691 epoch 12 - iter 575/5757 - loss 0.01454779 - samples/sec: 248.36 - lr: 0.100000
2021-03-09 08:23:18,057 epoch 12 - iter 1150/5757 - loss 0.01452808 - samples/sec: 244.20 - lr: 0.100000
2021-03-09 08:24:34,271 epoch 12 - iter 1725/5757 - loss 0.01437232 - samples/sec: 241.48 - lr: 0.100000
2021-03-09 08:25:49,132 epoch 12 - iter 2300/5757 - loss 0.01425296 - samples/sec: 245.85 - lr: 0.100000
2021-03-09 08:27:05,193 epoch 12 - iter 2875/5757 - loss 0.01419484 - samples/sec: 241.97 - lr: 0.100000
2021-03-09 08:28:20,238 epoch 12 - iter 3450/5757 - loss 0.01419903 - samples/sec: 245.25 - lr: 0.100000
2021-03-09 08:29:34,146 epoch 12 - iter 4025/5757 - loss 0.01427915 - samples/sec: 249.02 - lr: 0.100000
2021-03-09 08:30:48,418 epoch 12 - iter 4600/5757 - loss 0.01442086 - samples/sec: 247.80 - lr: 0.100000
2021-03-09 08:32:03,437 epoch 12 - iter 5175/5757 - loss 0.01437476 - samples/sec: 245.33 - lr: 0.100000
2021-03-09 08:33:19,641 epoch 12 - iter 5750/5757 - loss 0.01436012 - samples/sec: 241.51 - lr: 0.100000
2021-03-09 08:33:20,604 ----------------------------------------------------------------------------------------------------
2021-03-09 08:33:20,604 EPOCH 12 done: loss 0.0144 - lr 0.1000000
2021-03-09 08:34:13,180 DEV : loss 23.252174377441406 - score 0.1043
2021-03-09 08:34:13,193 BAD EPOCHS (no improvement): 2
2021-03-09 08:34:13,200 ----------------------------------------------------------------------------------------------------
2021-03-09 08:35:29,390 epoch 13 - iter 575/5757 - loss 0.01387673 - samples/sec: 241.59 - lr: 0.100000
2021-03-09 08:36:45,144 epoch 13 - iter 1150/5757 - loss 0.01370808 - samples/sec: 242.95 - lr: 0.100000
2021-03-09 08:37:59,057 epoch 13 - iter 1725/5757 - loss 0.01382876 - samples/sec: 249.00 - lr: 0.100000
2021-03-09 08:39:15,205 epoch 13 - iter 2300/5757 - loss 0.01382887 - samples/sec: 241.69 - lr: 0.100000
2021-03-09 08:40:31,235 epoch 13 - iter 2875/5757 - loss 0.01381187 - samples/sec: 242.07 - lr: 0.100000
2021-03-09 08:41:47,764 epoch 13 - iter 3450/5757 - loss 0.01377606 - samples/sec: 240.49 - lr: 0.100000
2021-03-09 08:43:03,588 epoch 13 - iter 4025/5757 - loss 0.01377434 - samples/sec: 242.73 - lr: 0.100000
2021-03-09 08:44:19,182 epoch 13 - iter 4600/5757 - loss 0.01370795 - samples/sec: 243.47 - lr: 0.100000
2021-03-09 08:45:36,097 epoch 13 - iter 5175/5757 - loss 0.01365649 - samples/sec: 239.28 - lr: 0.100000
2021-03-09 08:46:50,385 epoch 13 - iter 5750/5757 - loss 0.01373459 - samples/sec: 247.74 - lr: 0.100000
2021-03-09 08:46:51,218 ----------------------------------------------------------------------------------------------------
2021-03-09 08:46:51,218 EPOCH 13 done: loss 0.0137 - lr 0.1000000
2021-03-09 08:47:43,728 DEV : loss 22.326465606689453 - score 0.1046
2021-03-09 08:47:43,741 BAD EPOCHS (no improvement): 3
2021-03-09 08:47:43,775 ----------------------------------------------------------------------------------------------------
2021-03-09 08:48:55,909 epoch 14 - iter 575/5757 - loss 0.01281829 - samples/sec: 255.18 - lr: 0.100000
2021-03-09 08:50:11,788 epoch 14 - iter 1150/5757 - loss 0.01303019 - samples/sec: 242.55 - lr: 0.100000
2021-03-09 08:51:27,735 epoch 14 - iter 1725/5757 - loss 0.01313661 - samples/sec: 242.33 - lr: 0.100000
2021-03-09 08:52:43,503 epoch 14 - iter 2300/5757 - loss 0.01328178 - samples/sec: 242.91 - lr: 0.100000
2021-03-09 08:53:58,269 epoch 14 - iter 2875/5757 - loss 0.01324133 - samples/sec: 246.16 - lr: 0.100000
2021-03-09 08:55:13,153 epoch 14 - iter 3450/5757 - loss 0.01330364 - samples/sec: 245.77 - lr: 0.100000
2021-03-09 08:56:28,415 epoch 14 - iter 4025/5757 - loss 0.01318379 - samples/sec: 244.54 - lr: 0.100000
2021-03-09 08:57:44,756 epoch 14 - iter 4600/5757 - loss 0.01318791 - samples/sec: 241.08 - lr: 0.100000
2021-03-09 08:59:00,273 epoch 14 - iter 5175/5757 - loss 0.01318222 - samples/sec: 243.71 - lr: 0.100000
2021-03-09 09:00:17,175 epoch 14 - iter 5750/5757 - loss 0.01311288 - samples/sec: 239.33 - lr: 0.100000
2021-03-09 09:00:18,083 ----------------------------------------------------------------------------------------------------
2021-03-09 09:00:18,083 EPOCH 14 done: loss 0.0131 - lr 0.1000000
2021-03-09 09:01:10,696 DEV : loss 21.624956130981445 - score 0.1047
2021-03-09 09:01:10,709 BAD EPOCHS (no improvement): 4
2021-03-09 09:01:10,715 ----------------------------------------------------------------------------------------------------
2021-03-09 09:02:26,657 epoch 15 - iter 575/5757 - loss 0.01283625 - samples/sec: 242.39 - lr: 0.050000
2021-03-09 09:03:42,485 epoch 15 - iter 1150/5757 - loss 0.01254261 - samples/sec: 242.71 - lr: 0.050000
2021-03-09 09:04:57,511 epoch 15 - iter 1725/5757 - loss 0.01264250 - samples/sec: 245.31 - lr: 0.050000
2021-03-09 09:06:12,877 epoch 15 - iter 2300/5757 - loss 0.01294735 - samples/sec: 244.20 - lr: 0.050000
2021-03-09 09:07:28,550 epoch 15 - iter 2875/5757 - loss 0.01281154 - samples/sec: 243.21 - lr: 0.050000
2021-03-09 09:08:43,721 epoch 15 - iter 3450/5757 - loss 0.01278545 - samples/sec: 244.83 - lr: 0.050000
2021-03-09 09:09:59,153 epoch 15 - iter 4025/5757 - loss 0.01270513 - samples/sec: 243.99 - lr: 0.050000
2021-03-09 09:11:14,000 epoch 15 - iter 4600/5757 - loss 0.01265450 - samples/sec: 245.89 - lr: 0.050000
2021-03-09 09:12:29,051 epoch 15 - iter 5175/5757 - loss 0.01260267 - samples/sec: 245.23 - lr: 0.050000
2021-03-09 09:13:45,270 epoch 15 - iter 5750/5757 - loss 0.01257372 - samples/sec: 241.47 - lr: 0.050000
2021-03-09 09:13:46,103 ----------------------------------------------------------------------------------------------------
2021-03-09 09:13:46,104 EPOCH 15 done: loss 0.0126 - lr 0.0500000
2021-03-09 09:14:38,523 DEV : loss 21.205175399780273 - score 0.1049
2021-03-09 09:14:38,536 BAD EPOCHS (no improvement): 0
2021-03-09 09:14:38,753 ----------------------------------------------------------------------------------------------------
2021-03-09 09:15:54,822 epoch 16 - iter 575/5757 - loss 0.01243742 - samples/sec: 241.98 - lr: 0.050000
2021-03-09 09:17:10,416 epoch 16 - iter 1150/5757 - loss 0.01250634 - samples/sec: 243.46 - lr: 0.050000
2021-03-09 09:18:24,376 epoch 16 - iter 1725/5757 - loss 0.01241389 - samples/sec: 248.85 - lr: 0.050000
2021-03-09 09:19:39,460 epoch 16 - iter 2300/5757 - loss 0.01239463 - samples/sec: 245.12 - lr: 0.050000
2021-03-09 09:20:55,311 epoch 16 - iter 2875/5757 - loss 0.01238045 - samples/sec: 242.64 - lr: 0.050000
2021-03-09 09:22:10,862 epoch 16 - iter 3450/5757 - loss 0.01239844 - samples/sec: 243.60 - lr: 0.050000
2021-03-09 09:23:26,042 epoch 16 - iter 4025/5757 - loss 0.01241694 - samples/sec: 244.81 - lr: 0.050000
2021-03-09 09:24:41,317 epoch 16 - iter 4600/5757 - loss 0.01236462 - samples/sec: 244.50 - lr: 0.050000
2021-03-09 09:25:56,739 epoch 16 - iter 5175/5757 - loss 0.01231926 - samples/sec: 244.02 - lr: 0.050000
2021-03-09 09:27:12,149 epoch 16 - iter 5750/5757 - loss 0.01231684 - samples/sec: 244.06 - lr: 0.050000
2021-03-09 09:27:13,068 ----------------------------------------------------------------------------------------------------
2021-03-09 09:27:13,068 EPOCH 16 done: loss 0.0123 - lr 0.0500000
2021-03-09 09:28:05,320 DEV : loss 21.266921997070312 - score 0.1044
2021-03-09 09:28:05,333 BAD EPOCHS (no improvement): 1
2021-03-09 09:28:05,339 ----------------------------------------------------------------------------------------------------
2021-03-09 09:29:19,963 epoch 17 - iter 575/5757 - loss 0.01266338 - samples/sec: 246.67 - lr: 0.050000
2021-03-09 09:30:36,320 epoch 17 - iter 1150/5757 - loss 0.01236114 - samples/sec: 241.03 - lr: 0.050000
2021-03-09 09:31:50,623 epoch 17 - iter 1725/5757 - loss 0.01221431 - samples/sec: 247.70 - lr: 0.050000
2021-03-09 09:33:06,329 epoch 17 - iter 2300/5757 - loss 0.01221428 - samples/sec: 243.10 - lr: 0.050000
2021-03-09 09:34:22,026 epoch 17 - iter 2875/5757 - loss 0.01221483 - samples/sec: 243.13 - lr: 0.050000
2021-03-09 09:35:36,340 epoch 17 - iter 3450/5757 - loss 0.01226010 - samples/sec: 247.66 - lr: 0.050000
2021-03-09 09:36:52,148 epoch 17 - iter 4025/5757 - loss 0.01220237 - samples/sec: 242.78 - lr: 0.050000
2021-03-09 09:38:08,305 epoch 17 - iter 4600/5757 - loss 0.01216810 - samples/sec: 241.66 - lr: 0.050000
2021-03-09 09:39:25,115 epoch 17 - iter 5175/5757 - loss 0.01210978 - samples/sec: 239.61 - lr: 0.050000
2021-03-09 09:40:40,162 epoch 17 - iter 5750/5757 - loss 0.01207685 - samples/sec: 245.24 - lr: 0.050000
2021-03-09 09:40:41,034 ----------------------------------------------------------------------------------------------------
2021-03-09 09:40:41,035 EPOCH 17 done: loss 0.0121 - lr 0.0500000
2021-03-09 09:41:33,833 DEV : loss 20.68498420715332 - score 0.1049
2021-03-09 09:41:33,846 BAD EPOCHS (no improvement): 0
2021-03-09 09:41:34,196 ----------------------------------------------------------------------------------------------------
2021-03-09 09:42:48,642 epoch 18 - iter 575/5757 - loss 0.01171628 - samples/sec: 247.31 - lr: 0.050000
2021-03-09 09:44:03,309 epoch 18 - iter 1150/5757 - loss 0.01196243 - samples/sec: 246.49 - lr: 0.050000
2021-03-09 09:45:18,861 epoch 18 - iter 1725/5757 - loss 0.01191923 - samples/sec: 243.60 - lr: 0.050000
2021-03-09 09:46:34,640 epoch 18 - iter 2300/5757 - loss 0.01188290 - samples/sec: 242.87 - lr: 0.050000
2021-03-09 09:47:50,262 epoch 18 - iter 2875/5757 - loss 0.01178658 - samples/sec: 243.37 - lr: 0.050000
2021-03-09 09:49:05,366 epoch 18 - iter 3450/5757 - loss 0.01179189 - samples/sec: 245.05 - lr: 0.050000
2021-03-09 09:50:20,724 epoch 18 - iter 4025/5757 - loss 0.01194493 - samples/sec: 244.23 - lr: 0.050000
2021-03-09 09:51:36,232 epoch 18 - iter 4600/5757 - loss 0.01193663 - samples/sec: 243.74 - lr: 0.050000
2021-03-09 09:52:52,546 epoch 18 - iter 5175/5757 - loss 0.01189510 - samples/sec: 241.17 - lr: 0.050000
2021-03-09 09:54:08,118 epoch 18 - iter 5750/5757 - loss 0.01183759 - samples/sec: 243.53 - lr: 0.050000
2021-03-09 09:54:08,932 ----------------------------------------------------------------------------------------------------
2021-03-09 09:54:08,932 EPOCH 18 done: loss 0.0118 - lr 0.0500000
2021-03-09 09:55:01,461 DEV : loss 20.36155891418457 - score 0.1049
2021-03-09 09:55:01,474 BAD EPOCHS (no improvement): 1
2021-03-09 09:55:01,480 ----------------------------------------------------------------------------------------------------
2021-03-09 09:56:18,140 epoch 19 - iter 575/5757 - loss 0.01149249 - samples/sec: 240.12 - lr: 0.050000
2021-03-09 09:57:32,881 epoch 19 - iter 1150/5757 - loss 0.01163516 - samples/sec: 246.24 - lr: 0.050000
2021-03-09 09:58:47,099 epoch 19 - iter 1725/5757 - loss 0.01166792 - samples/sec: 247.98 - lr: 0.050000
2021-03-09 10:00:01,929 epoch 19 - iter 2300/5757 - loss 0.01174056 - samples/sec: 245.95 - lr: 0.050000
2021-03-09 10:01:17,860 epoch 19 - iter 2875/5757 - loss 0.01176217 - samples/sec: 242.38 - lr: 0.050000
2021-03-09 10:02:33,334 epoch 19 - iter 3450/5757 - loss 0.01169485 - samples/sec: 243.85 - lr: 0.050000
2021-03-09 10:03:48,366 epoch 19 - iter 4025/5757 - loss 0.01164854 - samples/sec: 245.29 - lr: 0.050000
2021-03-09 10:05:04,522 epoch 19 - iter 4600/5757 - loss 0.01164720 - samples/sec: 241.67 - lr: 0.050000
2021-03-09 10:06:20,472 epoch 19 - iter 5175/5757 - loss 0.01158583 - samples/sec: 242.32 - lr: 0.050000
2021-03-09 10:07:35,644 epoch 19 - iter 5750/5757 - loss 0.01158607 - samples/sec: 244.83 - lr: 0.050000
2021-03-09 10:07:36,481 ----------------------------------------------------------------------------------------------------
2021-03-09 10:07:36,481 EPOCH 19 done: loss 0.0116 - lr 0.0500000
2021-03-09 10:08:28,973 DEV : loss 20.082015991210938 - score 0.1048
2021-03-09 10:08:28,986 BAD EPOCHS (no improvement): 2
2021-03-09 10:08:29,003 ----------------------------------------------------------------------------------------------------
2021-03-09 10:09:44,010 epoch 20 - iter 575/5757 - loss 0.01178634 - samples/sec: 245.41 - lr: 0.050000
2021-03-09 10:10:58,199 epoch 20 - iter 1150/5757 - loss 0.01161780 - samples/sec: 248.08 - lr: 0.050000
2021-03-09 10:12:14,355 epoch 20 - iter 1725/5757 - loss 0.01148230 - samples/sec: 241.67 - lr: 0.050000
2021-03-09 10:13:30,047 epoch 20 - iter 2300/5757 - loss 0.01147330 - samples/sec: 243.15 - lr: 0.050000
2021-03-09 10:14:44,134 epoch 20 - iter 2875/5757 - loss 0.01151959 - samples/sec: 248.42 - lr: 0.050000
2021-03-09 10:15:58,741 epoch 20 - iter 3450/5757 - loss 0.01154773 - samples/sec: 246.69 - lr: 0.050000
2021-03-09 10:17:14,597 epoch 20 - iter 4025/5757 - loss 0.01156311 - samples/sec: 242.62 - lr: 0.050000
2021-03-09 10:18:29,324 epoch 20 - iter 4600/5757 - loss 0.01151228 - samples/sec: 246.29 - lr: 0.050000
2021-03-09 10:19:44,629 epoch 20 - iter 5175/5757 - loss 0.01144183 - samples/sec: 244.40 - lr: 0.050000
2021-03-09 10:21:00,567 epoch 20 - iter 5750/5757 - loss 0.01139882 - samples/sec: 242.36 - lr: 0.050000
2021-03-09 10:21:01,399 ----------------------------------------------------------------------------------------------------
2021-03-09 10:21:01,399 EPOCH 20 done: loss 0.0114 - lr 0.0500000
2021-03-09 10:21:53,988 DEV : loss 19.998119354248047 - score 0.105
2021-03-09 10:21:54,001 BAD EPOCHS (no improvement): 0
2021-03-09 10:21:54,245 ----------------------------------------------------------------------------------------------------
2021-03-09 10:23:10,018 epoch 21 - iter 575/5757 - loss 0.01159904 - samples/sec: 242.92 - lr: 0.050000
2021-03-09 10:24:26,132 epoch 21 - iter 1150/5757 - loss 0.01145358 - samples/sec: 241.80 - lr: 0.050000
2021-03-09 10:25:41,214 epoch 21 - iter 1725/5757 - loss 0.01145846 - samples/sec: 245.12 - lr: 0.050000
2021-03-09 10:26:56,845 epoch 21 - iter 2300/5757 - loss 0.01148097 - samples/sec: 243.34 - lr: 0.050000
2021-03-09 10:28:12,176 epoch 21 - iter 2875/5757 - loss 0.01121466 - samples/sec: 244.32 - lr: 0.050000
2021-03-09 10:29:28,054 epoch 21 - iter 3450/5757 - loss 0.01123447 - samples/sec: 242.55 - lr: 0.050000
2021-03-09 10:30:42,981 epoch 21 - iter 4025/5757 - loss 0.01129493 - samples/sec: 245.63 - lr: 0.050000
2021-03-09 10:31:57,897 epoch 21 - iter 4600/5757 - loss 0.01121548 - samples/sec: 245.67 - lr: 0.050000
2021-03-09 10:33:13,076 epoch 21 - iter 5175/5757 - loss 0.01122534 - samples/sec: 244.81 - lr: 0.050000
2021-03-09 10:34:28,874 epoch 21 - iter 5750/5757 - loss 0.01115872 - samples/sec: 242.81 - lr: 0.050000
2021-03-09 10:34:29,832 ----------------------------------------------------------------------------------------------------
2021-03-09 10:34:29,832 EPOCH 21 done: loss 0.0112 - lr 0.0500000
2021-03-09 10:35:22,364 DEV : loss 19.609453201293945 - score 0.105
2021-03-09 10:35:22,377 BAD EPOCHS (no improvement): 0
2021-03-09 10:35:22,647 ----------------------------------------------------------------------------------------------------
2021-03-09 10:36:37,984 epoch 22 - iter 575/5757 - loss 0.01105091 - samples/sec: 244.33 - lr: 0.050000
2021-03-09 10:37:54,280 epoch 22 - iter 1150/5757 - loss 0.01093406 - samples/sec: 241.22 - lr: 0.050000
2021-03-09 10:39:09,529 epoch 22 - iter 1725/5757 - loss 0.01088338 - samples/sec: 244.58 - lr: 0.050000
2021-03-09 10:40:25,375 epoch 22 - iter 2300/5757 - loss 0.01091573 - samples/sec: 242.65 - lr: 0.050000
2021-03-09 10:41:40,505 epoch 22 - iter 2875/5757 - loss 0.01095023 - samples/sec: 244.97 - lr: 0.050000
2021-03-09 10:42:57,110 epoch 22 - iter 3450/5757 - loss 0.01104153 - samples/sec: 240.25 - lr: 0.050000
2021-03-09 10:44:12,598 epoch 22 - iter 4025/5757 - loss 0.01102573 - samples/sec: 243.81 - lr: 0.050000
2021-03-09 10:45:27,817 epoch 22 - iter 4600/5757 - loss 0.01101456 - samples/sec: 244.68 - lr: 0.050000
2021-03-09 10:46:42,978 epoch 22 - iter 5175/5757 - loss 0.01097464 - samples/sec: 244.87 - lr: 0.050000
2021-03-09 10:47:57,540 epoch 22 - iter 5750/5757 - loss 0.01095253 - samples/sec: 246.84 - lr: 0.050000
2021-03-09 10:47:58,542 ----------------------------------------------------------------------------------------------------
2021-03-09 10:47:58,542 EPOCH 22 done: loss 0.0110 - lr 0.0500000
2021-03-09 10:48:51,003 DEV : loss 19.333967208862305 - score 0.1048
2021-03-09 10:48:51,016 BAD EPOCHS (no improvement): 1
2021-03-09 10:48:51,025 ----------------------------------------------------------------------------------------------------
2021-03-09 10:50:07,335 epoch 23 - iter 575/5757 - loss 0.01080277 - samples/sec: 241.22 - lr: 0.050000
2021-03-09 10:51:22,951 epoch 23 - iter 1150/5757 - loss 0.01069415 - samples/sec: 243.40 - lr: 0.050000
2021-03-09 10:52:38,304 epoch 23 - iter 1725/5757 - loss 0.01073620 - samples/sec: 244.24 - lr: 0.050000
2021-03-09 10:53:53,607 epoch 23 - iter 2300/5757 - loss 0.01081860 - samples/sec: 244.41 - lr: 0.050000
2021-03-09 10:55:09,453 epoch 23 - iter 2875/5757 - loss 0.01077942 - samples/sec: 242.65 - lr: 0.050000
2021-03-09 10:56:23,434 epoch 23 - iter 3450/5757 - loss 0.01081253 - samples/sec: 248.77 - lr: 0.050000
2021-03-09 10:57:39,980 epoch 23 - iter 4025/5757 - loss 0.01084039 - samples/sec: 240.44 - lr: 0.050000
2021-03-09 10:58:55,413 epoch 23 - iter 4600/5757 - loss 0.01080308 - samples/sec: 243.99 - lr: 0.050000
2021-03-09 11:00:11,056 epoch 23 - iter 5175/5757 - loss 0.01072337 - samples/sec: 243.31 - lr: 0.050000
2021-03-09 11:01:24,935 epoch 23 - iter 5750/5757 - loss 0.01077469 - samples/sec: 249.12 - lr: 0.050000
2021-03-09 11:01:25,828 ----------------------------------------------------------------------------------------------------
2021-03-09 11:01:25,828 EPOCH 23 done: loss 0.0108 - lr 0.0500000
2021-03-09 11:02:18,312 DEV : loss 19.109479904174805 - score 0.1049
2021-03-09 11:02:18,326 BAD EPOCHS (no improvement): 2
2021-03-09 11:02:18,330 ----------------------------------------------------------------------------------------------------
2021-03-09 11:03:32,196 epoch 24 - iter 575/5757 - loss 0.01082289 - samples/sec: 249.20 - lr: 0.050000
2021-03-09 11:04:48,940 epoch 24 - iter 1150/5757 - loss 0.01067571 - samples/sec: 239.82 - lr: 0.050000
2021-03-09 11:06:03,351 epoch 24 - iter 1725/5757 - loss 0.01069416 - samples/sec: 247.34 - lr: 0.050000
2021-03-09 11:07:20,064 epoch 24 - iter 2300/5757 - loss 0.01065402 - samples/sec: 239.91 - lr: 0.050000
2021-03-09 11:08:34,462 epoch 24 - iter 2875/5757 - loss 0.01068455 - samples/sec: 247.38 - lr: 0.050000
2021-03-09 11:09:50,483 epoch 24 - iter 3450/5757 - loss 0.01063801 - samples/sec: 242.10 - lr: 0.050000
2021-03-09 11:11:04,853 epoch 24 - iter 4025/5757 - loss 0.01065580 - samples/sec: 247.47 - lr: 0.050000
2021-03-09 11:12:20,246 epoch 24 - iter 4600/5757 - loss 0.01060666 - samples/sec: 244.11 - lr: 0.050000
2021-03-09 11:13:34,986 epoch 24 - iter 5175/5757 - loss 0.01059245 - samples/sec: 246.25 - lr: 0.050000
2021-03-09 11:14:50,226 epoch 24 - iter 5750/5757 - loss 0.01056330 - samples/sec: 244.61 - lr: 0.050000
2021-03-09 11:14:51,084 ----------------------------------------------------------------------------------------------------
2021-03-09 11:14:51,084 EPOCH 24 done: loss 0.0106 - lr 0.0500000
2021-03-09 11:15:43,596 DEV : loss 19.169700622558594 - score 0.1054
2021-03-09 11:15:43,609 BAD EPOCHS (no improvement): 0
2021-03-09 11:15:43,968 ----------------------------------------------------------------------------------------------------
2021-03-09 11:17:00,229 epoch 25 - iter 575/5757 - loss 0.01020738 - samples/sec: 241.37 - lr: 0.050000
2021-03-09 11:18:14,903 epoch 25 - iter 1150/5757 - loss 0.01051694 - samples/sec: 246.46 - lr: 0.050000
2021-03-09 11:19:31,055 epoch 25 - iter 1725/5757 - loss 0.01055584 - samples/sec: 241.68 - lr: 0.050000
2021-03-09 11:20:45,519 epoch 25 - iter 2300/5757 - loss 0.01035653 - samples/sec: 247.16 - lr: 0.050000
2021-03-09 11:22:02,377 epoch 25 - iter 2875/5757 - loss 0.01031884 - samples/sec: 239.46 - lr: 0.050000
2021-03-09 11:23:16,887 epoch 25 - iter 3450/5757 - loss 0.01039222 - samples/sec: 247.01 - lr: 0.050000
2021-03-09 11:24:31,604 epoch 25 - iter 4025/5757 - loss 0.01048405 - samples/sec: 246.32 - lr: 0.050000
2021-03-09 11:25:47,407 epoch 25 - iter 4600/5757 - loss 0.01045270 - samples/sec: 242.79 - lr: 0.050000
2021-03-09 11:27:03,644 epoch 25 - iter 5175/5757 - loss 0.01039875 - samples/sec: 241.41 - lr: 0.050000
2021-03-09 11:28:19,556 epoch 25 - iter 5750/5757 - loss 0.01038650 - samples/sec: 242.44 - lr: 0.050000
2021-03-09 11:28:20,422 ----------------------------------------------------------------------------------------------------
2021-03-09 11:28:20,422 EPOCH 25 done: loss 0.0104 - lr 0.0500000
2021-03-09 11:29:12,814 DEV : loss 18.726125717163086 - score 0.1051
2021-03-09 11:29:12,828 BAD EPOCHS (no improvement): 1
2021-03-09 11:29:12,834 ----------------------------------------------------------------------------------------------------
2021-03-09 11:30:28,458 epoch 26 - iter 575/5757 - loss 0.01002980 - samples/sec: 243.40 - lr: 0.050000
2021-03-09 11:31:43,552 epoch 26 - iter 1150/5757 - loss 0.01022534 - samples/sec: 245.09 - lr: 0.050000
2021-03-09 11:32:58,431 epoch 26 - iter 1725/5757 - loss 0.01037997 - samples/sec: 245.79 - lr: 0.050000
2021-03-09 11:34:12,902 epoch 26 - iter 2300/5757 - loss 0.01030050 - samples/sec: 247.13 - lr: 0.050000
2021-03-09 11:35:28,459 epoch 26 - iter 2875/5757 - loss 0.01031784 - samples/sec: 243.59 - lr: 0.050000
2021-03-09 11:36:43,661 epoch 26 - iter 3450/5757 - loss 0.01032330 - samples/sec: 244.73 - lr: 0.050000
2021-03-09 11:38:00,984 epoch 26 - iter 4025/5757 - loss 0.01032141 - samples/sec: 238.02 - lr: 0.050000
2021-03-09 11:39:15,836 epoch 26 - iter 4600/5757 - loss 0.01031576 - samples/sec: 245.88 - lr: 0.050000
2021-03-09 11:40:30,777 epoch 26 - iter 5175/5757 - loss 0.01026427 - samples/sec: 245.59 - lr: 0.050000
2021-03-09 11:41:47,840 epoch 26 - iter 5750/5757 - loss 0.01022231 - samples/sec: 238.82 - lr: 0.050000
2021-03-09 11:41:48,890 ----------------------------------------------------------------------------------------------------
2021-03-09 11:41:48,890 EPOCH 26 done: loss 0.0102 - lr 0.0500000
2021-03-09 11:42:41,372 DEV : loss 18.612136840820312 - score 0.105
2021-03-09 11:42:41,386 BAD EPOCHS (no improvement): 2
2021-03-09 11:42:41,392 ----------------------------------------------------------------------------------------------------
2021-03-09 11:43:56,438 epoch 27 - iter 575/5757 - loss 0.01020331 - samples/sec: 245.27 - lr: 0.050000
2021-03-09 11:45:11,451 epoch 27 - iter 1150/5757 - loss 0.00999702 - samples/sec: 245.35 - lr: 0.050000
2021-03-09 11:46:26,516 epoch 27 - iter 1725/5757 - loss 0.00994732 - samples/sec: 245.18 - lr: 0.050000
2021-03-09 11:47:41,485 epoch 27 - iter 2300/5757 - loss 0.00986060 - samples/sec: 245.50 - lr: 0.050000
2021-03-09 11:48:59,787 epoch 27 - iter 2875/5757 - loss 0.00999463 - samples/sec: 235.04 - lr: 0.050000
2021-03-09 11:50:15,020 epoch 27 - iter 3450/5757 - loss 0.00999143 - samples/sec: 244.63 - lr: 0.050000
2021-03-09 11:51:31,027 epoch 27 - iter 4025/5757 - loss 0.00999979 - samples/sec: 242.14 - lr: 0.050000
2021-03-09 11:52:46,234 epoch 27 - iter 4600/5757 - loss 0.01003257 - samples/sec: 244.72 - lr: 0.050000
2021-03-09 11:54:00,756 epoch 27 - iter 5175/5757 - loss 0.01001969 - samples/sec: 246.97 - lr: 0.050000
2021-03-09 11:55:16,447 epoch 27 - iter 5750/5757 - loss 0.01004075 - samples/sec: 243.15 - lr: 0.050000
2021-03-09 11:55:17,318 ----------------------------------------------------------------------------------------------------
2021-03-09 11:55:17,318 EPOCH 27 done: loss 0.0100 - lr 0.0500000
2021-03-09 11:56:09,649 DEV : loss 18.370786666870117 - score 0.1051
2021-03-09 11:56:09,662 BAD EPOCHS (no improvement): 3
2021-03-09 11:56:09,668 ----------------------------------------------------------------------------------------------------
2021-03-09 11:57:24,092 epoch 28 - iter 575/5757 - loss 0.01047001 - samples/sec: 247.33 - lr: 0.050000
2021-03-09 11:58:38,754 epoch 28 - iter 1150/5757 - loss 0.01021760 - samples/sec: 246.50 - lr: 0.050000
2021-03-09 11:59:54,432 epoch 28 - iter 1725/5757 - loss 0.00991324 - samples/sec: 243.19 - lr: 0.050000
2021-03-09 12:01:09,500 epoch 28 - iter 2300/5757 - loss 0.01008103 - samples/sec: 245.17 - lr: 0.050000
2021-03-09 12:02:27,015 epoch 28 - iter 2875/5757 - loss 0.00999671 - samples/sec: 237.43 - lr: 0.050000
2021-03-09 12:03:43,972 epoch 28 - iter 3450/5757 - loss 0.00992477 - samples/sec: 239.15 - lr: 0.050000
2021-03-09 12:04:59,698 epoch 28 - iter 4025/5757 - loss 0.00990459 - samples/sec: 243.04 - lr: 0.050000
2021-03-09 12:06:13,550 epoch 28 - iter 4600/5757 - loss 0.00994720 - samples/sec: 249.21 - lr: 0.050000
2021-03-09 12:07:27,583 epoch 28 - iter 5175/5757 - loss 0.00989466 - samples/sec: 248.60 - lr: 0.050000
2021-03-09 12:08:42,622 epoch 28 - iter 5750/5757 - loss 0.00989737 - samples/sec: 245.27 - lr: 0.050000
2021-03-09 12:08:43,429 ----------------------------------------------------------------------------------------------------
2021-03-09 12:08:43,430 EPOCH 28 done: loss 0.0099 - lr 0.0500000
2021-03-09 12:09:36,129 DEV : loss 18.278532028198242 - score 0.1051
2021-03-09 12:09:36,143 BAD EPOCHS (no improvement): 4
2021-03-09 12:09:36,148 ----------------------------------------------------------------------------------------------------
2021-03-09 12:10:50,863 epoch 29 - iter 575/5757 - loss 0.00916778 - samples/sec: 246.36 - lr: 0.025000
2021-03-09 12:12:06,965 epoch 29 - iter 1150/5757 - loss 0.00944767 - samples/sec: 241.84 - lr: 0.025000
2021-03-09 12:13:21,694 epoch 29 - iter 1725/5757 - loss 0.00950592 - samples/sec: 246.28 - lr: 0.025000
2021-03-09 12:14:38,361 epoch 29 - iter 2300/5757 - loss 0.00949682 - samples/sec: 240.06 - lr: 0.025000
2021-03-09 12:15:52,375 epoch 29 - iter 2875/5757 - loss 0.00951490 - samples/sec: 248.67 - lr: 0.025000
2021-03-09 12:17:08,335 epoch 29 - iter 3450/5757 - loss 0.00957394 - samples/sec: 242.29 - lr: 0.025000
2021-03-09 12:18:25,441 epoch 29 - iter 4025/5757 - loss 0.00951899 - samples/sec: 238.69 - lr: 0.025000
2021-03-09 12:19:41,354 epoch 29 - iter 4600/5757 - loss 0.00957126 - samples/sec: 242.44 - lr: 0.025000
2021-03-09 12:20:56,106 epoch 29 - iter 5175/5757 - loss 0.00958997 - samples/sec: 246.21 - lr: 0.025000
2021-03-09 12:22:11,392 epoch 29 - iter 5750/5757 - loss 0.00968741 - samples/sec: 244.46 - lr: 0.025000
2021-03-09 12:22:12,269 ----------------------------------------------------------------------------------------------------
2021-03-09 12:22:12,270 EPOCH 29 done: loss 0.0097 - lr 0.0250000
2021-03-09 12:23:04,812 DEV : loss 18.031085968017578 - score 0.105
2021-03-09 12:23:04,825 BAD EPOCHS (no improvement): 1
2021-03-09 12:23:04,831 ----------------------------------------------------------------------------------------------------
2021-03-09 12:24:19,828 epoch 30 - iter 575/5757 - loss 0.00972301 - samples/sec: 245.44 - lr: 0.025000
2021-03-09 12:25:35,003 epoch 30 - iter 1150/5757 - loss 0.00940054 - samples/sec: 244.82 - lr: 0.025000
2021-03-09 12:26:50,848 epoch 30 - iter 1725/5757 - loss 0.00937505 - samples/sec: 242.66 - lr: 0.025000
2021-03-09 12:28:06,164 epoch 30 - iter 2300/5757 - loss 0.00935668 - samples/sec: 244.36 - lr: 0.025000
2021-03-09 12:29:20,331 epoch 30 - iter 2875/5757 - loss 0.00938618 - samples/sec: 248.15 - lr: 0.025000
2021-03-09 12:30:36,329 epoch 30 - iter 3450/5757 - loss 0.00951111 - samples/sec: 242.17 - lr: 0.025000
2021-03-09 12:31:51,698 epoch 30 - iter 4025/5757 - loss 0.00958119 - samples/sec: 244.19 - lr: 0.025000
2021-03-09 12:33:07,898 epoch 30 - iter 4600/5757 - loss 0.00958111 - samples/sec: 241.53 - lr: 0.025000
2021-03-09 12:34:23,137 epoch 30 - iter 5175/5757 - loss 0.00956423 - samples/sec: 244.61 - lr: 0.025000
2021-03-09 12:35:39,934 epoch 30 - iter 5750/5757 - loss 0.00957538 - samples/sec: 239.65 - lr: 0.025000
2021-03-09 12:35:40,868 ----------------------------------------------------------------------------------------------------
2021-03-09 12:35:40,868 EPOCH 30 done: loss 0.0096 - lr 0.0250000
2021-03-09 12:36:33,575 DEV : loss 17.956361770629883 - score 0.1049
2021-03-09 12:36:33,589 BAD EPOCHS (no improvement): 2
2021-03-09 12:36:33,869 ----------------------------------------------------------------------------------------------------
2021-03-09 12:36:33,869 Testing using best model ...
2021-03-09 12:36:33,870 loading file resources/taggers/1_h512/best-model.pt
2021-03-09 12:37:20,648 	0.10549759592061296
2021-03-09 12:37:20,648 
Results:
- F1-score : 0.10533261322910618
- Precision-score : 0.10518227000292593
- Recall-score : 0.10549759592061296
2021-03-09 12:37:20,648 ----------------------------------------------------------------------------------------------------
