2021-03-08 11:08:58,621 ----------------------------------------------------------------------------------------------------
2021-03-08 11:08:58,621 Model: "FlairTokenizer(
  (character_embeddings): Embedding(6568, 256)
  (embeddings): Embedding(6568, 256)
  (lstm): LSTM(256, 32, bidirectional=True)
  (hidden2tag): Linear(in_features=64, out_features=5, bias=True)
  (loss_function): NLLLoss()
)"
2021-03-08 11:08:58,622 ----------------------------------------------------------------------------------------------------
2021-03-08 11:08:58,622 Corpus: "Corpus: 184223 train + 20009 dev + 18201 test sentences"
2021-03-08 11:08:58,622 ----------------------------------------------------------------------------------------------------
2021-03-08 11:08:58,622 Parameters:
2021-03-08 11:08:58,622  - learning_rate: "0.1"
2021-03-08 11:08:58,622  - mini_batch_size: "32"
2021-03-08 11:08:58,622  - patience: "3"
2021-03-08 11:08:58,622  - anneal_factor: "0.5"
2021-03-08 11:08:58,622  - max_epochs: "30"
2021-03-08 11:08:58,622  - shuffle: "True"
2021-03-08 11:08:58,622  - train_with_dev: "False"
2021-03-08 11:08:58,622  - batch_growth_annealing: "False"
2021-03-08 11:08:58,622 ----------------------------------------------------------------------------------------------------
2021-03-08 11:08:58,622 Model training base path: "resources/taggers/1_h32"
2021-03-08 11:08:58,622 ----------------------------------------------------------------------------------------------------
2021-03-08 11:08:58,622 Device: cuda:0
2021-03-08 11:08:58,622 ----------------------------------------------------------------------------------------------------
2021-03-08 11:08:58,622 Embeddings storage mode: cpu
2021-03-08 11:08:58,627 ----------------------------------------------------------------------------------------------------
2021-03-08 11:09:48,725 epoch 1 - iter 575/5757 - loss 0.50346713 - samples/sec: 367.55 - lr: 0.100000
2021-03-08 11:10:38,280 epoch 1 - iter 1150/5757 - loss 0.34248219 - samples/sec: 371.47 - lr: 0.100000
2021-03-08 11:11:28,253 epoch 1 - iter 1725/5757 - loss 0.27245349 - samples/sec: 368.37 - lr: 0.100000
2021-03-08 11:12:17,868 epoch 1 - iter 2300/5757 - loss 0.23155521 - samples/sec: 371.02 - lr: 0.100000
2021-03-08 11:13:07,629 epoch 1 - iter 2875/5757 - loss 0.20328933 - samples/sec: 369.92 - lr: 0.100000
2021-03-08 11:13:57,241 epoch 1 - iter 3450/5757 - loss 0.18320094 - samples/sec: 371.04 - lr: 0.100000
2021-03-08 11:14:46,626 epoch 1 - iter 4025/5757 - loss 0.16736535 - samples/sec: 372.75 - lr: 0.100000
2021-03-08 11:15:35,937 epoch 1 - iter 4600/5757 - loss 0.15515653 - samples/sec: 373.30 - lr: 0.100000
2021-03-08 11:16:25,413 epoch 1 - iter 5175/5757 - loss 0.14473819 - samples/sec: 372.06 - lr: 0.100000
2021-03-08 11:17:14,896 epoch 1 - iter 5750/5757 - loss 0.13637261 - samples/sec: 372.01 - lr: 0.100000
2021-03-08 11:17:15,467 ----------------------------------------------------------------------------------------------------
2021-03-08 11:17:15,467 EPOCH 1 done: loss 0.1363 - lr 0.1000000
2021-03-08 11:18:03,222 DEV : loss 82.48033905029297 - score 0.1025
2021-03-08 11:18:03,237 BAD EPOCHS (no improvement): 0
2021-03-08 11:18:03,411 ----------------------------------------------------------------------------------------------------
2021-03-08 11:18:53,589 epoch 2 - iter 575/5757 - loss 0.05575046 - samples/sec: 366.95 - lr: 0.100000
2021-03-08 11:19:43,411 epoch 2 - iter 1150/5757 - loss 0.05534126 - samples/sec: 369.48 - lr: 0.100000
2021-03-08 11:20:33,037 epoch 2 - iter 1725/5757 - loss 0.05352238 - samples/sec: 370.94 - lr: 0.100000
2021-03-08 11:21:23,120 epoch 2 - iter 2300/5757 - loss 0.05233851 - samples/sec: 367.56 - lr: 0.100000
2021-03-08 11:22:11,919 epoch 2 - iter 2875/5757 - loss 0.05148118 - samples/sec: 377.23 - lr: 0.100000
2021-03-08 11:23:01,671 epoch 2 - iter 3450/5757 - loss 0.05058441 - samples/sec: 370.00 - lr: 0.100000
2021-03-08 11:23:51,621 epoch 2 - iter 4025/5757 - loss 0.04975115 - samples/sec: 368.54 - lr: 0.100000
2021-03-08 11:24:41,630 epoch 2 - iter 4600/5757 - loss 0.04889454 - samples/sec: 368.10 - lr: 0.100000
2021-03-08 11:25:31,524 epoch 2 - iter 5175/5757 - loss 0.04808892 - samples/sec: 368.94 - lr: 0.100000
2021-03-08 11:26:21,339 epoch 2 - iter 5750/5757 - loss 0.04716823 - samples/sec: 369.54 - lr: 0.100000
2021-03-08 11:26:21,952 ----------------------------------------------------------------------------------------------------
2021-03-08 11:26:21,952 EPOCH 2 done: loss 0.0472 - lr 0.1000000
2021-03-08 11:27:09,782 DEV : loss 60.60282516479492 - score 0.1035
2021-03-08 11:27:09,796 BAD EPOCHS (no improvement): 0
2021-03-08 11:27:09,922 ----------------------------------------------------------------------------------------------------
2021-03-08 11:27:59,844 epoch 3 - iter 575/5757 - loss 0.03944946 - samples/sec: 368.82 - lr: 0.100000
2021-03-08 11:28:49,733 epoch 3 - iter 1150/5757 - loss 0.03855006 - samples/sec: 368.98 - lr: 0.100000
2021-03-08 11:29:39,235 epoch 3 - iter 1725/5757 - loss 0.03828615 - samples/sec: 371.87 - lr: 0.100000
2021-03-08 11:30:29,035 epoch 3 - iter 2300/5757 - loss 0.03786546 - samples/sec: 369.64 - lr: 0.100000
2021-03-08 11:31:19,094 epoch 3 - iter 2875/5757 - loss 0.03754144 - samples/sec: 367.73 - lr: 0.100000
2021-03-08 11:32:09,029 epoch 3 - iter 3450/5757 - loss 0.03714221 - samples/sec: 368.65 - lr: 0.100000
2021-03-08 11:32:58,110 epoch 3 - iter 4025/5757 - loss 0.03685365 - samples/sec: 375.07 - lr: 0.100000
2021-03-08 11:33:48,160 epoch 3 - iter 4600/5757 - loss 0.03666511 - samples/sec: 367.80 - lr: 0.100000
2021-03-08 11:34:37,784 epoch 3 - iter 5175/5757 - loss 0.03651836 - samples/sec: 370.95 - lr: 0.100000
2021-03-08 11:35:27,430 epoch 3 - iter 5750/5757 - loss 0.03627465 - samples/sec: 370.79 - lr: 0.100000
2021-03-08 11:35:28,074 ----------------------------------------------------------------------------------------------------
2021-03-08 11:35:28,074 EPOCH 3 done: loss 0.0363 - lr 0.1000000
2021-03-08 11:36:15,964 DEV : loss 49.186309814453125 - score 0.1036
2021-03-08 11:36:15,978 BAD EPOCHS (no improvement): 0
2021-03-08 11:36:16,135 ----------------------------------------------------------------------------------------------------
2021-03-08 11:37:06,113 epoch 4 - iter 575/5757 - loss 0.03268357 - samples/sec: 368.41 - lr: 0.100000
2021-03-08 11:37:56,383 epoch 4 - iter 1150/5757 - loss 0.03211846 - samples/sec: 366.19 - lr: 0.100000
2021-03-08 11:38:46,169 epoch 4 - iter 1725/5757 - loss 0.03222488 - samples/sec: 369.75 - lr: 0.100000
2021-03-08 11:39:36,169 epoch 4 - iter 2300/5757 - loss 0.03201456 - samples/sec: 368.16 - lr: 0.100000
2021-03-08 11:40:25,696 epoch 4 - iter 2875/5757 - loss 0.03173164 - samples/sec: 371.68 - lr: 0.100000
2021-03-08 11:41:15,603 epoch 4 - iter 3450/5757 - loss 0.03145684 - samples/sec: 368.85 - lr: 0.100000
2021-03-08 11:42:05,375 epoch 4 - iter 4025/5757 - loss 0.03152585 - samples/sec: 369.85 - lr: 0.100000
2021-03-08 11:42:55,426 epoch 4 - iter 4600/5757 - loss 0.03146684 - samples/sec: 367.79 - lr: 0.100000
2021-03-08 11:43:44,786 epoch 4 - iter 5175/5757 - loss 0.03137707 - samples/sec: 372.94 - lr: 0.100000
2021-03-08 11:44:34,489 epoch 4 - iter 5750/5757 - loss 0.03121510 - samples/sec: 370.37 - lr: 0.100000
2021-03-08 11:44:35,088 ----------------------------------------------------------------------------------------------------
2021-03-08 11:44:35,088 EPOCH 4 done: loss 0.0312 - lr 0.1000000
2021-03-08 11:45:23,140 DEV : loss 44.02147674560547 - score 0.1038
2021-03-08 11:45:23,155 BAD EPOCHS (no improvement): 0
2021-03-08 11:45:23,284 ----------------------------------------------------------------------------------------------------
2021-03-08 11:46:12,974 epoch 5 - iter 575/5757 - loss 0.02880663 - samples/sec: 370.54 - lr: 0.100000
2021-03-08 11:47:02,944 epoch 5 - iter 1150/5757 - loss 0.02885614 - samples/sec: 368.39 - lr: 0.100000
2021-03-08 11:47:52,404 epoch 5 - iter 1725/5757 - loss 0.02878193 - samples/sec: 372.19 - lr: 0.100000
2021-03-08 11:48:42,343 epoch 5 - iter 2300/5757 - loss 0.02844148 - samples/sec: 368.61 - lr: 0.100000
2021-03-08 11:49:32,193 epoch 5 - iter 2875/5757 - loss 0.02825103 - samples/sec: 369.28 - lr: 0.100000
2021-03-08 11:50:22,067 epoch 5 - iter 3450/5757 - loss 0.02825329 - samples/sec: 369.09 - lr: 0.100000
2021-03-08 11:51:11,968 epoch 5 - iter 4025/5757 - loss 0.02804993 - samples/sec: 368.90 - lr: 0.100000
2021-03-08 11:52:01,719 epoch 5 - iter 4600/5757 - loss 0.02816194 - samples/sec: 370.00 - lr: 0.100000
2021-03-08 11:52:51,900 epoch 5 - iter 5175/5757 - loss 0.02816577 - samples/sec: 366.84 - lr: 0.100000
2021-03-08 11:53:41,626 epoch 5 - iter 5750/5757 - loss 0.02794634 - samples/sec: 370.20 - lr: 0.100000
2021-03-08 11:53:42,197 ----------------------------------------------------------------------------------------------------
2021-03-08 11:53:42,197 EPOCH 5 done: loss 0.0279 - lr 0.1000000
2021-03-08 11:54:30,282 DEV : loss 40.157814025878906 - score 0.1039
2021-03-08 11:54:30,296 BAD EPOCHS (no improvement): 0
2021-03-08 11:54:30,478 ----------------------------------------------------------------------------------------------------
2021-03-08 11:55:20,499 epoch 6 - iter 575/5757 - loss 0.02613288 - samples/sec: 368.10 - lr: 0.100000
2021-03-08 11:56:10,259 epoch 6 - iter 1150/5757 - loss 0.02587831 - samples/sec: 369.95 - lr: 0.100000
2021-03-08 11:57:00,629 epoch 6 - iter 1725/5757 - loss 0.02586321 - samples/sec: 365.46 - lr: 0.100000
2021-03-08 11:57:50,041 epoch 6 - iter 2300/5757 - loss 0.02608419 - samples/sec: 372.55 - lr: 0.100000
2021-03-08 11:58:39,920 epoch 6 - iter 2875/5757 - loss 0.02603661 - samples/sec: 369.06 - lr: 0.100000
2021-03-08 11:59:29,418 epoch 6 - iter 3450/5757 - loss 0.02602143 - samples/sec: 371.90 - lr: 0.100000
2021-03-08 12:00:19,007 epoch 6 - iter 4025/5757 - loss 0.02601348 - samples/sec: 371.22 - lr: 0.100000
2021-03-08 12:01:09,088 epoch 6 - iter 4600/5757 - loss 0.02581764 - samples/sec: 367.58 - lr: 0.100000
2021-03-08 12:01:58,327 epoch 6 - iter 5175/5757 - loss 0.02569564 - samples/sec: 373.87 - lr: 0.100000
2021-03-08 12:02:48,396 epoch 6 - iter 5750/5757 - loss 0.02570334 - samples/sec: 367.66 - lr: 0.100000
2021-03-08 12:02:49,007 ----------------------------------------------------------------------------------------------------
2021-03-08 12:02:49,007 EPOCH 6 done: loss 0.0257 - lr 0.1000000
2021-03-08 12:03:37,039 DEV : loss 37.581390380859375 - score 0.1038
2021-03-08 12:03:37,053 BAD EPOCHS (no improvement): 1
2021-03-08 12:03:37,058 ----------------------------------------------------------------------------------------------------
2021-03-08 12:04:26,753 epoch 7 - iter 575/5757 - loss 0.02457388 - samples/sec: 370.51 - lr: 0.100000
2021-03-08 12:05:16,389 epoch 7 - iter 1150/5757 - loss 0.02419979 - samples/sec: 370.86 - lr: 0.100000
2021-03-08 12:06:05,489 epoch 7 - iter 1725/5757 - loss 0.02448035 - samples/sec: 374.90 - lr: 0.100000
2021-03-08 12:06:54,937 epoch 7 - iter 2300/5757 - loss 0.02445845 - samples/sec: 372.27 - lr: 0.100000
2021-03-08 12:07:44,433 epoch 7 - iter 2875/5757 - loss 0.02412306 - samples/sec: 371.91 - lr: 0.100000
2021-03-08 12:08:33,913 epoch 7 - iter 3450/5757 - loss 0.02400984 - samples/sec: 372.04 - lr: 0.100000
2021-03-08 12:09:23,171 epoch 7 - iter 4025/5757 - loss 0.02413752 - samples/sec: 373.70 - lr: 0.100000
2021-03-08 12:10:12,084 epoch 7 - iter 4600/5757 - loss 0.02415437 - samples/sec: 376.35 - lr: 0.100000
2021-03-08 12:11:01,303 epoch 7 - iter 5175/5757 - loss 0.02409430 - samples/sec: 374.01 - lr: 0.100000
2021-03-08 12:11:50,445 epoch 7 - iter 5750/5757 - loss 0.02395115 - samples/sec: 374.60 - lr: 0.100000
2021-03-08 12:11:51,037 ----------------------------------------------------------------------------------------------------
2021-03-08 12:11:51,037 EPOCH 7 done: loss 0.0239 - lr 0.1000000
2021-03-08 12:12:38,678 DEV : loss 35.847007751464844 - score 0.104
2021-03-08 12:12:38,692 BAD EPOCHS (no improvement): 0
2021-03-08 12:12:38,822 ----------------------------------------------------------------------------------------------------
2021-03-08 12:13:28,645 epoch 8 - iter 575/5757 - loss 0.02262888 - samples/sec: 369.55 - lr: 0.100000
2021-03-08 12:14:17,726 epoch 8 - iter 1150/5757 - loss 0.02280247 - samples/sec: 375.06 - lr: 0.100000
2021-03-08 12:15:07,026 epoch 8 - iter 1725/5757 - loss 0.02305869 - samples/sec: 373.40 - lr: 0.100000
2021-03-08 12:15:56,239 epoch 8 - iter 2300/5757 - loss 0.02290925 - samples/sec: 374.05 - lr: 0.100000
2021-03-08 12:16:46,151 epoch 8 - iter 2875/5757 - loss 0.02283912 - samples/sec: 368.81 - lr: 0.100000
2021-03-08 12:17:35,223 epoch 8 - iter 3450/5757 - loss 0.02294342 - samples/sec: 375.13 - lr: 0.100000
2021-03-08 12:18:24,513 epoch 8 - iter 4025/5757 - loss 0.02282001 - samples/sec: 373.46 - lr: 0.100000
2021-03-08 12:19:13,881 epoch 8 - iter 4600/5757 - loss 0.02265640 - samples/sec: 372.87 - lr: 0.100000
2021-03-08 12:20:02,865 epoch 8 - iter 5175/5757 - loss 0.02250913 - samples/sec: 375.79 - lr: 0.100000
2021-03-08 12:20:52,268 epoch 8 - iter 5750/5757 - loss 0.02252898 - samples/sec: 372.61 - lr: 0.100000
2021-03-08 12:20:52,853 ----------------------------------------------------------------------------------------------------
2021-03-08 12:20:52,853 EPOCH 8 done: loss 0.0225 - lr 0.1000000
2021-03-08 12:21:40,597 DEV : loss 34.099979400634766 - score 0.1041
2021-03-08 12:21:40,611 BAD EPOCHS (no improvement): 0
2021-03-08 12:21:40,744 ----------------------------------------------------------------------------------------------------
2021-03-08 12:22:30,347 epoch 9 - iter 575/5757 - loss 0.02246877 - samples/sec: 371.24 - lr: 0.100000
2021-03-08 12:23:19,123 epoch 9 - iter 1150/5757 - loss 0.02233887 - samples/sec: 377.40 - lr: 0.100000
2021-03-08 12:24:08,097 epoch 9 - iter 1725/5757 - loss 0.02232724 - samples/sec: 375.88 - lr: 0.100000
2021-03-08 12:24:57,402 epoch 9 - iter 2300/5757 - loss 0.02216736 - samples/sec: 373.35 - lr: 0.100000
2021-03-08 12:25:46,673 epoch 9 - iter 2875/5757 - loss 0.02174144 - samples/sec: 373.60 - lr: 0.100000
2021-03-08 12:26:36,032 epoch 9 - iter 3450/5757 - loss 0.02161918 - samples/sec: 372.94 - lr: 0.100000
2021-03-08 12:27:24,972 epoch 9 - iter 4025/5757 - loss 0.02160105 - samples/sec: 376.13 - lr: 0.100000
2021-03-08 12:28:14,587 epoch 9 - iter 4600/5757 - loss 0.02151265 - samples/sec: 371.01 - lr: 0.100000
2021-03-08 12:29:03,621 epoch 9 - iter 5175/5757 - loss 0.02145283 - samples/sec: 375.41 - lr: 0.100000
2021-03-08 12:29:53,333 epoch 9 - iter 5750/5757 - loss 0.02140563 - samples/sec: 370.30 - lr: 0.100000
2021-03-08 12:29:53,931 ----------------------------------------------------------------------------------------------------
2021-03-08 12:29:53,931 EPOCH 9 done: loss 0.0214 - lr 0.1000000
2021-03-08 12:30:41,702 DEV : loss 32.66034698486328 - score 0.1042
2021-03-08 12:30:41,716 BAD EPOCHS (no improvement): 0
2021-03-08 12:30:41,852 ----------------------------------------------------------------------------------------------------
2021-03-08 12:31:30,935 epoch 10 - iter 575/5757 - loss 0.02070879 - samples/sec: 375.12 - lr: 0.100000
2021-03-08 12:32:20,339 epoch 10 - iter 1150/5757 - loss 0.02026174 - samples/sec: 372.60 - lr: 0.100000
2021-03-08 12:33:09,910 epoch 10 - iter 1725/5757 - loss 0.02020077 - samples/sec: 371.35 - lr: 0.100000
2021-03-08 12:33:59,104 epoch 10 - iter 2300/5757 - loss 0.02017507 - samples/sec: 374.19 - lr: 0.100000
2021-03-08 12:34:48,570 epoch 10 - iter 2875/5757 - loss 0.02033525 - samples/sec: 372.13 - lr: 0.100000
2021-03-08 12:35:37,721 epoch 10 - iter 3450/5757 - loss 0.02036497 - samples/sec: 374.53 - lr: 0.100000
2021-03-08 12:36:26,892 epoch 10 - iter 4025/5757 - loss 0.02043759 - samples/sec: 374.37 - lr: 0.100000
2021-03-08 12:37:15,993 epoch 10 - iter 4600/5757 - loss 0.02035002 - samples/sec: 374.91 - lr: 0.100000
2021-03-08 12:38:05,035 epoch 10 - iter 5175/5757 - loss 0.02034237 - samples/sec: 375.35 - lr: 0.100000
2021-03-08 12:38:54,225 epoch 10 - iter 5750/5757 - loss 0.02036250 - samples/sec: 374.23 - lr: 0.100000
2021-03-08 12:38:54,832 ----------------------------------------------------------------------------------------------------
2021-03-08 12:38:54,832 EPOCH 10 done: loss 0.0204 - lr 0.1000000
2021-03-08 12:39:42,535 DEV : loss 31.612707138061523 - score 0.1045
2021-03-08 12:39:42,549 BAD EPOCHS (no improvement): 0
2021-03-08 12:39:42,665 ----------------------------------------------------------------------------------------------------
2021-03-08 12:40:31,832 epoch 11 - iter 575/5757 - loss 0.01930508 - samples/sec: 374.50 - lr: 0.100000
2021-03-08 12:41:20,822 epoch 11 - iter 1150/5757 - loss 0.01926229 - samples/sec: 375.75 - lr: 0.100000
2021-03-08 12:42:10,701 epoch 11 - iter 1725/5757 - loss 0.01938063 - samples/sec: 369.05 - lr: 0.100000
2021-03-08 12:42:59,995 epoch 11 - iter 2300/5757 - loss 0.01934202 - samples/sec: 373.43 - lr: 0.100000
2021-03-08 12:43:48,890 epoch 11 - iter 2875/5757 - loss 0.01950049 - samples/sec: 376.48 - lr: 0.100000
2021-03-08 12:44:38,197 epoch 11 - iter 3450/5757 - loss 0.01953412 - samples/sec: 373.34 - lr: 0.100000
2021-03-08 12:45:26,929 epoch 11 - iter 4025/5757 - loss 0.01969187 - samples/sec: 377.74 - lr: 0.100000
2021-03-08 12:46:16,504 epoch 11 - iter 4600/5757 - loss 0.01953976 - samples/sec: 371.31 - lr: 0.100000
2021-03-08 12:47:05,671 epoch 11 - iter 5175/5757 - loss 0.01943938 - samples/sec: 374.41 - lr: 0.100000
2021-03-08 12:47:55,048 epoch 11 - iter 5750/5757 - loss 0.01949975 - samples/sec: 372.81 - lr: 0.100000
2021-03-08 12:47:55,604 ----------------------------------------------------------------------------------------------------
2021-03-08 12:47:55,604 EPOCH 11 done: loss 0.0195 - lr 0.1000000
2021-03-08 12:48:43,219 DEV : loss 30.59605598449707 - score 0.1044
2021-03-08 12:48:43,233 BAD EPOCHS (no improvement): 1
2021-03-08 12:48:43,238 ----------------------------------------------------------------------------------------------------
2021-03-08 12:49:32,443 epoch 12 - iter 575/5757 - loss 0.01856306 - samples/sec: 374.20 - lr: 0.100000
2021-03-08 12:50:21,829 epoch 12 - iter 1150/5757 - loss 0.01865648 - samples/sec: 372.74 - lr: 0.100000
2021-03-08 12:51:10,935 epoch 12 - iter 1725/5757 - loss 0.01845786 - samples/sec: 374.86 - lr: 0.100000
2021-03-08 12:52:00,312 epoch 12 - iter 2300/5757 - loss 0.01861072 - samples/sec: 372.81 - lr: 0.100000
2021-03-08 12:52:49,477 epoch 12 - iter 2875/5757 - loss 0.01864474 - samples/sec: 374.40 - lr: 0.100000
2021-03-08 12:53:38,646 epoch 12 - iter 3450/5757 - loss 0.01877763 - samples/sec: 374.39 - lr: 0.100000
2021-03-08 12:54:28,079 epoch 12 - iter 4025/5757 - loss 0.01872527 - samples/sec: 372.38 - lr: 0.100000
2021-03-08 12:55:17,529 epoch 12 - iter 4600/5757 - loss 0.01874381 - samples/sec: 372.26 - lr: 0.100000
2021-03-08 12:56:06,998 epoch 12 - iter 5175/5757 - loss 0.01877628 - samples/sec: 372.10 - lr: 0.100000
2021-03-08 12:56:56,227 epoch 12 - iter 5750/5757 - loss 0.01875121 - samples/sec: 373.92 - lr: 0.100000
2021-03-08 12:56:56,841 ----------------------------------------------------------------------------------------------------
2021-03-08 12:56:56,841 EPOCH 12 done: loss 0.0187 - lr 0.1000000
2021-03-08 12:57:44,713 DEV : loss 29.66622543334961 - score 0.1044
2021-03-08 12:57:44,728 BAD EPOCHS (no improvement): 2
2021-03-08 12:57:44,736 ----------------------------------------------------------------------------------------------------
2021-03-08 12:58:33,846 epoch 13 - iter 575/5757 - loss 0.01774249 - samples/sec: 374.93 - lr: 0.100000
2021-03-08 12:59:22,857 epoch 13 - iter 1150/5757 - loss 0.01818951 - samples/sec: 375.59 - lr: 0.100000
2021-03-08 13:00:12,197 epoch 13 - iter 1725/5757 - loss 0.01819983 - samples/sec: 373.08 - lr: 0.100000
2021-03-08 13:01:01,337 epoch 13 - iter 2300/5757 - loss 0.01816150 - samples/sec: 374.61 - lr: 0.100000
2021-03-08 13:01:50,318 epoch 13 - iter 2875/5757 - loss 0.01817321 - samples/sec: 375.82 - lr: 0.100000
2021-03-08 13:02:39,868 epoch 13 - iter 3450/5757 - loss 0.01814814 - samples/sec: 371.50 - lr: 0.100000
2021-03-08 13:03:29,167 epoch 13 - iter 4025/5757 - loss 0.01805728 - samples/sec: 373.39 - lr: 0.100000
2021-03-08 13:04:18,587 epoch 13 - iter 4600/5757 - loss 0.01802128 - samples/sec: 372.48 - lr: 0.100000
2021-03-08 13:05:08,365 epoch 13 - iter 5175/5757 - loss 0.01813220 - samples/sec: 369.80 - lr: 0.100000
2021-03-08 13:05:57,750 epoch 13 - iter 5750/5757 - loss 0.01804080 - samples/sec: 372.75 - lr: 0.100000
2021-03-08 13:05:58,316 ----------------------------------------------------------------------------------------------------
2021-03-08 13:05:58,316 EPOCH 13 done: loss 0.0180 - lr 0.1000000
2021-03-08 13:06:45,785 DEV : loss 28.878910064697266 - score 0.1045
2021-03-08 13:06:45,799 BAD EPOCHS (no improvement): 3
2021-03-08 13:06:45,809 ----------------------------------------------------------------------------------------------------
2021-03-08 13:07:35,165 epoch 14 - iter 575/5757 - loss 0.01758029 - samples/sec: 373.05 - lr: 0.100000
2021-03-08 13:08:24,125 epoch 14 - iter 1150/5757 - loss 0.01786047 - samples/sec: 375.99 - lr: 0.100000
2021-03-08 13:09:13,021 epoch 14 - iter 1725/5757 - loss 0.01749574 - samples/sec: 376.47 - lr: 0.100000
2021-03-08 13:10:02,740 epoch 14 - iter 2300/5757 - loss 0.01773452 - samples/sec: 370.24 - lr: 0.100000
2021-03-08 13:10:51,642 epoch 14 - iter 2875/5757 - loss 0.01768835 - samples/sec: 376.42 - lr: 0.100000
2021-03-08 13:11:41,050 epoch 14 - iter 3450/5757 - loss 0.01766169 - samples/sec: 372.57 - lr: 0.100000
2021-03-08 13:12:30,532 epoch 14 - iter 4025/5757 - loss 0.01758626 - samples/sec: 372.01 - lr: 0.100000
2021-03-08 13:13:19,992 epoch 14 - iter 4600/5757 - loss 0.01746150 - samples/sec: 372.17 - lr: 0.100000
2021-03-08 13:14:08,835 epoch 14 - iter 5175/5757 - loss 0.01750435 - samples/sec: 376.89 - lr: 0.100000
2021-03-08 13:14:58,123 epoch 14 - iter 5750/5757 - loss 0.01741961 - samples/sec: 373.48 - lr: 0.100000
2021-03-08 13:14:58,733 ----------------------------------------------------------------------------------------------------
2021-03-08 13:14:58,733 EPOCH 14 done: loss 0.0174 - lr 0.1000000
2021-03-08 13:15:46,511 DEV : loss 28.260692596435547 - score 0.1044
2021-03-08 13:15:46,525 BAD EPOCHS (no improvement): 4
2021-03-08 13:15:46,530 ----------------------------------------------------------------------------------------------------
2021-03-08 13:16:36,274 epoch 15 - iter 575/5757 - loss 0.01684044 - samples/sec: 370.14 - lr: 0.050000
2021-03-08 13:17:25,086 epoch 15 - iter 1150/5757 - loss 0.01708287 - samples/sec: 377.12 - lr: 0.050000
2021-03-08 13:18:14,301 epoch 15 - iter 1725/5757 - loss 0.01688803 - samples/sec: 374.03 - lr: 0.050000
2021-03-08 13:19:04,093 epoch 15 - iter 2300/5757 - loss 0.01690126 - samples/sec: 369.70 - lr: 0.050000
2021-03-08 13:19:53,051 epoch 15 - iter 2875/5757 - loss 0.01699603 - samples/sec: 376.00 - lr: 0.050000
2021-03-08 13:20:42,202 epoch 15 - iter 3450/5757 - loss 0.01697681 - samples/sec: 374.53 - lr: 0.050000
2021-03-08 13:21:31,551 epoch 15 - iter 4025/5757 - loss 0.01703228 - samples/sec: 373.02 - lr: 0.050000
2021-03-08 13:22:21,126 epoch 15 - iter 4600/5757 - loss 0.01704095 - samples/sec: 371.32 - lr: 0.050000
2021-03-08 13:23:10,677 epoch 15 - iter 5175/5757 - loss 0.01696614 - samples/sec: 371.49 - lr: 0.050000
2021-03-08 13:23:59,656 epoch 15 - iter 5750/5757 - loss 0.01692556 - samples/sec: 375.84 - lr: 0.050000
2021-03-08 13:24:00,235 ----------------------------------------------------------------------------------------------------
2021-03-08 13:24:00,235 EPOCH 15 done: loss 0.0169 - lr 0.0500000
2021-03-08 13:24:48,224 DEV : loss 27.70163917541504 - score 0.1046
2021-03-08 13:24:48,239 BAD EPOCHS (no improvement): 0
2021-03-08 13:24:48,344 ----------------------------------------------------------------------------------------------------
2021-03-08 13:25:37,411 epoch 16 - iter 575/5757 - loss 0.01686815 - samples/sec: 375.28 - lr: 0.050000
2021-03-08 13:26:27,020 epoch 16 - iter 1150/5757 - loss 0.01646885 - samples/sec: 371.08 - lr: 0.050000
2021-03-08 13:27:16,342 epoch 16 - iter 1725/5757 - loss 0.01666469 - samples/sec: 373.22 - lr: 0.050000
2021-03-08 13:28:05,357 epoch 16 - iter 2300/5757 - loss 0.01684886 - samples/sec: 375.56 - lr: 0.050000
2021-03-08 13:28:54,790 epoch 16 - iter 2875/5757 - loss 0.01677320 - samples/sec: 372.38 - lr: 0.050000
2021-03-08 13:29:44,479 epoch 16 - iter 3450/5757 - loss 0.01674585 - samples/sec: 370.46 - lr: 0.050000
2021-03-08 13:30:33,812 epoch 16 - iter 4025/5757 - loss 0.01670165 - samples/sec: 373.13 - lr: 0.050000
2021-03-08 13:31:22,849 epoch 16 - iter 4600/5757 - loss 0.01670137 - samples/sec: 375.40 - lr: 0.050000
2021-03-08 13:32:12,040 epoch 16 - iter 5175/5757 - loss 0.01667437 - samples/sec: 374.21 - lr: 0.050000
2021-03-08 13:33:01,472 epoch 16 - iter 5750/5757 - loss 0.01666726 - samples/sec: 372.40 - lr: 0.050000
2021-03-08 13:33:02,032 ----------------------------------------------------------------------------------------------------
2021-03-08 13:33:02,032 EPOCH 16 done: loss 0.0167 - lr 0.0500000
2021-03-08 13:33:49,639 DEV : loss 27.468547821044922 - score 0.1046
2021-03-08 13:33:49,653 BAD EPOCHS (no improvement): 0
2021-03-08 13:33:49,850 ----------------------------------------------------------------------------------------------------
2021-03-08 13:34:39,080 epoch 17 - iter 575/5757 - loss 0.01566384 - samples/sec: 374.01 - lr: 0.050000
2021-03-08 13:35:28,269 epoch 17 - iter 1150/5757 - loss 0.01615699 - samples/sec: 374.23 - lr: 0.050000
2021-03-08 13:36:17,308 epoch 17 - iter 1725/5757 - loss 0.01640688 - samples/sec: 375.38 - lr: 0.050000
2021-03-08 13:37:06,591 epoch 17 - iter 2300/5757 - loss 0.01650107 - samples/sec: 373.52 - lr: 0.050000
2021-03-08 13:37:55,495 epoch 17 - iter 2875/5757 - loss 0.01662946 - samples/sec: 376.41 - lr: 0.050000
2021-03-08 13:38:44,835 epoch 17 - iter 3450/5757 - loss 0.01654288 - samples/sec: 373.09 - lr: 0.050000
2021-03-08 13:39:34,302 epoch 17 - iter 4025/5757 - loss 0.01659842 - samples/sec: 372.13 - lr: 0.050000
2021-03-08 13:40:23,254 epoch 17 - iter 4600/5757 - loss 0.01651877 - samples/sec: 376.03 - lr: 0.050000
2021-03-08 13:41:12,684 epoch 17 - iter 5175/5757 - loss 0.01647148 - samples/sec: 372.41 - lr: 0.050000
2021-03-08 13:42:02,532 epoch 17 - iter 5750/5757 - loss 0.01643580 - samples/sec: 369.27 - lr: 0.050000
2021-03-08 13:42:03,128 ----------------------------------------------------------------------------------------------------
2021-03-08 13:42:03,129 EPOCH 17 done: loss 0.0164 - lr 0.0500000
2021-03-08 13:42:50,704 DEV : loss 27.18427848815918 - score 0.1046
2021-03-08 13:42:50,718 BAD EPOCHS (no improvement): 0
2021-03-08 13:42:50,833 ----------------------------------------------------------------------------------------------------
2021-03-08 13:43:39,529 epoch 18 - iter 575/5757 - loss 0.01647073 - samples/sec: 378.11 - lr: 0.050000
2021-03-08 13:44:28,895 epoch 18 - iter 1150/5757 - loss 0.01596315 - samples/sec: 372.89 - lr: 0.050000
2021-03-08 13:45:18,104 epoch 18 - iter 1725/5757 - loss 0.01616085 - samples/sec: 374.08 - lr: 0.050000
2021-03-08 13:46:07,816 epoch 18 - iter 2300/5757 - loss 0.01610159 - samples/sec: 370.29 - lr: 0.050000
2021-03-08 13:46:56,616 epoch 18 - iter 2875/5757 - loss 0.01630547 - samples/sec: 377.21 - lr: 0.050000
2021-03-08 13:47:46,100 epoch 18 - iter 3450/5757 - loss 0.01633515 - samples/sec: 371.99 - lr: 0.050000
2021-03-08 13:48:35,291 epoch 18 - iter 4025/5757 - loss 0.01626644 - samples/sec: 374.21 - lr: 0.050000
2021-03-08 13:49:23,825 epoch 18 - iter 4600/5757 - loss 0.01622250 - samples/sec: 379.27 - lr: 0.050000
2021-03-08 13:50:13,000 epoch 18 - iter 5175/5757 - loss 0.01624688 - samples/sec: 374.34 - lr: 0.050000
2021-03-08 13:51:02,386 epoch 18 - iter 5750/5757 - loss 0.01621403 - samples/sec: 372.74 - lr: 0.050000
2021-03-08 13:51:02,973 ----------------------------------------------------------------------------------------------------
2021-03-08 13:51:02,973 EPOCH 18 done: loss 0.0162 - lr 0.0500000
2021-03-08 13:51:50,621 DEV : loss 26.847700119018555 - score 0.1045
2021-03-08 13:51:50,635 BAD EPOCHS (no improvement): 1
2021-03-08 13:51:50,642 ----------------------------------------------------------------------------------------------------
2021-03-08 13:52:39,854 epoch 19 - iter 575/5757 - loss 0.01646689 - samples/sec: 374.14 - lr: 0.050000
2021-03-08 13:53:28,777 epoch 19 - iter 1150/5757 - loss 0.01664497 - samples/sec: 376.25 - lr: 0.050000
2021-03-08 13:54:18,232 epoch 19 - iter 1725/5757 - loss 0.01628749 - samples/sec: 372.22 - lr: 0.050000
2021-03-08 13:55:07,279 epoch 19 - iter 2300/5757 - loss 0.01622888 - samples/sec: 375.30 - lr: 0.050000
2021-03-08 13:55:56,513 epoch 19 - iter 2875/5757 - loss 0.01627175 - samples/sec: 373.89 - lr: 0.050000
2021-03-08 13:56:45,730 epoch 19 - iter 3450/5757 - loss 0.01610784 - samples/sec: 374.02 - lr: 0.050000
2021-03-08 13:57:35,424 epoch 19 - iter 4025/5757 - loss 0.01603140 - samples/sec: 370.43 - lr: 0.050000
2021-03-08 13:58:24,071 epoch 19 - iter 4600/5757 - loss 0.01602889 - samples/sec: 378.40 - lr: 0.050000
2021-03-08 13:59:13,093 epoch 19 - iter 5175/5757 - loss 0.01600980 - samples/sec: 375.50 - lr: 0.050000
2021-03-08 14:00:02,143 epoch 19 - iter 5750/5757 - loss 0.01598970 - samples/sec: 375.29 - lr: 0.050000
2021-03-08 14:00:02,694 ----------------------------------------------------------------------------------------------------
2021-03-08 14:00:02,694 EPOCH 19 done: loss 0.0160 - lr 0.0500000
2021-03-08 14:00:50,336 DEV : loss 26.57573699951172 - score 0.1047
2021-03-08 14:00:50,350 BAD EPOCHS (no improvement): 0
2021-03-08 14:00:50,831 ----------------------------------------------------------------------------------------------------
2021-03-08 14:01:39,932 epoch 20 - iter 575/5757 - loss 0.01547170 - samples/sec: 374.96 - lr: 0.050000
2021-03-08 14:02:29,663 epoch 20 - iter 1150/5757 - loss 0.01596929 - samples/sec: 370.14 - lr: 0.050000
2021-03-08 14:03:18,933 epoch 20 - iter 1725/5757 - loss 0.01626064 - samples/sec: 373.61 - lr: 0.050000
2021-03-08 14:04:08,245 epoch 20 - iter 2300/5757 - loss 0.01601992 - samples/sec: 373.29 - lr: 0.050000
2021-03-08 14:04:57,439 epoch 20 - iter 2875/5757 - loss 0.01602181 - samples/sec: 374.20 - lr: 0.050000
2021-03-08 14:05:46,530 epoch 20 - iter 3450/5757 - loss 0.01597896 - samples/sec: 374.99 - lr: 0.050000
2021-03-08 14:06:35,803 epoch 20 - iter 4025/5757 - loss 0.01588286 - samples/sec: 373.59 - lr: 0.050000
2021-03-08 14:07:24,697 epoch 20 - iter 4600/5757 - loss 0.01582034 - samples/sec: 376.48 - lr: 0.050000
2021-03-08 14:08:13,783 epoch 20 - iter 5175/5757 - loss 0.01584612 - samples/sec: 375.02 - lr: 0.050000
2021-03-08 14:09:02,610 epoch 20 - iter 5750/5757 - loss 0.01580026 - samples/sec: 377.00 - lr: 0.050000
2021-03-08 14:09:03,209 ----------------------------------------------------------------------------------------------------
2021-03-08 14:09:03,209 EPOCH 20 done: loss 0.0158 - lr 0.0500000
2021-03-08 14:09:50,867 DEV : loss 26.3056583404541 - score 0.1046
2021-03-08 14:09:50,881 BAD EPOCHS (no improvement): 1
2021-03-08 14:09:50,886 ----------------------------------------------------------------------------------------------------
2021-03-08 14:10:39,997 epoch 21 - iter 575/5757 - loss 0.01628789 - samples/sec: 374.90 - lr: 0.050000
2021-03-08 14:11:29,302 epoch 21 - iter 1150/5757 - loss 0.01614172 - samples/sec: 373.34 - lr: 0.050000
2021-03-08 14:12:18,382 epoch 21 - iter 1725/5757 - loss 0.01625148 - samples/sec: 375.06 - lr: 0.050000
2021-03-08 14:13:07,527 epoch 21 - iter 2300/5757 - loss 0.01601629 - samples/sec: 374.56 - lr: 0.050000
2021-03-08 14:13:56,562 epoch 21 - iter 2875/5757 - loss 0.01590378 - samples/sec: 375.41 - lr: 0.050000
2021-03-08 14:14:45,556 epoch 21 - iter 3450/5757 - loss 0.01581601 - samples/sec: 375.71 - lr: 0.050000
2021-03-08 14:15:34,767 epoch 21 - iter 4025/5757 - loss 0.01574629 - samples/sec: 374.06 - lr: 0.050000
2021-03-08 14:16:24,128 epoch 21 - iter 4600/5757 - loss 0.01567487 - samples/sec: 372.93 - lr: 0.050000
2021-03-08 14:17:13,268 epoch 21 - iter 5175/5757 - loss 0.01561116 - samples/sec: 374.61 - lr: 0.050000
2021-03-08 14:18:02,057 epoch 21 - iter 5750/5757 - loss 0.01558250 - samples/sec: 377.30 - lr: 0.050000
2021-03-08 14:18:02,606 ----------------------------------------------------------------------------------------------------
2021-03-08 14:18:02,606 EPOCH 21 done: loss 0.0156 - lr 0.0500000
2021-03-08 14:18:50,211 DEV : loss 26.134252548217773 - score 0.1046
2021-03-08 14:18:50,225 BAD EPOCHS (no improvement): 2
2021-03-08 14:18:50,228 ----------------------------------------------------------------------------------------------------
2021-03-08 14:19:39,214 epoch 22 - iter 575/5757 - loss 0.01534492 - samples/sec: 375.86 - lr: 0.050000
2021-03-08 14:20:28,249 epoch 22 - iter 1150/5757 - loss 0.01548631 - samples/sec: 375.40 - lr: 0.050000
2021-03-08 14:21:17,342 epoch 22 - iter 1725/5757 - loss 0.01559013 - samples/sec: 374.96 - lr: 0.050000
2021-03-08 14:22:06,239 epoch 22 - iter 2300/5757 - loss 0.01551525 - samples/sec: 376.47 - lr: 0.050000
2021-03-08 14:22:55,306 epoch 22 - iter 2875/5757 - loss 0.01541430 - samples/sec: 375.17 - lr: 0.050000
2021-03-08 14:23:44,398 epoch 22 - iter 3450/5757 - loss 0.01556714 - samples/sec: 374.97 - lr: 0.050000
2021-03-08 14:24:33,849 epoch 22 - iter 4025/5757 - loss 0.01551998 - samples/sec: 372.25 - lr: 0.050000
2021-03-08 14:25:23,311 epoch 22 - iter 4600/5757 - loss 0.01546326 - samples/sec: 372.16 - lr: 0.050000
2021-03-08 14:26:12,876 epoch 22 - iter 5175/5757 - loss 0.01546322 - samples/sec: 371.39 - lr: 0.050000
2021-03-08 14:27:02,201 epoch 22 - iter 5750/5757 - loss 0.01541819 - samples/sec: 373.19 - lr: 0.050000
2021-03-08 14:27:02,827 ----------------------------------------------------------------------------------------------------
2021-03-08 14:27:02,827 EPOCH 22 done: loss 0.0154 - lr 0.0500000
2021-03-08 14:27:50,446 DEV : loss 25.882139205932617 - score 0.1047
2021-03-08 14:27:50,460 BAD EPOCHS (no improvement): 0
2021-03-08 14:27:50,588 ----------------------------------------------------------------------------------------------------
2021-03-08 14:28:39,732 epoch 23 - iter 575/5757 - loss 0.01528470 - samples/sec: 374.66 - lr: 0.050000
2021-03-08 14:29:28,987 epoch 23 - iter 1150/5757 - loss 0.01524291 - samples/sec: 373.73 - lr: 0.050000
2021-03-08 14:30:18,204 epoch 23 - iter 1725/5757 - loss 0.01519144 - samples/sec: 374.02 - lr: 0.050000
2021-03-08 14:31:07,651 epoch 23 - iter 2300/5757 - loss 0.01520557 - samples/sec: 372.27 - lr: 0.050000
2021-03-08 14:31:56,636 epoch 23 - iter 2875/5757 - loss 0.01516717 - samples/sec: 375.79 - lr: 0.050000
2021-03-08 14:32:45,525 epoch 23 - iter 3450/5757 - loss 0.01512899 - samples/sec: 376.53 - lr: 0.050000
2021-03-08 14:33:34,423 epoch 23 - iter 4025/5757 - loss 0.01513233 - samples/sec: 376.46 - lr: 0.050000
2021-03-08 14:34:23,777 epoch 23 - iter 4600/5757 - loss 0.01517928 - samples/sec: 372.98 - lr: 0.050000
2021-03-08 14:35:12,665 epoch 23 - iter 5175/5757 - loss 0.01519541 - samples/sec: 376.54 - lr: 0.050000
2021-03-08 14:36:02,080 epoch 23 - iter 5750/5757 - loss 0.01518307 - samples/sec: 372.51 - lr: 0.050000
2021-03-08 14:36:02,637 ----------------------------------------------------------------------------------------------------
2021-03-08 14:36:02,637 EPOCH 23 done: loss 0.0152 - lr 0.0500000
2021-03-08 14:36:50,544 DEV : loss 25.70750617980957 - score 0.1047
2021-03-08 14:36:50,558 BAD EPOCHS (no improvement): 1
2021-03-08 14:36:50,620 ----------------------------------------------------------------------------------------------------
2021-03-08 14:37:39,863 epoch 24 - iter 575/5757 - loss 0.01486903 - samples/sec: 373.90 - lr: 0.050000
2021-03-08 14:38:29,092 epoch 24 - iter 1150/5757 - loss 0.01470829 - samples/sec: 373.92 - lr: 0.050000
2021-03-08 14:39:18,439 epoch 24 - iter 1725/5757 - loss 0.01486128 - samples/sec: 373.04 - lr: 0.050000
2021-03-08 14:40:07,663 epoch 24 - iter 2300/5757 - loss 0.01478187 - samples/sec: 373.98 - lr: 0.050000
2021-03-08 14:40:57,160 epoch 24 - iter 2875/5757 - loss 0.01490541 - samples/sec: 371.90 - lr: 0.050000
2021-03-08 14:41:46,145 epoch 24 - iter 3450/5757 - loss 0.01498473 - samples/sec: 375.80 - lr: 0.050000
2021-03-08 14:42:35,423 epoch 24 - iter 4025/5757 - loss 0.01500824 - samples/sec: 373.56 - lr: 0.050000
2021-03-08 14:43:24,359 epoch 24 - iter 4600/5757 - loss 0.01498277 - samples/sec: 376.16 - lr: 0.050000
2021-03-08 14:44:14,230 epoch 24 - iter 5175/5757 - loss 0.01501956 - samples/sec: 369.11 - lr: 0.050000
2021-03-08 14:45:03,071 epoch 24 - iter 5750/5757 - loss 0.01503309 - samples/sec: 376.90 - lr: 0.050000
2021-03-08 14:45:03,683 ----------------------------------------------------------------------------------------------------
2021-03-08 14:45:03,683 EPOCH 24 done: loss 0.0150 - lr 0.0500000
2021-03-08 14:45:51,523 DEV : loss 25.51761245727539 - score 0.1049
2021-03-08 14:45:51,537 BAD EPOCHS (no improvement): 0
2021-03-08 14:45:51,668 ----------------------------------------------------------------------------------------------------
2021-03-08 14:46:40,851 epoch 25 - iter 575/5757 - loss 0.01491957 - samples/sec: 374.36 - lr: 0.050000
2021-03-08 14:47:30,344 epoch 25 - iter 1150/5757 - loss 0.01475317 - samples/sec: 371.93 - lr: 0.050000
2021-03-08 14:48:19,545 epoch 25 - iter 1725/5757 - loss 0.01476951 - samples/sec: 374.14 - lr: 0.050000
2021-03-08 14:49:08,754 epoch 25 - iter 2300/5757 - loss 0.01489647 - samples/sec: 374.08 - lr: 0.050000
2021-03-08 14:49:58,317 epoch 25 - iter 2875/5757 - loss 0.01485607 - samples/sec: 371.40 - lr: 0.050000
2021-03-08 14:50:47,602 epoch 25 - iter 3450/5757 - loss 0.01486578 - samples/sec: 373.50 - lr: 0.050000
2021-03-08 14:51:36,917 epoch 25 - iter 4025/5757 - loss 0.01487235 - samples/sec: 373.26 - lr: 0.050000
2021-03-08 14:52:25,912 epoch 25 - iter 4600/5757 - loss 0.01491888 - samples/sec: 375.72 - lr: 0.050000
2021-03-08 14:53:15,206 epoch 25 - iter 5175/5757 - loss 0.01491962 - samples/sec: 373.44 - lr: 0.050000
2021-03-08 14:54:04,836 epoch 25 - iter 5750/5757 - loss 0.01489848 - samples/sec: 370.90 - lr: 0.050000
2021-03-08 14:54:05,394 ----------------------------------------------------------------------------------------------------
2021-03-08 14:54:05,394 EPOCH 25 done: loss 0.0149 - lr 0.0500000
2021-03-08 14:54:53,116 DEV : loss 25.2775936126709 - score 0.1047
2021-03-08 14:54:53,131 BAD EPOCHS (no improvement): 1
2021-03-08 14:54:53,139 ----------------------------------------------------------------------------------------------------
2021-03-08 14:55:42,508 epoch 26 - iter 575/5757 - loss 0.01524535 - samples/sec: 372.95 - lr: 0.050000
2021-03-08 14:56:31,700 epoch 26 - iter 1150/5757 - loss 0.01497295 - samples/sec: 374.20 - lr: 0.050000
2021-03-08 14:57:20,713 epoch 26 - iter 1725/5757 - loss 0.01495975 - samples/sec: 375.58 - lr: 0.050000
2021-03-08 14:58:09,479 epoch 26 - iter 2300/5757 - loss 0.01468455 - samples/sec: 377.47 - lr: 0.050000
2021-03-08 14:58:58,140 epoch 26 - iter 2875/5757 - loss 0.01471698 - samples/sec: 378.30 - lr: 0.050000
2021-03-08 14:59:47,161 epoch 26 - iter 3450/5757 - loss 0.01473520 - samples/sec: 375.51 - lr: 0.050000
2021-03-08 15:00:37,009 epoch 26 - iter 4025/5757 - loss 0.01474010 - samples/sec: 369.29 - lr: 0.050000
2021-03-08 15:01:26,339 epoch 26 - iter 4600/5757 - loss 0.01468119 - samples/sec: 373.16 - lr: 0.050000
2021-03-08 15:02:15,517 epoch 26 - iter 5175/5757 - loss 0.01474406 - samples/sec: 374.31 - lr: 0.050000
2021-03-08 15:03:04,508 epoch 26 - iter 5750/5757 - loss 0.01471461 - samples/sec: 375.73 - lr: 0.050000
2021-03-08 15:03:05,127 ----------------------------------------------------------------------------------------------------
2021-03-08 15:03:05,127 EPOCH 26 done: loss 0.0147 - lr 0.0500000
2021-03-08 15:03:52,835 DEV : loss 25.101350784301758 - score 0.1048
2021-03-08 15:03:52,850 BAD EPOCHS (no improvement): 2
2021-03-08 15:03:52,856 ----------------------------------------------------------------------------------------------------
2021-03-08 15:04:42,089 epoch 27 - iter 575/5757 - loss 0.01458395 - samples/sec: 373.97 - lr: 0.050000
2021-03-08 15:05:31,349 epoch 27 - iter 1150/5757 - loss 0.01489238 - samples/sec: 373.69 - lr: 0.050000
2021-03-08 15:06:20,357 epoch 27 - iter 1725/5757 - loss 0.01454119 - samples/sec: 375.61 - lr: 0.050000
2021-03-08 15:07:09,672 epoch 27 - iter 2300/5757 - loss 0.01464539 - samples/sec: 373.27 - lr: 0.050000
2021-03-08 15:07:59,025 epoch 27 - iter 2875/5757 - loss 0.01447793 - samples/sec: 372.99 - lr: 0.050000
2021-03-08 15:08:48,235 epoch 27 - iter 3450/5757 - loss 0.01452427 - samples/sec: 374.07 - lr: 0.050000
2021-03-08 15:09:37,011 epoch 27 - iter 4025/5757 - loss 0.01461023 - samples/sec: 377.41 - lr: 0.050000
2021-03-08 15:10:26,231 epoch 27 - iter 4600/5757 - loss 0.01458906 - samples/sec: 373.99 - lr: 0.050000
2021-03-08 15:11:15,952 epoch 27 - iter 5175/5757 - loss 0.01458678 - samples/sec: 370.21 - lr: 0.050000
2021-03-08 15:12:05,282 epoch 27 - iter 5750/5757 - loss 0.01457916 - samples/sec: 373.17 - lr: 0.050000
2021-03-08 15:12:06,045 ----------------------------------------------------------------------------------------------------
2021-03-08 15:12:06,045 EPOCH 27 done: loss 0.0146 - lr 0.0500000
2021-03-08 15:12:53,656 DEV : loss 24.988340377807617 - score 0.1047
2021-03-08 15:12:53,670 BAD EPOCHS (no improvement): 3
2021-03-08 15:12:53,676 ----------------------------------------------------------------------------------------------------
2021-03-08 15:13:42,759 epoch 28 - iter 575/5757 - loss 0.01442744 - samples/sec: 375.12 - lr: 0.050000
2021-03-08 15:14:31,480 epoch 28 - iter 1150/5757 - loss 0.01416552 - samples/sec: 377.82 - lr: 0.050000
2021-03-08 15:15:20,821 epoch 28 - iter 1725/5757 - loss 0.01421982 - samples/sec: 373.08 - lr: 0.050000
2021-03-08 15:16:10,333 epoch 28 - iter 2300/5757 - loss 0.01423569 - samples/sec: 371.79 - lr: 0.050000
2021-03-08 15:16:59,391 epoch 28 - iter 2875/5757 - loss 0.01430996 - samples/sec: 375.24 - lr: 0.050000
2021-03-08 15:17:47,955 epoch 28 - iter 3450/5757 - loss 0.01430625 - samples/sec: 379.04 - lr: 0.050000
2021-03-08 15:18:37,540 epoch 28 - iter 4025/5757 - loss 0.01433091 - samples/sec: 371.24 - lr: 0.050000
2021-03-08 15:19:26,651 epoch 28 - iter 4600/5757 - loss 0.01437549 - samples/sec: 374.82 - lr: 0.050000
2021-03-08 15:20:15,606 epoch 28 - iter 5175/5757 - loss 0.01438539 - samples/sec: 376.02 - lr: 0.050000
2021-03-08 15:21:04,601 epoch 28 - iter 5750/5757 - loss 0.01441535 - samples/sec: 375.71 - lr: 0.050000
2021-03-08 15:21:05,185 ----------------------------------------------------------------------------------------------------
2021-03-08 15:21:05,185 EPOCH 28 done: loss 0.0144 - lr 0.0500000
2021-03-08 15:21:52,866 DEV : loss 24.72944450378418 - score 0.1047
2021-03-08 15:21:52,880 BAD EPOCHS (no improvement): 4
2021-03-08 15:21:52,886 ----------------------------------------------------------------------------------------------------
2021-03-08 15:22:42,534 epoch 29 - iter 575/5757 - loss 0.01380303 - samples/sec: 370.86 - lr: 0.025000
2021-03-08 15:23:31,081 epoch 29 - iter 1150/5757 - loss 0.01406222 - samples/sec: 379.18 - lr: 0.025000
2021-03-08 15:24:20,426 epoch 29 - iter 1725/5757 - loss 0.01438835 - samples/sec: 373.05 - lr: 0.025000
2021-03-08 15:25:09,662 epoch 29 - iter 2300/5757 - loss 0.01429287 - samples/sec: 373.86 - lr: 0.025000
2021-03-08 15:25:58,817 epoch 29 - iter 2875/5757 - loss 0.01420785 - samples/sec: 374.49 - lr: 0.025000
2021-03-08 15:26:47,674 epoch 29 - iter 3450/5757 - loss 0.01424382 - samples/sec: 376.77 - lr: 0.025000
2021-03-08 15:27:36,749 epoch 29 - iter 4025/5757 - loss 0.01422609 - samples/sec: 375.10 - lr: 0.025000
2021-03-08 15:28:26,172 epoch 29 - iter 4600/5757 - loss 0.01421510 - samples/sec: 372.44 - lr: 0.025000
2021-03-08 15:29:15,198 epoch 29 - iter 5175/5757 - loss 0.01422541 - samples/sec: 375.46 - lr: 0.025000
2021-03-08 15:30:04,163 epoch 29 - iter 5750/5757 - loss 0.01425175 - samples/sec: 375.92 - lr: 0.025000
2021-03-08 15:30:04,776 ----------------------------------------------------------------------------------------------------
2021-03-08 15:30:04,776 EPOCH 29 done: loss 0.0143 - lr 0.0250000
2021-03-08 15:30:52,597 DEV : loss 24.637210845947266 - score 0.1048
2021-03-08 15:30:52,610 BAD EPOCHS (no improvement): 1
2021-03-08 15:30:52,616 ----------------------------------------------------------------------------------------------------
2021-03-08 15:31:41,308 epoch 30 - iter 575/5757 - loss 0.01445972 - samples/sec: 378.12 - lr: 0.025000
2021-03-08 15:32:30,610 epoch 30 - iter 1150/5757 - loss 0.01467648 - samples/sec: 373.35 - lr: 0.025000
2021-03-08 15:33:19,377 epoch 30 - iter 1725/5757 - loss 0.01460340 - samples/sec: 377.45 - lr: 0.025000
2021-03-08 15:34:08,790 epoch 30 - iter 2300/5757 - loss 0.01437746 - samples/sec: 372.53 - lr: 0.025000
2021-03-08 15:34:57,969 epoch 30 - iter 2875/5757 - loss 0.01429566 - samples/sec: 374.29 - lr: 0.025000
2021-03-08 15:35:47,268 epoch 30 - iter 3450/5757 - loss 0.01431252 - samples/sec: 373.39 - lr: 0.025000
2021-03-08 15:36:36,442 epoch 30 - iter 4025/5757 - loss 0.01434787 - samples/sec: 374.33 - lr: 0.025000
2021-03-08 15:37:25,120 epoch 30 - iter 4600/5757 - loss 0.01432642 - samples/sec: 378.15 - lr: 0.025000
2021-03-08 15:38:14,690 epoch 30 - iter 5175/5757 - loss 0.01423794 - samples/sec: 371.35 - lr: 0.025000
2021-03-08 15:39:03,654 epoch 30 - iter 5750/5757 - loss 0.01418601 - samples/sec: 375.94 - lr: 0.025000
2021-03-08 15:39:04,252 ----------------------------------------------------------------------------------------------------
2021-03-08 15:39:04,253 EPOCH 30 done: loss 0.0142 - lr 0.0250000
2021-03-08 15:39:51,766 DEV : loss 24.546409606933594 - score 0.1048
2021-03-08 15:39:51,780 BAD EPOCHS (no improvement): 2
2021-03-08 15:39:51,919 ----------------------------------------------------------------------------------------------------
2021-03-08 15:39:51,920 Testing using best model ...
2021-03-08 15:39:51,920 loading file resources/taggers/1_h32/best-model.pt
2021-03-08 15:40:33,970 	0.10485269634072127
2021-03-08 15:40:33,970 
Results:
- F1-score : 0.10482406356961371
- Precision-score : 0.1048145670228024
- Recall-score : 0.10485269634072127
2021-03-08 15:40:33,970 ----------------------------------------------------------------------------------------------------
