2021-03-08 15:40:34,003 ----------------------------------------------------------------------------------------------------
2021-03-08 15:40:34,004 Model: "FlairTokenizer(
  (character_embeddings): Embedding(6568, 256)
  (embeddings): Embedding(6568, 256)
  (lstm): LSTM(256, 64, bidirectional=True)
  (hidden2tag): Linear(in_features=128, out_features=5, bias=True)
  (loss_function): NLLLoss()
)"
2021-03-08 15:40:34,004 ----------------------------------------------------------------------------------------------------
2021-03-08 15:40:34,004 Corpus: "Corpus: 184223 train + 20009 dev + 18201 test sentences"
2021-03-08 15:40:34,004 ----------------------------------------------------------------------------------------------------
2021-03-08 15:40:34,004 Parameters:
2021-03-08 15:40:34,004  - learning_rate: "0.1"
2021-03-08 15:40:34,004  - mini_batch_size: "32"
2021-03-08 15:40:34,004  - patience: "3"
2021-03-08 15:40:34,004  - anneal_factor: "0.5"
2021-03-08 15:40:34,004  - max_epochs: "30"
2021-03-08 15:40:34,004  - shuffle: "True"
2021-03-08 15:40:34,004  - train_with_dev: "False"
2021-03-08 15:40:34,004  - batch_growth_annealing: "False"
2021-03-08 15:40:34,004 ----------------------------------------------------------------------------------------------------
2021-03-08 15:40:34,004 Model training base path: "resources/taggers/1_h64"
2021-03-08 15:40:34,004 ----------------------------------------------------------------------------------------------------
2021-03-08 15:40:34,004 Device: cuda:0
2021-03-08 15:40:34,005 ----------------------------------------------------------------------------------------------------
2021-03-08 15:40:34,005 Embeddings storage mode: cpu
2021-03-08 15:40:34,022 ----------------------------------------------------------------------------------------------------
2021-03-08 15:41:24,175 epoch 1 - iter 575/5757 - loss 0.42219267 - samples/sec: 367.10 - lr: 0.100000
2021-03-08 15:42:14,017 epoch 1 - iter 1150/5757 - loss 0.28367822 - samples/sec: 369.32 - lr: 0.100000
2021-03-08 15:43:04,221 epoch 1 - iter 1725/5757 - loss 0.22198249 - samples/sec: 366.65 - lr: 0.100000
2021-03-08 15:43:54,963 epoch 1 - iter 2300/5757 - loss 0.18613442 - samples/sec: 362.76 - lr: 0.100000
2021-03-08 15:44:45,242 epoch 1 - iter 2875/5757 - loss 0.16245400 - samples/sec: 366.10 - lr: 0.100000
2021-03-08 15:45:35,250 epoch 1 - iter 3450/5757 - loss 0.14501757 - samples/sec: 368.09 - lr: 0.100000
2021-03-08 15:46:25,168 epoch 1 - iter 4025/5757 - loss 0.13237324 - samples/sec: 368.75 - lr: 0.100000
2021-03-08 15:47:15,093 epoch 1 - iter 4600/5757 - loss 0.12228379 - samples/sec: 368.70 - lr: 0.100000
2021-03-08 15:48:06,076 epoch 1 - iter 5175/5757 - loss 0.11416376 - samples/sec: 361.04 - lr: 0.100000
2021-03-08 15:48:56,247 epoch 1 - iter 5750/5757 - loss 0.10751777 - samples/sec: 366.90 - lr: 0.100000
2021-03-08 15:48:56,840 ----------------------------------------------------------------------------------------------------
2021-03-08 15:48:56,840 EPOCH 1 done: loss 0.1074 - lr 0.1000000
2021-03-08 15:49:44,569 DEV : loss 66.25489807128906 - score 0.1031
2021-03-08 15:49:44,583 BAD EPOCHS (no improvement): 0
2021-03-08 15:49:44,737 ----------------------------------------------------------------------------------------------------
2021-03-08 15:50:35,282 epoch 2 - iter 575/5757 - loss 0.04473071 - samples/sec: 364.26 - lr: 0.100000
2021-03-08 15:51:25,798 epoch 2 - iter 1150/5757 - loss 0.04385218 - samples/sec: 364.38 - lr: 0.100000
2021-03-08 15:52:16,342 epoch 2 - iter 1725/5757 - loss 0.04273719 - samples/sec: 364.18 - lr: 0.100000
2021-03-08 15:53:06,716 epoch 2 - iter 2300/5757 - loss 0.04192268 - samples/sec: 365.41 - lr: 0.100000
2021-03-08 15:53:57,063 epoch 2 - iter 2875/5757 - loss 0.04128398 - samples/sec: 365.61 - lr: 0.100000
2021-03-08 15:54:47,594 epoch 2 - iter 3450/5757 - loss 0.04045483 - samples/sec: 364.29 - lr: 0.100000
2021-03-08 15:55:37,648 epoch 2 - iter 4025/5757 - loss 0.03984111 - samples/sec: 367.74 - lr: 0.100000
2021-03-08 15:56:27,688 epoch 2 - iter 4600/5757 - loss 0.03929005 - samples/sec: 367.86 - lr: 0.100000
2021-03-08 15:57:17,748 epoch 2 - iter 5175/5757 - loss 0.03879823 - samples/sec: 367.70 - lr: 0.100000
2021-03-08 15:58:07,877 epoch 2 - iter 5750/5757 - loss 0.03830199 - samples/sec: 367.20 - lr: 0.100000
2021-03-08 15:58:08,475 ----------------------------------------------------------------------------------------------------
2021-03-08 15:58:08,475 EPOCH 2 done: loss 0.0383 - lr 0.1000000
2021-03-08 15:58:56,318 DEV : loss 48.673492431640625 - score 0.1038
2021-03-08 15:58:56,332 BAD EPOCHS (no improvement): 0
2021-03-08 15:58:56,575 ----------------------------------------------------------------------------------------------------
2021-03-08 15:59:46,606 epoch 3 - iter 575/5757 - loss 0.03497093 - samples/sec: 367.99 - lr: 0.100000
2021-03-08 16:00:36,697 epoch 3 - iter 1150/5757 - loss 0.03370243 - samples/sec: 367.47 - lr: 0.100000
2021-03-08 16:01:26,863 epoch 3 - iter 1725/5757 - loss 0.03328331 - samples/sec: 366.93 - lr: 0.100000
2021-03-08 16:02:17,163 epoch 3 - iter 2300/5757 - loss 0.03289868 - samples/sec: 365.95 - lr: 0.100000
2021-03-08 16:03:08,138 epoch 3 - iter 2875/5757 - loss 0.03236402 - samples/sec: 361.10 - lr: 0.100000
2021-03-08 16:03:57,749 epoch 3 - iter 3450/5757 - loss 0.03206118 - samples/sec: 371.04 - lr: 0.100000
2021-03-08 16:04:48,732 epoch 3 - iter 4025/5757 - loss 0.03168385 - samples/sec: 361.04 - lr: 0.100000
2021-03-08 16:05:39,434 epoch 3 - iter 4600/5757 - loss 0.03132010 - samples/sec: 363.05 - lr: 0.100000
2021-03-08 16:06:29,878 epoch 3 - iter 5175/5757 - loss 0.03103940 - samples/sec: 364.90 - lr: 0.100000
2021-03-08 16:07:19,745 epoch 3 - iter 5750/5757 - loss 0.03084013 - samples/sec: 369.13 - lr: 0.100000
2021-03-08 16:07:20,315 ----------------------------------------------------------------------------------------------------
2021-03-08 16:07:20,315 EPOCH 3 done: loss 0.0308 - lr 0.1000000
2021-03-08 16:08:07,910 DEV : loss 41.9894905090332 - score 0.1041
2021-03-08 16:08:07,924 BAD EPOCHS (no improvement): 0
2021-03-08 16:08:08,051 ----------------------------------------------------------------------------------------------------
2021-03-08 16:08:58,103 epoch 4 - iter 575/5757 - loss 0.02888934 - samples/sec: 367.84 - lr: 0.100000
2021-03-08 16:09:48,090 epoch 4 - iter 1150/5757 - loss 0.02860898 - samples/sec: 368.24 - lr: 0.100000
2021-03-08 16:10:38,715 epoch 4 - iter 1725/5757 - loss 0.02809434 - samples/sec: 363.60 - lr: 0.100000
2021-03-08 16:11:28,629 epoch 4 - iter 2300/5757 - loss 0.02781792 - samples/sec: 368.78 - lr: 0.100000
2021-03-08 16:12:19,072 epoch 4 - iter 2875/5757 - loss 0.02756791 - samples/sec: 364.90 - lr: 0.100000
2021-03-08 16:13:09,518 epoch 4 - iter 3450/5757 - loss 0.02751923 - samples/sec: 364.89 - lr: 0.100000
2021-03-08 16:14:00,234 epoch 4 - iter 4025/5757 - loss 0.02724249 - samples/sec: 362.94 - lr: 0.100000
2021-03-08 16:14:50,826 epoch 4 - iter 4600/5757 - loss 0.02711579 - samples/sec: 363.84 - lr: 0.100000
2021-03-08 16:15:40,945 epoch 4 - iter 5175/5757 - loss 0.02702118 - samples/sec: 367.28 - lr: 0.100000
2021-03-08 16:16:31,153 epoch 4 - iter 5750/5757 - loss 0.02689427 - samples/sec: 366.62 - lr: 0.100000
2021-03-08 16:16:31,776 ----------------------------------------------------------------------------------------------------
2021-03-08 16:16:31,776 EPOCH 4 done: loss 0.0269 - lr 0.1000000
2021-03-08 16:17:19,629 DEV : loss 37.723270416259766 - score 0.1043
2021-03-08 16:17:19,642 BAD EPOCHS (no improvement): 0
2021-03-08 16:17:19,774 ----------------------------------------------------------------------------------------------------
2021-03-08 16:18:09,866 epoch 5 - iter 575/5757 - loss 0.02543196 - samples/sec: 367.55 - lr: 0.100000
2021-03-08 16:19:00,513 epoch 5 - iter 1150/5757 - loss 0.02514991 - samples/sec: 363.44 - lr: 0.100000
2021-03-08 16:19:50,034 epoch 5 - iter 1725/5757 - loss 0.02505693 - samples/sec: 371.70 - lr: 0.100000
2021-03-08 16:20:41,048 epoch 5 - iter 2300/5757 - loss 0.02483473 - samples/sec: 360.83 - lr: 0.100000
2021-03-08 16:21:31,609 epoch 5 - iter 2875/5757 - loss 0.02448309 - samples/sec: 364.07 - lr: 0.100000
2021-03-08 16:22:22,003 epoch 5 - iter 3450/5757 - loss 0.02449984 - samples/sec: 365.26 - lr: 0.100000
2021-03-08 16:23:12,284 epoch 5 - iter 4025/5757 - loss 0.02442648 - samples/sec: 366.10 - lr: 0.100000
2021-03-08 16:24:02,448 epoch 5 - iter 4600/5757 - loss 0.02436399 - samples/sec: 366.94 - lr: 0.100000
2021-03-08 16:24:52,828 epoch 5 - iter 5175/5757 - loss 0.02429631 - samples/sec: 365.37 - lr: 0.100000
2021-03-08 16:25:42,572 epoch 5 - iter 5750/5757 - loss 0.02423992 - samples/sec: 370.04 - lr: 0.100000
2021-03-08 16:25:43,211 ----------------------------------------------------------------------------------------------------
2021-03-08 16:25:43,211 EPOCH 5 done: loss 0.0242 - lr 0.1000000
2021-03-08 16:26:30,945 DEV : loss 34.89794158935547 - score 0.1045
2021-03-08 16:26:30,958 BAD EPOCHS (no improvement): 0
2021-03-08 16:26:31,063 ----------------------------------------------------------------------------------------------------
2021-03-08 16:27:21,454 epoch 6 - iter 575/5757 - loss 0.02302021 - samples/sec: 365.36 - lr: 0.100000
2021-03-08 16:28:11,965 epoch 6 - iter 1150/5757 - loss 0.02332016 - samples/sec: 364.42 - lr: 0.100000
2021-03-08 16:29:02,313 epoch 6 - iter 1725/5757 - loss 0.02320958 - samples/sec: 365.60 - lr: 0.100000
2021-03-08 16:29:52,523 epoch 6 - iter 2300/5757 - loss 0.02308994 - samples/sec: 366.61 - lr: 0.100000
2021-03-08 16:30:42,606 epoch 6 - iter 2875/5757 - loss 0.02286702 - samples/sec: 367.53 - lr: 0.100000
2021-03-08 16:31:33,089 epoch 6 - iter 3450/5757 - loss 0.02271301 - samples/sec: 364.63 - lr: 0.100000
2021-03-08 16:32:23,461 epoch 6 - iter 4025/5757 - loss 0.02256203 - samples/sec: 365.42 - lr: 0.100000
2021-03-08 16:33:13,743 epoch 6 - iter 4600/5757 - loss 0.02246549 - samples/sec: 366.08 - lr: 0.100000
2021-03-08 16:34:04,142 epoch 6 - iter 5175/5757 - loss 0.02230028 - samples/sec: 365.23 - lr: 0.100000
2021-03-08 16:34:54,307 epoch 6 - iter 5750/5757 - loss 0.02226804 - samples/sec: 366.93 - lr: 0.100000
2021-03-08 16:34:54,902 ----------------------------------------------------------------------------------------------------
2021-03-08 16:34:54,902 EPOCH 6 done: loss 0.0223 - lr 0.1000000
2021-03-08 16:35:42,793 DEV : loss 32.762840270996094 - score 0.1043
2021-03-08 16:35:42,807 BAD EPOCHS (no improvement): 1
2021-03-08 16:35:42,813 ----------------------------------------------------------------------------------------------------
2021-03-08 16:36:33,325 epoch 7 - iter 575/5757 - loss 0.02065874 - samples/sec: 364.49 - lr: 0.100000
2021-03-08 16:37:23,338 epoch 7 - iter 1150/5757 - loss 0.02071821 - samples/sec: 368.05 - lr: 0.100000
2021-03-08 16:38:13,652 epoch 7 - iter 1725/5757 - loss 0.02110596 - samples/sec: 365.85 - lr: 0.100000
2021-03-08 16:39:04,259 epoch 7 - iter 2300/5757 - loss 0.02084718 - samples/sec: 363.72 - lr: 0.100000
2021-03-08 16:39:54,457 epoch 7 - iter 2875/5757 - loss 0.02082876 - samples/sec: 366.70 - lr: 0.100000
2021-03-08 16:40:44,861 epoch 7 - iter 3450/5757 - loss 0.02080096 - samples/sec: 365.18 - lr: 0.100000
2021-03-08 16:41:34,956 epoch 7 - iter 4025/5757 - loss 0.02087143 - samples/sec: 367.45 - lr: 0.100000
2021-03-08 16:42:25,912 epoch 7 - iter 4600/5757 - loss 0.02075077 - samples/sec: 361.24 - lr: 0.100000
2021-03-08 16:43:15,989 epoch 7 - iter 5175/5757 - loss 0.02074002 - samples/sec: 367.57 - lr: 0.100000
2021-03-08 16:44:06,482 epoch 7 - iter 5750/5757 - loss 0.02071385 - samples/sec: 364.55 - lr: 0.100000
2021-03-08 16:44:07,046 ----------------------------------------------------------------------------------------------------
2021-03-08 16:44:07,046 EPOCH 7 done: loss 0.0207 - lr 0.1000000
2021-03-08 16:44:54,605 DEV : loss 30.983646392822266 - score 0.1044
2021-03-08 16:44:54,618 BAD EPOCHS (no improvement): 2
2021-03-08 16:44:54,628 ----------------------------------------------------------------------------------------------------
2021-03-08 16:45:44,756 epoch 8 - iter 575/5757 - loss 0.01992889 - samples/sec: 367.28 - lr: 0.100000
2021-03-08 16:46:35,039 epoch 8 - iter 1150/5757 - loss 0.01968891 - samples/sec: 366.08 - lr: 0.100000
2021-03-08 16:47:25,533 epoch 8 - iter 1725/5757 - loss 0.01958266 - samples/sec: 364.53 - lr: 0.100000
2021-03-08 16:48:15,972 epoch 8 - iter 2300/5757 - loss 0.01963585 - samples/sec: 364.94 - lr: 0.100000
2021-03-08 16:49:06,420 epoch 8 - iter 2875/5757 - loss 0.01958216 - samples/sec: 364.87 - lr: 0.100000
2021-03-08 16:49:56,462 epoch 8 - iter 3450/5757 - loss 0.01960063 - samples/sec: 367.84 - lr: 0.100000
2021-03-08 16:50:46,793 epoch 8 - iter 4025/5757 - loss 0.01960326 - samples/sec: 365.72 - lr: 0.100000
2021-03-08 16:51:37,491 epoch 8 - iter 4600/5757 - loss 0.01955591 - samples/sec: 363.07 - lr: 0.100000
2021-03-08 16:52:27,889 epoch 8 - iter 5175/5757 - loss 0.01954282 - samples/sec: 365.23 - lr: 0.100000
2021-03-08 16:53:17,640 epoch 8 - iter 5750/5757 - loss 0.01950889 - samples/sec: 369.98 - lr: 0.100000
2021-03-08 16:53:18,218 ----------------------------------------------------------------------------------------------------
2021-03-08 16:53:18,218 EPOCH 8 done: loss 0.0195 - lr 0.1000000
2021-03-08 16:54:06,071 DEV : loss 29.586694717407227 - score 0.1044
2021-03-08 16:54:06,085 BAD EPOCHS (no improvement): 3
2021-03-08 16:54:06,089 ----------------------------------------------------------------------------------------------------
2021-03-08 16:54:56,438 epoch 9 - iter 575/5757 - loss 0.01854763 - samples/sec: 365.66 - lr: 0.100000
2021-03-08 16:55:46,646 epoch 9 - iter 1150/5757 - loss 0.01854539 - samples/sec: 366.62 - lr: 0.100000
2021-03-08 16:56:36,722 epoch 9 - iter 1725/5757 - loss 0.01846052 - samples/sec: 367.58 - lr: 0.100000
2021-03-08 16:57:27,035 epoch 9 - iter 2300/5757 - loss 0.01843738 - samples/sec: 365.85 - lr: 0.100000
2021-03-08 16:58:17,545 epoch 9 - iter 2875/5757 - loss 0.01857330 - samples/sec: 364.43 - lr: 0.100000
2021-03-08 16:59:07,728 epoch 9 - iter 3450/5757 - loss 0.01860291 - samples/sec: 366.80 - lr: 0.100000
2021-03-08 16:59:58,554 epoch 9 - iter 4025/5757 - loss 0.01847785 - samples/sec: 362.16 - lr: 0.100000
2021-03-08 17:00:48,643 epoch 9 - iter 4600/5757 - loss 0.01854269 - samples/sec: 367.49 - lr: 0.100000
2021-03-08 17:01:38,520 epoch 9 - iter 5175/5757 - loss 0.01852536 - samples/sec: 369.05 - lr: 0.100000
2021-03-08 17:02:28,632 epoch 9 - iter 5750/5757 - loss 0.01851638 - samples/sec: 367.33 - lr: 0.100000
2021-03-08 17:02:29,287 ----------------------------------------------------------------------------------------------------
2021-03-08 17:02:29,287 EPOCH 9 done: loss 0.0185 - lr 0.1000000
2021-03-08 17:03:17,016 DEV : loss 28.42348289489746 - score 0.1044
2021-03-08 17:03:17,029 BAD EPOCHS (no improvement): 4
2021-03-08 17:03:17,035 ----------------------------------------------------------------------------------------------------
2021-03-08 17:04:07,398 epoch 10 - iter 575/5757 - loss 0.01821857 - samples/sec: 365.56 - lr: 0.050000
2021-03-08 17:04:57,224 epoch 10 - iter 1150/5757 - loss 0.01825456 - samples/sec: 369.43 - lr: 0.050000
2021-03-08 17:05:47,685 epoch 10 - iter 1725/5757 - loss 0.01823794 - samples/sec: 364.78 - lr: 0.050000
2021-03-08 17:06:38,111 epoch 10 - iter 2300/5757 - loss 0.01801366 - samples/sec: 365.04 - lr: 0.050000
2021-03-08 17:07:28,271 epoch 10 - iter 2875/5757 - loss 0.01800561 - samples/sec: 366.97 - lr: 0.050000
2021-03-08 17:08:18,479 epoch 10 - iter 3450/5757 - loss 0.01797134 - samples/sec: 366.63 - lr: 0.050000
2021-03-08 17:09:08,744 epoch 10 - iter 4025/5757 - loss 0.01796286 - samples/sec: 366.20 - lr: 0.050000
2021-03-08 17:09:58,770 epoch 10 - iter 4600/5757 - loss 0.01785254 - samples/sec: 367.96 - lr: 0.050000
2021-03-08 17:10:49,820 epoch 10 - iter 5175/5757 - loss 0.01779875 - samples/sec: 360.57 - lr: 0.050000
2021-03-08 17:11:40,345 epoch 10 - iter 5750/5757 - loss 0.01773713 - samples/sec: 364.31 - lr: 0.050000
2021-03-08 17:11:40,978 ----------------------------------------------------------------------------------------------------
2021-03-08 17:11:40,979 EPOCH 10 done: loss 0.0177 - lr 0.0500000
2021-03-08 17:12:28,702 DEV : loss 27.969078063964844 - score 0.1042
2021-03-08 17:12:28,715 BAD EPOCHS (no improvement): 1
2021-03-08 17:12:28,721 ----------------------------------------------------------------------------------------------------
2021-03-08 17:13:18,882 epoch 11 - iter 575/5757 - loss 0.01814557 - samples/sec: 367.02 - lr: 0.050000
2021-03-08 17:14:09,367 epoch 11 - iter 1150/5757 - loss 0.01777411 - samples/sec: 364.60 - lr: 0.050000
2021-03-08 17:14:59,509 epoch 11 - iter 1725/5757 - loss 0.01738765 - samples/sec: 367.08 - lr: 0.050000
2021-03-08 17:15:49,837 epoch 11 - iter 2300/5757 - loss 0.01721264 - samples/sec: 365.74 - lr: 0.050000
2021-03-08 17:16:39,716 epoch 11 - iter 2875/5757 - loss 0.01732318 - samples/sec: 369.02 - lr: 0.050000
2021-03-08 17:17:30,160 epoch 11 - iter 3450/5757 - loss 0.01710033 - samples/sec: 364.89 - lr: 0.050000
2021-03-08 17:18:21,134 epoch 11 - iter 4025/5757 - loss 0.01717800 - samples/sec: 361.10 - lr: 0.050000
2021-03-08 17:19:11,169 epoch 11 - iter 4600/5757 - loss 0.01732673 - samples/sec: 367.87 - lr: 0.050000
2021-03-08 17:20:01,078 epoch 11 - iter 5175/5757 - loss 0.01729534 - samples/sec: 368.80 - lr: 0.050000
2021-03-08 17:20:51,175 epoch 11 - iter 5750/5757 - loss 0.01730025 - samples/sec: 367.42 - lr: 0.050000
2021-03-08 17:20:51,788 ----------------------------------------------------------------------------------------------------
2021-03-08 17:20:51,788 EPOCH 11 done: loss 0.0173 - lr 0.0500000
2021-03-08 17:21:39,358 DEV : loss 27.366432189941406 - score 0.1044
2021-03-08 17:21:39,372 BAD EPOCHS (no improvement): 2
2021-03-08 17:21:39,390 ----------------------------------------------------------------------------------------------------
2021-03-08 17:22:29,715 epoch 12 - iter 575/5757 - loss 0.01826829 - samples/sec: 365.83 - lr: 0.050000
2021-03-08 17:23:20,673 epoch 12 - iter 1150/5757 - loss 0.01791107 - samples/sec: 361.21 - lr: 0.050000
2021-03-08 17:24:11,151 epoch 12 - iter 1725/5757 - loss 0.01737803 - samples/sec: 364.65 - lr: 0.050000
2021-03-08 17:25:01,962 epoch 12 - iter 2300/5757 - loss 0.01714146 - samples/sec: 362.25 - lr: 0.050000
2021-03-08 17:25:52,377 epoch 12 - iter 2875/5757 - loss 0.01715862 - samples/sec: 365.10 - lr: 0.050000
2021-03-08 17:26:42,015 epoch 12 - iter 3450/5757 - loss 0.01712952 - samples/sec: 370.82 - lr: 0.050000
2021-03-08 17:27:32,073 epoch 12 - iter 4025/5757 - loss 0.01704220 - samples/sec: 367.70 - lr: 0.050000
2021-03-08 17:28:22,158 epoch 12 - iter 4600/5757 - loss 0.01689790 - samples/sec: 367.51 - lr: 0.050000
2021-03-08 17:29:12,278 epoch 12 - iter 5175/5757 - loss 0.01681024 - samples/sec: 367.25 - lr: 0.050000
2021-03-08 17:30:02,267 epoch 12 - iter 5750/5757 - loss 0.01688287 - samples/sec: 368.21 - lr: 0.050000
2021-03-08 17:30:03,078 ----------------------------------------------------------------------------------------------------
2021-03-08 17:30:03,078 EPOCH 12 done: loss 0.0169 - lr 0.0500000
2021-03-08 17:30:50,731 DEV : loss 26.921388626098633 - score 0.1045
2021-03-08 17:30:50,744 BAD EPOCHS (no improvement): 3
2021-03-08 17:30:50,748 ----------------------------------------------------------------------------------------------------
2021-03-08 17:31:40,798 epoch 13 - iter 575/5757 - loss 0.01629438 - samples/sec: 367.85 - lr: 0.050000
2021-03-08 17:32:31,265 epoch 13 - iter 1150/5757 - loss 0.01674694 - samples/sec: 364.73 - lr: 0.050000
2021-03-08 17:33:21,250 epoch 13 - iter 1725/5757 - loss 0.01687339 - samples/sec: 368.24 - lr: 0.050000
2021-03-08 17:34:11,688 epoch 13 - iter 2300/5757 - loss 0.01690068 - samples/sec: 364.93 - lr: 0.050000
2021-03-08 17:35:01,472 epoch 13 - iter 2875/5757 - loss 0.01683872 - samples/sec: 369.73 - lr: 0.050000
2021-03-08 17:35:51,695 epoch 13 - iter 3450/5757 - loss 0.01675276 - samples/sec: 366.50 - lr: 0.050000
2021-03-08 17:36:42,073 epoch 13 - iter 4025/5757 - loss 0.01679299 - samples/sec: 365.37 - lr: 0.050000
2021-03-08 17:37:32,344 epoch 13 - iter 4600/5757 - loss 0.01681540 - samples/sec: 366.14 - lr: 0.050000
2021-03-08 17:38:22,201 epoch 13 - iter 5175/5757 - loss 0.01671177 - samples/sec: 369.19 - lr: 0.050000
2021-03-08 17:39:12,682 epoch 13 - iter 5750/5757 - loss 0.01655490 - samples/sec: 364.62 - lr: 0.050000
2021-03-08 17:39:13,305 ----------------------------------------------------------------------------------------------------
2021-03-08 17:39:13,305 EPOCH 13 done: loss 0.0165 - lr 0.0500000
2021-03-08 17:40:01,048 DEV : loss 26.482927322387695 - score 0.1044
2021-03-08 17:40:01,061 BAD EPOCHS (no improvement): 4
2021-03-08 17:40:01,066 ----------------------------------------------------------------------------------------------------
2021-03-08 17:40:51,310 epoch 14 - iter 575/5757 - loss 0.01709574 - samples/sec: 366.42 - lr: 0.025000
2021-03-08 17:41:41,470 epoch 14 - iter 1150/5757 - loss 0.01675607 - samples/sec: 366.96 - lr: 0.025000
2021-03-08 17:42:31,673 epoch 14 - iter 1725/5757 - loss 0.01673628 - samples/sec: 366.64 - lr: 0.025000
2021-03-08 17:43:21,966 epoch 14 - iter 2300/5757 - loss 0.01661260 - samples/sec: 365.99 - lr: 0.025000
2021-03-08 17:44:11,721 epoch 14 - iter 2875/5757 - loss 0.01640825 - samples/sec: 369.94 - lr: 0.025000
2021-03-08 17:45:02,577 epoch 14 - iter 3450/5757 - loss 0.01630915 - samples/sec: 361.93 - lr: 0.025000
2021-03-08 17:45:52,419 epoch 14 - iter 4025/5757 - loss 0.01624183 - samples/sec: 369.30 - lr: 0.025000
2021-03-08 17:46:43,250 epoch 14 - iter 4600/5757 - loss 0.01621677 - samples/sec: 362.11 - lr: 0.025000
2021-03-08 17:47:33,295 epoch 14 - iter 5175/5757 - loss 0.01628986 - samples/sec: 367.81 - lr: 0.025000
2021-03-08 17:48:24,033 epoch 14 - iter 5750/5757 - loss 0.01625002 - samples/sec: 362.77 - lr: 0.025000
2021-03-08 17:48:24,634 ----------------------------------------------------------------------------------------------------
2021-03-08 17:48:24,634 EPOCH 14 done: loss 0.0163 - lr 0.0250000
2021-03-08 17:49:12,213 DEV : loss 26.234041213989258 - score 0.1045
2021-03-08 17:49:12,226 BAD EPOCHS (no improvement): 1
2021-03-08 17:49:12,230 ----------------------------------------------------------------------------------------------------
2021-03-08 17:50:02,241 epoch 15 - iter 575/5757 - loss 0.01668849 - samples/sec: 368.13 - lr: 0.025000
2021-03-08 17:50:52,752 epoch 15 - iter 1150/5757 - loss 0.01638685 - samples/sec: 364.41 - lr: 0.025000
2021-03-08 17:51:42,957 epoch 15 - iter 1725/5757 - loss 0.01620367 - samples/sec: 366.63 - lr: 0.025000
2021-03-08 17:52:33,388 epoch 15 - iter 2300/5757 - loss 0.01621246 - samples/sec: 364.99 - lr: 0.025000
2021-03-08 17:53:23,491 epoch 15 - iter 2875/5757 - loss 0.01623481 - samples/sec: 367.38 - lr: 0.025000
2021-03-08 17:54:13,963 epoch 15 - iter 3450/5757 - loss 0.01613111 - samples/sec: 364.69 - lr: 0.025000
2021-03-08 17:55:04,119 epoch 15 - iter 4025/5757 - loss 0.01617381 - samples/sec: 366.98 - lr: 0.025000
2021-03-08 17:55:54,389 epoch 15 - iter 4600/5757 - loss 0.01609701 - samples/sec: 366.15 - lr: 0.025000
2021-03-08 17:56:44,428 epoch 15 - iter 5175/5757 - loss 0.01607048 - samples/sec: 367.85 - lr: 0.025000
2021-03-08 17:57:34,712 epoch 15 - iter 5750/5757 - loss 0.01608099 - samples/sec: 366.05 - lr: 0.025000
2021-03-08 17:57:35,257 ----------------------------------------------------------------------------------------------------
2021-03-08 17:57:35,257 EPOCH 15 done: loss 0.0161 - lr 0.0250000
2021-03-08 17:58:23,066 DEV : loss 26.044811248779297 - score 0.1045
2021-03-08 17:58:23,080 BAD EPOCHS (no improvement): 2
2021-03-08 17:58:23,086 ----------------------------------------------------------------------------------------------------
2021-03-08 17:59:13,179 epoch 16 - iter 575/5757 - loss 0.01667719 - samples/sec: 367.53 - lr: 0.025000
2021-03-08 18:00:04,246 epoch 16 - iter 1150/5757 - loss 0.01613211 - samples/sec: 360.44 - lr: 0.025000
2021-03-08 18:00:54,508 epoch 16 - iter 1725/5757 - loss 0.01578473 - samples/sec: 366.21 - lr: 0.025000
2021-03-08 18:01:44,847 epoch 16 - iter 2300/5757 - loss 0.01560886 - samples/sec: 365.65 - lr: 0.025000
2021-03-08 18:02:35,115 epoch 16 - iter 2875/5757 - loss 0.01569701 - samples/sec: 366.16 - lr: 0.025000
2021-03-08 18:03:25,399 epoch 16 - iter 3450/5757 - loss 0.01577249 - samples/sec: 366.06 - lr: 0.025000
2021-03-08 18:04:15,389 epoch 16 - iter 4025/5757 - loss 0.01583858 - samples/sec: 368.21 - lr: 0.025000
2021-03-08 18:05:05,564 epoch 16 - iter 4600/5757 - loss 0.01577355 - samples/sec: 366.85 - lr: 0.025000
2021-03-08 18:05:55,466 epoch 16 - iter 5175/5757 - loss 0.01580030 - samples/sec: 368.85 - lr: 0.025000
2021-03-08 18:06:45,468 epoch 16 - iter 5750/5757 - loss 0.01586847 - samples/sec: 368.12 - lr: 0.025000
2021-03-08 18:06:46,003 ----------------------------------------------------------------------------------------------------
2021-03-08 18:06:46,003 EPOCH 16 done: loss 0.0159 - lr 0.0250000
2021-03-08 18:07:33,971 DEV : loss 25.863908767700195 - score 0.1045
2021-03-08 18:07:33,984 BAD EPOCHS (no improvement): 0
2021-03-08 18:07:34,179 ----------------------------------------------------------------------------------------------------
2021-03-08 18:08:23,957 epoch 17 - iter 575/5757 - loss 0.01597290 - samples/sec: 369.85 - lr: 0.025000
2021-03-08 18:09:14,522 epoch 17 - iter 1150/5757 - loss 0.01613309 - samples/sec: 364.02 - lr: 0.025000
2021-03-08 18:10:05,063 epoch 17 - iter 1725/5757 - loss 0.01603376 - samples/sec: 364.19 - lr: 0.025000
2021-03-08 18:10:55,287 epoch 17 - iter 2300/5757 - loss 0.01595512 - samples/sec: 366.49 - lr: 0.025000
2021-03-08 18:11:45,498 epoch 17 - iter 2875/5757 - loss 0.01604163 - samples/sec: 366.58 - lr: 0.025000
2021-03-08 18:12:35,694 epoch 17 - iter 3450/5757 - loss 0.01594291 - samples/sec: 366.70 - lr: 0.025000
2021-03-08 18:13:25,963 epoch 17 - iter 4025/5757 - loss 0.01584427 - samples/sec: 366.16 - lr: 0.025000
2021-03-08 18:14:16,412 epoch 17 - iter 4600/5757 - loss 0.01583462 - samples/sec: 364.85 - lr: 0.025000
2021-03-08 18:15:06,479 epoch 17 - iter 5175/5757 - loss 0.01569083 - samples/sec: 367.64 - lr: 0.025000
2021-03-08 18:15:56,819 epoch 17 - iter 5750/5757 - loss 0.01575102 - samples/sec: 365.65 - lr: 0.025000
2021-03-08 18:15:57,386 ----------------------------------------------------------------------------------------------------
2021-03-08 18:15:57,387 EPOCH 17 done: loss 0.0158 - lr 0.0250000
2021-03-08 18:16:45,182 DEV : loss 25.623960494995117 - score 0.1048
2021-03-08 18:16:45,195 BAD EPOCHS (no improvement): 0
2021-03-08 18:16:45,328 ----------------------------------------------------------------------------------------------------
2021-03-08 18:17:35,624 epoch 18 - iter 575/5757 - loss 0.01596227 - samples/sec: 366.04 - lr: 0.025000
2021-03-08 18:18:25,885 epoch 18 - iter 1150/5757 - loss 0.01555387 - samples/sec: 366.22 - lr: 0.025000
2021-03-08 18:19:15,768 epoch 18 - iter 1725/5757 - loss 0.01539458 - samples/sec: 369.00 - lr: 0.025000
2021-03-08 18:20:06,118 epoch 18 - iter 2300/5757 - loss 0.01561224 - samples/sec: 365.57 - lr: 0.025000
2021-03-08 18:20:56,057 epoch 18 - iter 2875/5757 - loss 0.01563054 - samples/sec: 368.58 - lr: 0.025000
2021-03-08 18:21:46,335 epoch 18 - iter 3450/5757 - loss 0.01550222 - samples/sec: 366.09 - lr: 0.025000
2021-03-08 18:22:37,231 epoch 18 - iter 4025/5757 - loss 0.01543816 - samples/sec: 361.65 - lr: 0.025000
2021-03-08 18:23:27,487 epoch 18 - iter 4600/5757 - loss 0.01555261 - samples/sec: 366.26 - lr: 0.025000
2021-03-08 18:24:17,600 epoch 18 - iter 5175/5757 - loss 0.01553500 - samples/sec: 367.30 - lr: 0.025000
2021-03-08 18:25:07,843 epoch 18 - iter 5750/5757 - loss 0.01556543 - samples/sec: 366.35 - lr: 0.025000
2021-03-08 18:25:08,416 ----------------------------------------------------------------------------------------------------
2021-03-08 18:25:08,416 EPOCH 18 done: loss 0.0156 - lr 0.0250000
2021-03-08 18:25:56,160 DEV : loss 25.431730270385742 - score 0.1046
2021-03-08 18:25:56,173 BAD EPOCHS (no improvement): 1
2021-03-08 18:25:56,187 ----------------------------------------------------------------------------------------------------
2021-03-08 18:26:46,618 epoch 19 - iter 575/5757 - loss 0.01574345 - samples/sec: 365.06 - lr: 0.025000
2021-03-08 18:27:37,266 epoch 19 - iter 1150/5757 - loss 0.01556225 - samples/sec: 363.42 - lr: 0.025000
2021-03-08 18:28:27,476 epoch 19 - iter 1725/5757 - loss 0.01543884 - samples/sec: 366.59 - lr: 0.025000
2021-03-08 18:29:17,964 epoch 19 - iter 2300/5757 - loss 0.01540730 - samples/sec: 364.58 - lr: 0.025000
2021-03-08 18:30:08,118 epoch 19 - iter 2875/5757 - loss 0.01538904 - samples/sec: 366.99 - lr: 0.025000
2021-03-08 18:30:58,599 epoch 19 - iter 3450/5757 - loss 0.01538511 - samples/sec: 364.63 - lr: 0.025000
2021-03-08 18:31:48,904 epoch 19 - iter 4025/5757 - loss 0.01533306 - samples/sec: 365.90 - lr: 0.025000
2021-03-08 18:32:38,764 epoch 19 - iter 4600/5757 - loss 0.01540041 - samples/sec: 369.16 - lr: 0.025000
2021-03-08 18:33:28,764 epoch 19 - iter 5175/5757 - loss 0.01537301 - samples/sec: 368.13 - lr: 0.025000
2021-03-08 18:34:18,668 epoch 19 - iter 5750/5757 - loss 0.01541699 - samples/sec: 368.84 - lr: 0.025000
2021-03-08 18:34:19,304 ----------------------------------------------------------------------------------------------------
2021-03-08 18:34:19,304 EPOCH 19 done: loss 0.0154 - lr 0.0250000
2021-03-08 18:35:07,409 DEV : loss 25.25552749633789 - score 0.1045
2021-03-08 18:35:07,422 BAD EPOCHS (no improvement): 2
2021-03-08 18:35:07,428 ----------------------------------------------------------------------------------------------------
2021-03-08 18:35:58,292 epoch 20 - iter 575/5757 - loss 0.01496424 - samples/sec: 361.95 - lr: 0.025000
2021-03-08 18:36:48,551 epoch 20 - iter 1150/5757 - loss 0.01505729 - samples/sec: 366.23 - lr: 0.025000
2021-03-08 18:37:38,250 epoch 20 - iter 1725/5757 - loss 0.01537031 - samples/sec: 370.36 - lr: 0.025000
2021-03-08 18:38:28,599 epoch 20 - iter 2300/5757 - loss 0.01540187 - samples/sec: 365.58 - lr: 0.025000
2021-03-08 18:39:18,586 epoch 20 - iter 2875/5757 - loss 0.01536382 - samples/sec: 368.22 - lr: 0.025000
2021-03-08 18:40:09,089 epoch 20 - iter 3450/5757 - loss 0.01549616 - samples/sec: 364.47 - lr: 0.025000
2021-03-08 18:40:59,506 epoch 20 - iter 4025/5757 - loss 0.01533602 - samples/sec: 365.09 - lr: 0.025000
2021-03-08 18:41:49,635 epoch 20 - iter 4600/5757 - loss 0.01531333 - samples/sec: 367.19 - lr: 0.025000
2021-03-08 18:42:39,839 epoch 20 - iter 5175/5757 - loss 0.01532899 - samples/sec: 366.63 - lr: 0.025000
2021-03-08 18:43:30,387 epoch 20 - iter 5750/5757 - loss 0.01529135 - samples/sec: 364.14 - lr: 0.025000
2021-03-08 18:43:31,033 ----------------------------------------------------------------------------------------------------
2021-03-08 18:43:31,033 EPOCH 20 done: loss 0.0153 - lr 0.0250000
2021-03-08 18:44:18,596 DEV : loss 25.095409393310547 - score 0.1047
2021-03-08 18:44:18,610 BAD EPOCHS (no improvement): 3
2021-03-08 18:44:18,614 ----------------------------------------------------------------------------------------------------
2021-03-08 18:45:08,558 epoch 21 - iter 575/5757 - loss 0.01523588 - samples/sec: 368.63 - lr: 0.025000
2021-03-08 18:45:58,716 epoch 21 - iter 1150/5757 - loss 0.01495345 - samples/sec: 366.97 - lr: 0.025000
2021-03-08 18:46:48,952 epoch 21 - iter 1725/5757 - loss 0.01494016 - samples/sec: 366.41 - lr: 0.025000
2021-03-08 18:47:39,603 epoch 21 - iter 2300/5757 - loss 0.01512094 - samples/sec: 363.40 - lr: 0.025000
2021-03-08 18:48:29,935 epoch 21 - iter 2875/5757 - loss 0.01502721 - samples/sec: 365.70 - lr: 0.025000
2021-03-08 18:49:20,482 epoch 21 - iter 3450/5757 - loss 0.01496431 - samples/sec: 364.15 - lr: 0.025000
2021-03-08 18:50:10,448 epoch 21 - iter 4025/5757 - loss 0.01508360 - samples/sec: 368.39 - lr: 0.025000
2021-03-08 18:51:00,902 epoch 21 - iter 4600/5757 - loss 0.01517272 - samples/sec: 364.82 - lr: 0.025000
2021-03-08 18:51:51,325 epoch 21 - iter 5175/5757 - loss 0.01509195 - samples/sec: 365.04 - lr: 0.025000
2021-03-08 18:52:41,679 epoch 21 - iter 5750/5757 - loss 0.01512666 - samples/sec: 365.55 - lr: 0.025000
2021-03-08 18:52:42,261 ----------------------------------------------------------------------------------------------------
2021-03-08 18:52:42,261 EPOCH 21 done: loss 0.0151 - lr 0.0250000
2021-03-08 18:53:30,316 DEV : loss 24.91059112548828 - score 0.1046
2021-03-08 18:53:30,329 BAD EPOCHS (no improvement): 4
2021-03-08 18:53:30,332 ----------------------------------------------------------------------------------------------------
2021-03-08 18:54:20,565 epoch 22 - iter 575/5757 - loss 0.01517093 - samples/sec: 366.51 - lr: 0.012500
2021-03-08 18:55:10,485 epoch 22 - iter 1150/5757 - loss 0.01519671 - samples/sec: 368.71 - lr: 0.012500
2021-03-08 18:56:00,875 epoch 22 - iter 1725/5757 - loss 0.01518838 - samples/sec: 365.28 - lr: 0.012500
2021-03-08 18:56:50,840 epoch 22 - iter 2300/5757 - loss 0.01516502 - samples/sec: 368.39 - lr: 0.012500
2021-03-08 18:57:41,785 epoch 22 - iter 2875/5757 - loss 0.01511622 - samples/sec: 361.30 - lr: 0.012500
2021-03-08 18:58:31,910 epoch 22 - iter 3450/5757 - loss 0.01514937 - samples/sec: 367.21 - lr: 0.012500
2021-03-08 18:59:21,907 epoch 22 - iter 4025/5757 - loss 0.01518298 - samples/sec: 368.15 - lr: 0.012500
2021-03-08 19:00:12,099 epoch 22 - iter 4600/5757 - loss 0.01510207 - samples/sec: 366.72 - lr: 0.012500
2021-03-08 19:01:02,523 epoch 22 - iter 5175/5757 - loss 0.01504912 - samples/sec: 365.03 - lr: 0.012500
2021-03-08 19:01:52,514 epoch 22 - iter 5750/5757 - loss 0.01497963 - samples/sec: 368.20 - lr: 0.012500
2021-03-08 19:01:53,116 ----------------------------------------------------------------------------------------------------
2021-03-08 19:01:53,116 EPOCH 22 done: loss 0.0150 - lr 0.0125000
2021-03-08 19:02:40,849 DEV : loss 24.82998275756836 - score 0.1045
2021-03-08 19:02:40,863 BAD EPOCHS (no improvement): 1
2021-03-08 19:02:40,867 ----------------------------------------------------------------------------------------------------
2021-03-08 19:03:31,590 epoch 23 - iter 575/5757 - loss 0.01493033 - samples/sec: 362.95 - lr: 0.012500
2021-03-08 19:04:21,613 epoch 23 - iter 1150/5757 - loss 0.01478042 - samples/sec: 367.96 - lr: 0.012500
2021-03-08 19:05:12,094 epoch 23 - iter 1725/5757 - loss 0.01481905 - samples/sec: 364.62 - lr: 0.012500
2021-03-08 19:06:02,203 epoch 23 - iter 2300/5757 - loss 0.01494784 - samples/sec: 367.33 - lr: 0.012500
2021-03-08 19:06:52,956 epoch 23 - iter 2875/5757 - loss 0.01484503 - samples/sec: 362.67 - lr: 0.012500
2021-03-08 19:07:43,197 epoch 23 - iter 3450/5757 - loss 0.01479666 - samples/sec: 366.37 - lr: 0.012500
2021-03-08 19:08:33,651 epoch 23 - iter 4025/5757 - loss 0.01482747 - samples/sec: 364.82 - lr: 0.012500
2021-03-08 19:09:23,573 epoch 23 - iter 4600/5757 - loss 0.01489972 - samples/sec: 368.71 - lr: 0.012500
2021-03-08 19:10:13,526 epoch 23 - iter 5175/5757 - loss 0.01490395 - samples/sec: 368.47 - lr: 0.012500
2021-03-08 19:11:03,679 epoch 23 - iter 5750/5757 - loss 0.01495377 - samples/sec: 367.01 - lr: 0.012500
2021-03-08 19:11:04,321 ----------------------------------------------------------------------------------------------------
2021-03-08 19:11:04,321 EPOCH 23 done: loss 0.0150 - lr 0.0125000
2021-03-08 19:11:52,027 DEV : loss 24.720348358154297 - score 0.1046
2021-03-08 19:11:52,041 BAD EPOCHS (no improvement): 2
2021-03-08 19:11:52,045 ----------------------------------------------------------------------------------------------------
2021-03-08 19:12:42,110 epoch 24 - iter 575/5757 - loss 0.01477384 - samples/sec: 367.72 - lr: 0.012500
2021-03-08 19:13:32,432 epoch 24 - iter 1150/5757 - loss 0.01476063 - samples/sec: 365.78 - lr: 0.012500
2021-03-08 19:14:22,459 epoch 24 - iter 1725/5757 - loss 0.01464457 - samples/sec: 367.93 - lr: 0.012500
2021-03-08 19:15:12,772 epoch 24 - iter 2300/5757 - loss 0.01458911 - samples/sec: 365.84 - lr: 0.012500
2021-03-08 19:16:02,311 epoch 24 - iter 2875/5757 - loss 0.01472927 - samples/sec: 371.56 - lr: 0.012500
2021-03-08 19:16:52,680 epoch 24 - iter 3450/5757 - loss 0.01472060 - samples/sec: 365.43 - lr: 0.012500
2021-03-08 19:17:42,728 epoch 24 - iter 4025/5757 - loss 0.01477999 - samples/sec: 367.77 - lr: 0.012500
2021-03-08 19:18:32,819 epoch 24 - iter 4600/5757 - loss 0.01487516 - samples/sec: 367.47 - lr: 0.012500
2021-03-08 19:19:22,842 epoch 24 - iter 5175/5757 - loss 0.01485073 - samples/sec: 367.96 - lr: 0.012500
2021-03-08 19:20:14,092 epoch 24 - iter 5750/5757 - loss 0.01488788 - samples/sec: 359.15 - lr: 0.012500
2021-03-08 19:20:14,665 ----------------------------------------------------------------------------------------------------
2021-03-08 19:20:14,665 EPOCH 24 done: loss 0.0149 - lr 0.0125000
2021-03-08 19:21:02,454 DEV : loss 24.63668441772461 - score 0.1046
2021-03-08 19:21:02,467 BAD EPOCHS (no improvement): 3
2021-03-08 19:21:02,476 ----------------------------------------------------------------------------------------------------
2021-03-08 19:21:52,588 epoch 25 - iter 575/5757 - loss 0.01462841 - samples/sec: 367.37 - lr: 0.012500
2021-03-08 19:22:42,380 epoch 25 - iter 1150/5757 - loss 0.01514553 - samples/sec: 369.66 - lr: 0.012500
2021-03-08 19:23:33,098 epoch 25 - iter 1725/5757 - loss 0.01541807 - samples/sec: 362.92 - lr: 0.012500
2021-03-08 19:24:23,290 epoch 25 - iter 2300/5757 - loss 0.01509496 - samples/sec: 366.72 - lr: 0.012500
2021-03-08 19:25:13,553 epoch 25 - iter 2875/5757 - loss 0.01505812 - samples/sec: 366.21 - lr: 0.012500
2021-03-08 19:26:03,920 epoch 25 - iter 3450/5757 - loss 0.01497312 - samples/sec: 365.45 - lr: 0.012500
2021-03-08 19:26:53,914 epoch 25 - iter 4025/5757 - loss 0.01484361 - samples/sec: 368.17 - lr: 0.012500
2021-03-08 19:27:43,473 epoch 25 - iter 4600/5757 - loss 0.01488135 - samples/sec: 371.41 - lr: 0.012500
2021-03-08 19:28:33,655 epoch 25 - iter 5175/5757 - loss 0.01482651 - samples/sec: 366.79 - lr: 0.012500
2021-03-08 19:29:24,211 epoch 25 - iter 5750/5757 - loss 0.01481323 - samples/sec: 364.08 - lr: 0.012500
2021-03-08 19:29:24,782 ----------------------------------------------------------------------------------------------------
2021-03-08 19:29:24,782 EPOCH 25 done: loss 0.0148 - lr 0.0125000
2021-03-08 19:30:12,496 DEV : loss 24.554677963256836 - score 0.1046
2021-03-08 19:30:12,510 BAD EPOCHS (no improvement): 4
2021-03-08 19:30:12,513 ----------------------------------------------------------------------------------------------------
2021-03-08 19:31:02,403 epoch 26 - iter 575/5757 - loss 0.01501086 - samples/sec: 369.02 - lr: 0.006250
2021-03-08 19:31:52,611 epoch 26 - iter 1150/5757 - loss 0.01486303 - samples/sec: 366.60 - lr: 0.006250
2021-03-08 19:32:42,697 epoch 26 - iter 1725/5757 - loss 0.01479489 - samples/sec: 367.50 - lr: 0.006250
2021-03-08 19:33:32,889 epoch 26 - iter 2300/5757 - loss 0.01474005 - samples/sec: 366.72 - lr: 0.006250
2021-03-08 19:34:22,880 epoch 26 - iter 2875/5757 - loss 0.01463912 - samples/sec: 368.20 - lr: 0.006250
2021-03-08 19:35:13,093 epoch 26 - iter 3450/5757 - loss 0.01480931 - samples/sec: 366.56 - lr: 0.006250
2021-03-08 19:36:03,333 epoch 26 - iter 4025/5757 - loss 0.01475850 - samples/sec: 366.37 - lr: 0.006250
2021-03-08 19:36:53,665 epoch 26 - iter 4600/5757 - loss 0.01466139 - samples/sec: 365.70 - lr: 0.006250
2021-03-08 19:37:44,512 epoch 26 - iter 5175/5757 - loss 0.01462325 - samples/sec: 362.00 - lr: 0.006250
2021-03-08 19:38:34,472 epoch 26 - iter 5750/5757 - loss 0.01472444 - samples/sec: 368.43 - lr: 0.006250
2021-03-08 19:38:35,039 ----------------------------------------------------------------------------------------------------
2021-03-08 19:38:35,039 EPOCH 26 done: loss 0.0147 - lr 0.0062500
2021-03-08 19:39:22,835 DEV : loss 24.51816749572754 - score 0.1046
2021-03-08 19:39:22,848 BAD EPOCHS (no improvement): 1
2021-03-08 19:39:22,853 ----------------------------------------------------------------------------------------------------
2021-03-08 19:40:12,652 epoch 27 - iter 575/5757 - loss 0.01469959 - samples/sec: 369.70 - lr: 0.006250
2021-03-08 19:41:02,653 epoch 27 - iter 1150/5757 - loss 0.01487469 - samples/sec: 368.12 - lr: 0.006250
2021-03-08 19:41:52,480 epoch 27 - iter 1725/5757 - loss 0.01482153 - samples/sec: 369.41 - lr: 0.006250
2021-03-08 19:42:43,201 epoch 27 - iter 2300/5757 - loss 0.01458122 - samples/sec: 362.90 - lr: 0.006250
2021-03-08 19:43:33,461 epoch 27 - iter 2875/5757 - loss 0.01453793 - samples/sec: 366.23 - lr: 0.006250
2021-03-08 19:44:23,656 epoch 27 - iter 3450/5757 - loss 0.01456423 - samples/sec: 366.70 - lr: 0.006250
2021-03-08 19:45:14,404 epoch 27 - iter 4025/5757 - loss 0.01459276 - samples/sec: 362.70 - lr: 0.006250
2021-03-08 19:46:04,221 epoch 27 - iter 4600/5757 - loss 0.01464608 - samples/sec: 369.48 - lr: 0.006250
2021-03-08 19:46:54,517 epoch 27 - iter 5175/5757 - loss 0.01468514 - samples/sec: 365.96 - lr: 0.006250
2021-03-08 19:47:44,789 epoch 27 - iter 5750/5757 - loss 0.01469948 - samples/sec: 366.13 - lr: 0.006250
2021-03-08 19:47:45,364 ----------------------------------------------------------------------------------------------------
2021-03-08 19:47:45,364 EPOCH 27 done: loss 0.0147 - lr 0.0062500
2021-03-08 19:48:33,263 DEV : loss 24.481306076049805 - score 0.1046
2021-03-08 19:48:33,276 BAD EPOCHS (no improvement): 2
2021-03-08 19:48:33,282 ----------------------------------------------------------------------------------------------------
2021-03-08 19:49:23,896 epoch 28 - iter 575/5757 - loss 0.01456536 - samples/sec: 363.74 - lr: 0.006250
2021-03-08 19:50:14,582 epoch 28 - iter 1150/5757 - loss 0.01416246 - samples/sec: 363.15 - lr: 0.006250
2021-03-08 19:51:04,383 epoch 28 - iter 1725/5757 - loss 0.01426552 - samples/sec: 369.60 - lr: 0.006250
2021-03-08 19:51:54,976 epoch 28 - iter 2300/5757 - loss 0.01433112 - samples/sec: 363.81 - lr: 0.006250
2021-03-08 19:52:44,989 epoch 28 - iter 2875/5757 - loss 0.01450465 - samples/sec: 368.03 - lr: 0.006250
2021-03-08 19:53:34,848 epoch 28 - iter 3450/5757 - loss 0.01444217 - samples/sec: 369.17 - lr: 0.006250
2021-03-08 19:54:24,895 epoch 28 - iter 4025/5757 - loss 0.01445433 - samples/sec: 367.79 - lr: 0.006250
2021-03-08 19:55:14,783 epoch 28 - iter 4600/5757 - loss 0.01454202 - samples/sec: 368.96 - lr: 0.006250
2021-03-08 19:56:05,056 epoch 28 - iter 5175/5757 - loss 0.01462831 - samples/sec: 366.12 - lr: 0.006250
2021-03-08 19:56:55,334 epoch 28 - iter 5750/5757 - loss 0.01465936 - samples/sec: 366.10 - lr: 0.006250
2021-03-08 19:56:55,928 ----------------------------------------------------------------------------------------------------
2021-03-08 19:56:55,929 EPOCH 28 done: loss 0.0147 - lr 0.0062500
2021-03-08 19:57:43,818 DEV : loss 24.436174392700195 - score 0.1046
2021-03-08 19:57:43,831 BAD EPOCHS (no improvement): 3
2021-03-08 19:57:43,837 ----------------------------------------------------------------------------------------------------
2021-03-08 19:58:33,899 epoch 29 - iter 575/5757 - loss 0.01506789 - samples/sec: 367.75 - lr: 0.006250
2021-03-08 19:59:23,840 epoch 29 - iter 1150/5757 - loss 0.01503446 - samples/sec: 368.56 - lr: 0.006250
2021-03-08 20:00:14,777 epoch 29 - iter 1725/5757 - loss 0.01468857 - samples/sec: 361.36 - lr: 0.006250
2021-03-08 20:01:04,727 epoch 29 - iter 2300/5757 - loss 0.01474124 - samples/sec: 368.50 - lr: 0.006250
2021-03-08 20:01:55,373 epoch 29 - iter 2875/5757 - loss 0.01477710 - samples/sec: 363.43 - lr: 0.006250
2021-03-08 20:02:45,575 epoch 29 - iter 3450/5757 - loss 0.01467787 - samples/sec: 366.65 - lr: 0.006250
2021-03-08 20:03:35,281 epoch 29 - iter 4025/5757 - loss 0.01466614 - samples/sec: 370.31 - lr: 0.006250
2021-03-08 20:04:25,559 epoch 29 - iter 4600/5757 - loss 0.01458380 - samples/sec: 366.09 - lr: 0.006250
2021-03-08 20:05:15,592 epoch 29 - iter 5175/5757 - loss 0.01461269 - samples/sec: 367.89 - lr: 0.006250
2021-03-08 20:06:06,160 epoch 29 - iter 5750/5757 - loss 0.01461985 - samples/sec: 364.00 - lr: 0.006250
2021-03-08 20:06:06,758 ----------------------------------------------------------------------------------------------------
2021-03-08 20:06:06,758 EPOCH 29 done: loss 0.0146 - lr 0.0062500
2021-03-08 20:06:54,445 DEV : loss 24.387903213500977 - score 0.1046
2021-03-08 20:06:54,458 BAD EPOCHS (no improvement): 4
2021-03-08 20:06:54,463 ----------------------------------------------------------------------------------------------------
2021-03-08 20:07:44,065 epoch 30 - iter 575/5757 - loss 0.01425172 - samples/sec: 371.17 - lr: 0.003125
2021-03-08 20:08:34,391 epoch 30 - iter 1150/5757 - loss 0.01441482 - samples/sec: 365.74 - lr: 0.003125
2021-03-08 20:09:24,610 epoch 30 - iter 1725/5757 - loss 0.01451091 - samples/sec: 366.53 - lr: 0.003125
2021-03-08 20:10:14,795 epoch 30 - iter 2300/5757 - loss 0.01442655 - samples/sec: 366.77 - lr: 0.003125
2021-03-08 20:11:04,800 epoch 30 - iter 2875/5757 - loss 0.01460171 - samples/sec: 368.10 - lr: 0.003125
2021-03-08 20:11:54,726 epoch 30 - iter 3450/5757 - loss 0.01464387 - samples/sec: 368.67 - lr: 0.003125
2021-03-08 20:12:45,080 epoch 30 - iter 4025/5757 - loss 0.01463914 - samples/sec: 365.55 - lr: 0.003125
2021-03-08 20:13:35,492 epoch 30 - iter 4600/5757 - loss 0.01470040 - samples/sec: 365.12 - lr: 0.003125
2021-03-08 20:14:26,030 epoch 30 - iter 5175/5757 - loss 0.01458864 - samples/sec: 364.21 - lr: 0.003125
2021-03-08 20:15:16,339 epoch 30 - iter 5750/5757 - loss 0.01458998 - samples/sec: 365.87 - lr: 0.003125
2021-03-08 20:15:16,968 ----------------------------------------------------------------------------------------------------
2021-03-08 20:15:16,969 EPOCH 30 done: loss 0.0146 - lr 0.0031250
2021-03-08 20:16:04,747 DEV : loss 24.365724563598633 - score 0.1046
2021-03-08 20:16:04,760 BAD EPOCHS (no improvement): 1
2021-03-08 20:16:04,949 ----------------------------------------------------------------------------------------------------
2021-03-08 20:16:04,949 Testing using best model ...
2021-03-08 20:16:04,950 loading file resources/taggers/1_h64/best-model.pt
2021-03-08 20:16:47,023 	0.1050376298986817
2021-03-08 20:16:47,024 
Results:
- F1-score : 0.1050447859463387
- Precision-score : 0.1050681381957975
- Recall-score : 0.1050376298986817
2021-03-08 20:16:47,024 ----------------------------------------------------------------------------------------------------
